[2023-03-21 08:02:36,507]INFO|Classification|################################################### Language: en, Text-type: TOPIC, Labeled data: files\04_classify\Experiment2\labeled_texts_en_TOPIC.feather ####################################################
[2023-03-21 12:26:19,658]INFO|Classification|[Hyperband]Best Model with Accuracy: 0.0 and Configuration:{'lr': 0.007529773432695909, 'batch_size': 2, 'epoch': 5, 'lang': 'en', 'col': 'TOPIC', 'n_class': 7, 'data_dir': 'files\\04_classify\\Experiment2\\labeled_texts_en_TOPIC.feather', 'num_workers': 1} reached. Checkpoint: Checkpoint(local_path=D:\University\HDM\Master\Repository\ml-classification-repo\models\classification\pytorch_tuning_en\hyperband_en\_train_model_5c548_00000_0_batch_size=2,epoch=5,lr=0.0075_2023-03-21_08-02-36\checkpoint_000002)
[2023-03-21 12:26:19,660]INFO|Classification|Current best model will be validated and saved (if better than existing model).
[2023-03-21 12:26:19,687]INFO|Classification|[Model trained_model_en_TOPIC_0.pth] Best Model with Accuracy:0.0 and Configuration: batch_size = 2, lr = 0.007529773432695909, epoch = 5.
[2023-03-21 12:27:13,718]INFO|Classification|[Model trained_model_en_TOPIC_0.pth]Accuracy on validation set:0.22297789652659702. Saved to d:/University/HDM/Master/Repository/ml-classification-repo/models\classification\trained_model_en_TOPIC_0.pth
[2023-03-21 12:28:05,166]INFO|Classification|################################################### Language: en, Text-type: TOPIC, Labeled data: files\04_classify\Experiment2\labeled_texts_en_TOPIC.feather ####################################################
[2023-03-21 16:51:25,286]INFO|Classification|[Hyperband]Best Model with Accuracy: 0.0 and Configuration:{'lr': 0.000938076318546515, 'batch_size': 2, 'epoch': 10} reached. Checkpoint: Checkpoint(local_path=D:\University\HDM\Master\Repository\ml-classification-repo\models\classification\pytorch_tuning_en\hyperband_en\_train_model_72982_00000_0_batch_size=2,epoch=10,lr=0.0009_2023-03-21_12-28-05\checkpoint_000002)
[2023-03-21 16:51:25,287]INFO|Classification|Current best model will be validated and saved (if better than existing model).
[2023-03-21 16:51:25,325]INFO|Classification|[Model trained_model_en_TOPIC_1.pth] Best Model with Accuracy:0.0 and Configuration: batch_size = 2, lr = 0.000938076318546515, epoch = 10.
[2023-03-22 09:23:14,561]INFO|Classification|################################################### Language: en, Text-type: TOPIC, Labeled data: files\04_classify\Experiment2\labeled_texts_en_TOPIC.feather ####################################################
[2023-03-22 22:34:22,530]INFO|Classification|[BOHB]Best Model with Accuracy: 0.0 and Configuration:{'lr': 0.012477255713731159, 'batch_size': 2, 'epoch': 7} reached. Checkpoint: Checkpoint(local_path=D:\University\HDM\Master\Repository\ml-classification-repo\models\classification\pytorch_tuning_en\bohb_search_en\_train_model_49e2028a_1_batch_size=2,epoch=7,lr=0.0125_2023-03-22_09-23-15\checkpoint_000002)
[2023-03-22 22:34:22,625]INFO|Classification|[Model trained_model_en_TOPIC_2.pth] Best Model with Accuracy:0.0, HPO BOHB and Configuration: batch_size = 2, lr = 0.012477255713731159, epoch = 7.
[2023-03-22 22:36:00,112]INFO|Classification|[Model trained_model_en_TOPIC_2.pth]Accuracy on validation set:0.10128734515423853. Saved to d:/University/HDM/Master/Repository/ml-classification-repo/models\classification\trained_model_en_TOPIC_2.pth
[2023-03-27 10:06:27,112]INFO|Classification|################################################### Language: en, Text-type: TOPIC, Labeled data: files\04_classify\Experiment2\labeled_texts_en_TOPIC.feather ####################################################
[2023-03-27 16:39:21,596]INFO|Classification|[Hyperband]Best Model with Accuracy: 0.0 and Configuration:{'lr': 0.023215269864668524, 'batch_size': 2, 'epoch': 5} reached. Checkpoint: Checkpoint(local_path=D:\University\HDM\Master\Repository\ml-classification-repo\models\classification\pytorch_tuning_en\hyperband_en\_train_model_460ee_00000_0_batch_size=2,epoch=5,lr=0.0232_2023-03-27_10-06-27\checkpoint_000000)
[2023-03-27 16:39:21,917]INFO|Classification|[Model trained_model_en_TOPIC_3.pth] Best Model with Accuracy:0.0, HPO Hyperband and Configuration: batch_size = 2, lr = 0.023215269864668524, epoch = 5.
[2023-03-27 16:41:48,749]INFO|Classification|[Model trained_model_en_TOPIC_3.pth]Accuracy on validation set:0.07529754675734758. Saved to d:/University/HDM/Master/Repository/ml-classification-repo/models\classification\trained_model_en_TOPIC_3.pth
[2023-03-27 16:41:59,498]INFO|Classification|################################################### Language: en, Text-type: TOPIC, Labeled data: files\04_classify\Experiment2\labeled_texts_en_TOPIC.feather ####################################################
[2023-03-27 23:16:01,639]INFO|Classification|[BOHB]Best Model with Accuracy: 1.0 and Configuration:{'lr': 0.03267274485097356, 'batch_size': 2, 'epoch': 5} reached. Checkpoint: Checkpoint(local_path=D:\University\HDM\Master\Repository\ml-classification-repo\models\classification\pytorch_tuning_en\bohb_search_en\_train_model_0ab5f6be_3_batch_size=2,epoch=5,lr=0.0327_2023-03-27_19-59-14\checkpoint_000000)
[2023-03-27 23:16:01,684]INFO|Classification|[Model trained_model_en_TOPIC_4.pth] Best Model with Accuracy:1.0, HPO BOHB and Configuration: batch_size = 2, lr = 0.03267274485097356, epoch = 5.
[2023-03-27 23:18:13,060]INFO|Classification|[Model trained_model_en_TOPIC_4.pth]Accuracy on validation set:0.07481175613310663. Saved to d:/University/HDM/Master/Repository/ml-classification-repo/models\classification\trained_model_en_TOPIC_4.pth
[2023-03-27 23:42:22,288]INFO|Classification|################################################### Language: en, Text-type: TOPIC, Labeled data: files\04_classify\Experiment2\labeled_texts_en_TOPIC.feather ####################################################
[2023-03-28 03:50:17,782]INFO|Classification|[Hyperband]Best Model with Accuracy: 0.0 and Configuration:{'lr': 0.015466009046391333, 'batch_size': 2, 'epoch': 7} reached. Checkpoint: Checkpoint(local_path=D:\University\HDM\Master\Repository\ml-classification-repo\models\classification\pytorch_tuning_en\hyperband_en\_train_model_41bbd_00000_0_batch_size=2,epoch=7,lr=0.0155_2023-03-27_23-42-22\checkpoint_000000)
[2023-03-28 03:50:17,904]INFO|Classification|[Model trained_model_en_TOPIC_5.pth] Best Model with Accuracy:0.0, HPO Hyperband and Configuration: batch_size = 2, lr = 0.015466009046391333, epoch = 7.
[2023-03-28 03:51:12,404]INFO|Classification|[Model trained_model_en_TOPIC_5.pth]Accuracy on validation set:0.07481175613310663. Saved to d:/University/HDM/Master/Repository/ml-classification-repo/models\classification\trained_model_en_TOPIC_5.pth
[2023-03-28 03:51:20,092]INFO|Classification|################################################### Language: en, Text-type: TOPIC, Labeled data: files\04_classify\Experiment2\labeled_texts_en_TOPIC.feather ####################################################
[2023-03-28 07:59:05,896]INFO|Classification|[BOHB]Best Model with Accuracy: 1.0 and Configuration:{'lr': 0.0002115025375908347, 'batch_size': 2, 'epoch': 7} reached. Checkpoint: Checkpoint(local_path=D:\University\HDM\Master\Repository\ml-classification-repo\models\classification\pytorch_tuning_en\bohb_search_en\_train_model_879c7a8d_2_batch_size=2,epoch=7,lr=0.0002_2023-03-28_05-14-10\checkpoint_000000)
[2023-03-28 07:59:05,918]INFO|Classification|[Model trained_model_en_TOPIC_6.pth] Best Model with Accuracy:1.0, HPO BOHB and Configuration: batch_size = 2, lr = 0.0002115025375908347, epoch = 7.
[2023-03-28 07:59:56,963]INFO|Classification|[Model trained_model_en_TOPIC_6.pth]Accuracy on validation set:0.30191887296575176. Saved to d:/University/HDM/Master/Repository/ml-classification-repo/models\classification\trained_model_en_TOPIC_6.pth
[2023-03-28 09:25:32,290]INFO|Classification|################################################### Language: en, Text-type: TOPIC, Labeled data: files\04_classify\Experiment2\labeled_texts_en_TOPIC.feather ####################################################
[2023-03-28 15:57:52,878]INFO|Classification|[Hyperband]Best Model with Accuracy: 0.0 and Configuration:{'lr': 0.00019886294066024542, 'batch_size': 2, 'epoch': 7} reached. Checkpoint: Checkpoint(local_path=D:\University\HDM\Master\Repository\ml-classification-repo\models\classification\pytorch_tuning_en\hyperband_en\_train_model_b9473_00000_0_batch_size=2,epoch=7,lr=0.0002_2023-03-28_09-25-32\checkpoint_000000)
[2023-03-28 15:57:53,453]INFO|Classification|[Model trained_model_en_TOPIC_7.pth] Best Model with Accuracy:0.0, HPO Hyperband and Configuration: batch_size = 2, lr = 0.00019886294066024542, epoch = 7.
[2023-03-28 16:01:02,521]INFO|Classification|[Model trained_model_en_TOPIC_7.pth]Accuracy on validation set:0.20038863249939276. Saved to d:/University/HDM/Master/Repository/ml-classification-repo/models\classification\trained_model_en_TOPIC_7.pth
[2023-03-28 17:42:33,447]INFO|Classification|################################################### Language: en, Text-type: TOPIC, Labeled data: files\04_classify\Experiment2\labeled_texts_en_TOPIC.feather ####################################################
[2023-03-28 21:50:49,228]INFO|Classification|[BOHB]Best Model with Accuracy: 0.0 and Configuration:{'lr': 0.009807902257713729, 'batch_size': 2, 'epoch': 5} reached. Checkpoint: Checkpoint(local_path=D:\University\HDM\Master\Repository\ml-classification-repo\models\classification\pytorch_tuning_en\bohb_search_en\_train_model_43746875_1_batch_size=2,epoch=5,lr=0.0098_2023-03-28_17-42-33\checkpoint_000000)
[2023-03-28 21:50:49,249]INFO|Classification|[Model trained_model_en_TOPIC_8.pth] Best Model with Accuracy:0.0, HPO BOHB and Configuration: batch_size = 2, lr = 0.009807902257713729, epoch = 5.
[2023-03-28 21:51:43,584]INFO|Classification|[Model trained_model_en_TOPIC_8.pth]Accuracy on validation set:0.07529754675734758. Saved to d:/University/HDM/Master/Repository/ml-classification-repo/models\classification\trained_model_en_TOPIC_8.pth
[2023-03-28 21:54:04,608]INFO|Classification|################################################### Language: en, Text-type: TOPIC, Labeled data: files\04_classify\Experiment2\labeled_texts_en_TOPIC.feather ####################################################
[2023-03-28 23:15:27,535]INFO|Classification|[HPO]RuntimeError CUDA out of Memomry occurred:No best trial found for the given metric: accuracy. This means that no trial has reported this metric, or all values reported for this metric are NaN. To not ignore NaN values, you can set the `filter_nan_and_inf` arg to False.
[2023-03-28 23:15:35,437]INFO|Classification|################################################### Language: en, Text-type: TOPIC, Labeled data: files\04_classify\Experiment2\labeled_texts_en_TOPIC.feather ####################################################
[2023-03-28 23:15:55,603]INFO|Classification|[HPO]RuntimeError CUDA out of Memomry occurred:No best trial found for the given metric: accuracy. This means that no trial has reported this metric, or all values reported for this metric are NaN. To not ignore NaN values, you can set the `filter_nan_and_inf` arg to False.
[2023-03-28 23:16:54,740]INFO|Classification|################################################### Language: en, Text-type: TOPIC, Labeled data: files\04_classify\Experiment2\labeled_texts_en_TOPIC.feather ####################################################
[2023-03-29 06:19:23,169]INFO|Classification|[Hyperband]Best Model with Accuracy: 0.0 and Configuration:{'lr': 0.0009550178999104897, 'batch_size': 2, 'epoch': 5} reached. Checkpoint: Checkpoint(local_path=D:\University\HDM\Master\Repository\ml-classification-repo\models\classification\pytorch_tuning_en\hyperband_en\_train_model_dd887_00000_0_batch_size=2,epoch=5,lr=0.0010_2023-03-28_23-16-54\checkpoint_000004)
[2023-03-29 06:19:23,219]INFO|Classification|[Model trained_model_en_TOPIC_9.pth] Best Model with Accuracy:0.0, HPO Hyperband and Configuration: batch_size = 2, lr = 0.0009550178999104897, epoch = 5.
[2023-03-29 06:21:40,921]INFO|Classification|[Model trained_model_en_TOPIC_9.pth]Accuracy on validation set:0.30191887296575176. Saved to d:/University/HDM/Master/Repository/ml-classification-repo/models\classification\trained_model_en_TOPIC_9.pth
[2023-03-29 06:21:58,139]INFO|Classification|################################################### Language: en, Text-type: TOPIC, Labeled data: files\04_classify\Experiment2\labeled_texts_en_TOPIC.feather ####################################################
[2023-03-29 10:43:59,151]INFO|Classification|[BOHB]Best Model with Accuracy: 0.0 and Configuration:{'lr': 0.05954986260015847, 'batch_size': 2, 'epoch': 3} reached. Checkpoint: Checkpoint(local_path=D:\University\HDM\Master\Repository\ml-classification-repo\models\classification\pytorch_tuning_en\bohb_search_en\_train_model_c4e6069b_1_batch_size=2,epoch=3,lr=0.0595_2023-03-29_06-21-58\checkpoint_000002)
[2023-03-29 10:43:59,171]INFO|Classification|[Model trained_model_en_TOPIC_10.pth] Best Model with Accuracy:0.0, HPO BOHB and Configuration: batch_size = 2, lr = 0.05954986260015847, epoch = 3.
[2023-03-29 10:46:07,842]INFO|Classification|[Model trained_model_en_TOPIC_10.pth]Accuracy on validation set:0.20038863249939276. Saved to d:/University/HDM/Master/Repository/ml-classification-repo/models\classification\trained_model_en_TOPIC_10.pth
Best trained model: ml-classification-repo\models\classification\Experiment2\pytorch_tuning_en\bohb_search_en\_train_model_879c7a8d_2_batch_size=2,epoch=7,lr=0.0002_2023-03-28_05-14-10\checkpoint_000000