[2023-03-19 19:54:47,849]INFO|Classification|################################################### Language: de, Text-type: TOPIC, Labeled data: files\04_classify\Experiment2\labeled_texts_de_TOPIC.feather ####################################################
[2023-03-20 08:10:36,185]INFO|Classification|[HPO]Error occurred:The Ray Tune run failed. Please inspect the previous error messages for a cause. After fixing the issue, you can restart the run from scratch or continue this run. To continue this run, you can use `tuner = Tuner.restore("d:\University\HDM\Master\Repository\ml-classification-repo\models\classification\pytorch_tuning_de\hyperband_de")`.
[2023-03-20 08:23:23,042]INFO|Classification|################################################### Language: de, Text-type: TOPIC, Labeled data: files\04_classify\Experiment2\labeled_texts_de_TOPIC.feather ####################################################
[2023-03-20 08:32:07,112]INFO|Classification|[HPO]RuntimeError occurred:No best trial found for the given metric: accuracy. This means that no trial has reported this metric, or all values reported for this metric are NaN. To not ignore NaN values, you can set the `filter_nan_and_inf` arg to False.
[2023-03-20 09:08:16,699]INFO|Classification|################################################### Language: de, Text-type: TOPIC, Labeled data: files\04_classify\Experiment2\labeled_texts_de_TOPIC.feather ####################################################
[2023-03-20 11:22:11,471]INFO|Classification|[Hyperband]Best Model with Accuracy: 0.25 and Configuration:{'lr': 0.0004556109429627943, 'batch_size': 6, 'epoch': 3, 'lang': 'de', 'col': 'TOPIC', 'n_class': 7, 'data_dir': 'files\\04_classify\\Experiment2\\labeled_texts_de_TOPIC.feather', 'num_workers': 1} reached. Checkpoint: Checkpoint(local_path=D:\University\HDM\Master\Repository\ml-classification-repo\models\classification\pytorch_tuning_de\hyperband_de\_train_model_5e75a_00000_0_batch_size=6,epoch=3,lr=0.0005_2023-03-20_09-08-16\checkpoint_000002)
[2023-03-20 11:22:11,472]INFO|Classification|Current best model will be validated and saved (if better than existing model).
[2023-03-20 11:22:11,495]INFO|Classification|[Model trained_model_de_TOPIC_0.pth] Best Model with Accuracy:0.25 and Configuration: batch_size = 6, lr = 0.0004556109429627943, epoch = 3.
[2023-03-20 11:22:54,521]INFO|Classification|[Model trained_model_de_TOPIC_0.pth]Accuracy on validation set:0.09593169261677549. Saved to d:/University/HDM/Master/Repository/ml-classification-repo/models\classification\trained_model_de_TOPIC_0.pth
[2023-03-20 22:58:03,734]INFO|Classification|################################################### Language: de, Text-type: TOPIC, Labeled data: files\04_classify\Experiment2\labeled_texts_de_TOPIC.feather ####################################################
[2023-03-21 05:48:06,943]INFO|Classification|[Hyperband]Best Model with Accuracy: 0.1 and Configuration:{'lr': 0.0009692446283800465, 'batch_size': 12, 'epoch': 3, 'lang': 'de', 'col': 'TOPIC', 'n_class': 7, 'data_dir': 'files\\04_classify\\Experiment2\\labeled_texts_de_TOPIC.feather', 'num_workers': 1} reached. Checkpoint: Checkpoint(local_path=D:\University\HDM\Master\Repository\ml-classification-repo\models\classification\pytorch_tuning_de\hyperband_de\_train_model_49d6e_00000_0_batch_size=12,epoch=3,lr=0.0010_2023-03-20_22-58-03\checkpoint_000000)
[2023-03-21 05:48:06,945]INFO|Classification|Current best model will be validated and saved (if better than existing model).
[2023-03-21 05:48:07,222]INFO|Classification|[Model trained_model_de_TOPIC_1.pth] Best Model with Accuracy:0.1 and Configuration: batch_size = 12, lr = 0.0009692446283800465, epoch = 3.
[2023-03-21 05:48:48,388]INFO|Classification|[Model trained_model_de_TOPIC_1.pth]Accuracy on validation set:0.3820525698978738. Saved to d:/University/HDM/Master/Repository/ml-classification-repo/models\classification\trained_model_de_TOPIC_1.pth
[2023-03-21 17:09:46,404]INFO|Classification|################################################### Language: de, Text-type: TOPIC, Labeled data: files\04_classify\Experiment2\labeled_texts_de_TOPIC.feather ####################################################
[2023-03-22 07:38:36,087]INFO|Classification|[BOHB]Best Model with Accuracy: 0.5 and Configuration:{'lr': 0.020987913884786068, 'batch_size': 2, 'epoch': 3} reached. Checkpoint: Checkpoint(local_path=D:\University\HDM\Master\Repository\ml-classification-repo\models\classification\pytorch_tuning_de\bohb_search_de\_train_model_c764b777_3_batch_size=2,epoch=3,lr=0.0210_2023-03-22_01-14-42\checkpoint_000002)
[2023-03-22 07:38:36,089]INFO|Classification|Current best model will be validated and saved (if better than existing model).
[2023-03-22 07:38:36,406]INFO|Classification|[Model trained_model_de_TOPIC_2.pth] Best Model with Accuracy:0.5 and Configuration: batch_size = 2, lr = 0.020987913884786068, epoch = 3.
[2023-03-22 09:10:44,295]INFO|Classification|[Model trained_model_de_TOPIC_2.pth]Accuracy on validation set:0.09593169261677549. Saved to d:\University\HDM\Master\Repository\ml-classification-repo\models\classification\trained_model_de_TOPIC_2.pth
[2023-03-22 22:51:41,990]INFO|Classification|################################################### Language: de, Text-type: URL_TEXT, Labeled data: files\04_classify\Experiment2\labeled_texts_de_TOPIC.feather ####################################################
[2023-03-22 22:55:04,267]INFO|Classification|[HPO]Error occurred:'NoneType' object has no attribute '_local_path'
[2023-03-22 23:02:00,078]INFO|Classification|################################################### Language: de, Text-type: URL_TEXT, Labeled data: files\04_classify\Experiment2\labeled_texts_de_TOPIC.feather ####################################################
[2023-03-22 23:05:15,508]INFO|Classification|[HPO]Error occurred:'NoneType' object has no attribute '_local_path'
[2023-03-22 23:18:19,840]INFO|Classification|################################################### Language: de, Text-type: URL_TEXT, Labeled data: files\04_classify\Experiment2\labeled_texts_de_TOPIC.feather ####################################################
[2023-03-22 23:21:42,000]INFO|Classification|[HPO]Error occurred:'NoneType' object has no attribute '_local_path'
[2023-03-27 07:43:30,668]INFO|Classification|################################################### Language: de, Text-type: TOPIC, Labeled data: files\04_classify\Experiment2\labeled_texts_de_TOPIC.feather ####################################################
[2023-03-27 08:48:36,629]INFO|Classification|[Hyperband]Best Model with Accuracy: 0.8571428571428571 and Configuration:{'lr': 0.0002137518870107895, 'batch_size': 13, 'epoch': 3} reached. Checkpoint: Checkpoint(local_path=D:\University\HDM\Master\Repository\ml-classification-repo\models\classification\pytorch_tuning_de\hyperband_de\_train_model_4e1a7_00002_2_batch_size=13,epoch=3,lr=0.0002_2023-03-27_08-23-47\checkpoint_000000)
[2023-03-27 08:48:36,666]INFO|Classification|[Model trained_model_de_TOPIC_3.pth] Best Model with Accuracy:0.8571428571428571, HPO Hyperband and Configuration: batch_size = 13, lr = 0.0002137518870107895, epoch = 3.
[2023-03-27 08:49:15,222]INFO|Classification|[Model trained_model_de_TOPIC_3.pth]Accuracy on validation set:0.8571906914448351. Saved to d:/University/HDM/Master/Repository/ml-classification-repo/models\classification\trained_model_de_TOPIC_3.pth
[2023-03-27 08:49:23,590]INFO|Classification|################################################### Language: de, Text-type: TOPIC, Labeled data: files\04_classify\Experiment2\labeled_texts_de_TOPIC.feather ####################################################
[2023-03-27 09:16:32,920]INFO|Classification|[BOHB]Best Model with Accuracy: 0.2857142857142857 and Configuration:{'lr': 0.0005996145889017884, 'batch_size': 13, 'epoch': 5} reached. Checkpoint: Checkpoint(local_path=D:\University\HDM\Master\Repository\ml-classification-repo\models\classification\pytorch_tuning_de\bohb_search_de\_train_model_84d7d67e_1_batch_size=13,epoch=5,lr=0.0006_2023-03-27_08-49-24\checkpoint_000000)
[2023-03-27 09:16:32,943]INFO|Classification|[Model trained_model_de_TOPIC_4.pth] Best Model with Accuracy:0.2857142857142857, HPO BOHB and Configuration: batch_size = 13, lr = 0.0005996145889017884, epoch = 5.
[2023-03-27 09:17:06,683]INFO|Classification|[Model trained_model_de_TOPIC_4.pth]Accuracy on validation set:0.13025280428595346. Saved to d:/University/HDM/Master/Repository/ml-classification-repo/models\classification\trained_model_de_TOPIC_4.pth
[2023-03-27 09:24:27,069]INFO|Classification|################################################### Language: de, Text-type: TOPIC, Labeled data: files\04_classify\Experiment2\labeled_texts_de_TOPIC.feather ####################################################
[2023-03-27 09:49:12,635]INFO|Classification|[HPO]RuntimeError CUDA out of Memomry occurred:No best trial found for the given metric: accuracy. This means that no trial has reported this metric, or all values reported for this metric are NaN. To not ignore NaN values, you can set the `filter_nan_and_inf` arg to False.
[2023-03-27 09:49:19,301]INFO|Classification|################################################### Language: de, Text-type: TOPIC, Labeled data: files\04_classify\Experiment2\labeled_texts_de_TOPIC.feather ####################################################
[2023-03-27 10:03:52,607]INFO|Classification|[HPO]RuntimeError CUDA out of Memomry occurred:No best trial found for the given metric: accuracy. This means that no trial has reported this metric, or all values reported for this metric are NaN. To not ignore NaN values, you can set the `filter_nan_and_inf` arg to False.
[2023-03-28 08:02:53,802]INFO|Classification|################################################### Language: de, Text-type: TOPIC, Labeled data: files\04_classify\Experiment2\labeled_texts_de_TOPIC.feather ####################################################
[2023-03-28 08:46:02,008]INFO|Classification|[Hyperband]Best Model with Accuracy: 0.25 and Configuration:{'lr': 0.00042739695112249936, 'batch_size': 15, 'epoch': 3} reached. Checkpoint: Checkpoint(local_path=D:\University\HDM\Master\Repository\ml-classification-repo\models\classification\pytorch_tuning_de\hyperband_de\_train_model_2de0d_00001_1_batch_size=15,epoch=3,lr=0.0004_2023-03-28_08-05-39\checkpoint_000000)
[2023-03-28 08:46:02,028]INFO|Classification|[Model trained_model_de_TOPIC_5.pth] Best Model with Accuracy:0.25, HPO Hyperband and Configuration: batch_size = 15, lr = 0.00042739695112249936, epoch = 3.
[2023-03-28 08:46:37,212]INFO|Classification|[Model trained_model_de_TOPIC_5.pth]Accuracy on validation set:0.13025280428595346. Saved to d:/University/HDM/Master/Repository/ml-classification-repo/models\classification\trained_model_de_TOPIC_5.pth
[2023-03-28 08:53:25,507]INFO|Classification|################################################### Language: de, Text-type: TOPIC, Labeled data: files\04_classify\Experiment2\labeled_texts_de_TOPIC.feather ####################################################
[2023-03-28 09:24:04,591]INFO|Classification|[HPO]RuntimeError CUDA out of Memomry occurred:No best trial found for the given metric: accuracy. This means that no trial has reported this metric, or all values reported for this metric are NaN. To not ignore NaN values, you can set the `filter_nan_and_inf` arg to False.
[2023-03-28 16:04:49,912]INFO|Classification|################################################### Language: de, Text-type: TOPIC, Labeled data: files\04_classify\Experiment2\labeled_texts_de_TOPIC.feather ####################################################
[2023-03-28 16:54:21,081]INFO|Classification|[BOHB]Best Model with Accuracy: 0.0 and Configuration:{'lr': 0.0002679520910204734, 'batch_size': 13, 'epoch': 5} reached. Checkpoint: Checkpoint(local_path=D:\University\HDM\Master\Repository\ml-classification-repo\models\classification\pytorch_tuning_de\bohb_search_de\_train_model_ea8bda9e_3_batch_size=13,epoch=5,lr=0.0003_2023-03-28_16-15-19\checkpoint_000000)
[2023-03-28 16:54:21,103]INFO|Classification|[Model trained_model_de_TOPIC_6.pth] Best Model with Accuracy:0.0, HPO BOHB and Configuration: batch_size = 13, lr = 0.0002679520910204734, epoch = 5.
[2023-03-28 16:55:45,676]INFO|Classification|[Model trained_model_de_TOPIC_6.pth]Accuracy on validation set:0.045705675539929685. Saved to d:/University/HDM/Master/Repository/ml-classification-repo/models\classification\trained_model_de_TOPIC_6.pth
[2023-03-28 17:03:22,333]INFO|Classification|################################################### Language: de, Text-type: TOPIC, Labeled data: files\04_classify\Experiment2\labeled_texts_de_TOPIC.feather ####################################################
[2023-03-28 17:28:19,244]INFO|Classification|[Hyperband]Best Model with Accuracy: 0.0 and Configuration:{'lr': 0.005706991996854159, 'batch_size': 15, 'epoch': 10} reached. Checkpoint: Checkpoint(local_path=D:\University\HDM\Master\Repository\ml-classification-repo\models\classification\pytorch_tuning_de\hyperband_de\_train_model_aed4c_00001_1_batch_size=15,epoch=10,lr=0.0057_2023-03-28_17-06-47\checkpoint_000000)
[2023-03-28 17:28:19,265]INFO|Classification|[Model trained_model_de_TOPIC_7.pth] Best Model with Accuracy:0.0, HPO Hyperband and Configuration: batch_size = 15, lr = 0.005706991996854159, epoch = 10.
[2023-03-28 17:28:54,306]INFO|Classification|[Model trained_model_de_TOPIC_7.pth]Accuracy on validation set:0.12506278252134606. Saved to d:/University/HDM/Master/Repository/ml-classification-repo/models\classification\trained_model_de_TOPIC_7.pth
[2023-03-29 10:51:28,465]INFO|Classification|################################################### Language: de, Text-type: TOPIC, Labeled data: files\04_classify\Experiment2\labeled_texts_de_TOPIC.feather ####################################################
[2023-03-29 12:03:37,926]INFO|Classification|[BOHB]Best Model with Accuracy: 0.0 and Configuration:{'lr': 0.010286510339394775, 'batch_size': 13, 'epoch': 5} reached. Checkpoint: Checkpoint(local_path=D:\University\HDM\Master\Repository\ml-classification-repo\models\classification\pytorch_tuning_de\bohb_search_de\_train_model_d095ed12_1_batch_size=13,epoch=5,lr=0.0103_2023-03-29_10-51-28\checkpoint_000001)
[2023-03-29 12:03:37,946]INFO|Classification|[Model trained_model_de_TOPIC_8.pth] Best Model with Accuracy:0.0, HPO BOHB and Configuration: batch_size = 13, lr = 0.010286510339394775, epoch = 5.
[2023-03-29 12:05:11,449]INFO|Classification|[Model trained_model_de_TOPIC_8.pth]Accuracy on validation set:0.12506278252134606. Saved to d:/University/HDM/Master/Repository/ml-classification-repo/models\classification\trained_model_de_TOPIC_8.pth
