[2023-03-02 15:55:52,707]INFO|Labeler|Automated Labeling started with Language en, Text-Column: TOPIC and data file files\02_clean\topiced_texts_en.feather (source) created. Target file is files\04_classify\labeled_texts_en_TOPIC.feather
[2023-03-02 15:55:52,708]INFO|Labeler|Application of Labeling Functions: [LabelingFunction cluster_0, Preprocessors: [], LabelingFunction cluster_3, Preprocessors: [], LabelingFunction cluster_2, Preprocessors: [], LabelingFunction cluster_1, Preprocessors: [], LabelingFunction cluster_6, Preprocessors: [], LabelingFunction cluster_4, Preprocessors: [], LabelingFunction cluster_5, Preprocessors: [], LabelingFunction keyword_0, Preprocessors: [], LabelingFunction keyword_3, Preprocessors: [], LabelingFunction keyword_2, Preprocessors: [], LabelingFunction keyword_1, Preprocessors: [], LabelingFunction keyword_6, Preprocessors: [], LabelingFunction keyword_4, Preprocessors: [], LabelingFunction keyword_5, Preprocessors: []]
[2023-03-02 15:55:52,711]INFO|Labeler|Training of 2-Fold Cross-Validation with Trainingsplit 1 started.
[2023-03-02 16:01:57,955]INFO|Labeler|Training set coverage of 2-Fold Cross Validation with Trainingset 1:  100.0%
[2023-03-02 16:01:57,972]INFO|Labeler|Validate metrics of 2-fold Cross Validation with Trainingset 1
[2023-03-02 16:01:57,977]INFO|Labeler|Training and Evaluation of best Model with 2-fold Cross Validation with Trainingset 1
[2023-03-02 16:05:11,185]INFO|Labeler|2-Fold Cross-Validation with Trainingsplit 1 were trained.
[2023-03-02 16:05:11,188]INFO|Labeler|Current best training: {'Type': 'GridSearch', 'n_epochs': 30, 'log_freq': 30, 'l2': 0.1, 'lr': 1e-05, 'optimizer': 'sgd', 'accuracy': 0.38105263157894737, 'PrecisionMicro': 0.38105263157894737, 'PrecisionMacro': 0.2803653868378563, 'F1Micro': 0.38105263157894737, 'F1Macro': 0.2759677293481955, 'MCC': 0.26094696734723205, 'Coverage': 1.0, 'k-fold': 2, 'trainingset': 1, 'model': 'd:/University/HDM/Master/Repository/ml-classification-repo/models\\label\\model_tuning_en\\grid_search_TOPIC\\model_63806_n_epochs_30_log_freq_30_l2_0.1_lr_1e-05_optimizer_sgd_2023-03-02\\label_model.pkl'}
[2023-03-02 16:05:11,189]INFO|Labeler|Training of 2-Fold Cross-Validation with Trainingsplit 2 started.
[2023-03-02 16:11:29,396]INFO|Labeler|Training set coverage of 2-Fold Cross Validation with Trainingset 2:  100.0%
[2023-03-02 16:11:29,413]INFO|Labeler|Validate metrics of 2-fold Cross Validation with Trainingset 2
[2023-03-02 16:11:29,432]INFO|Labeler|Training and Evaluation of best Model with 2-fold Cross Validation with Trainingset 2
[2023-03-02 16:14:28,148]INFO|Labeler|2-Fold Cross-Validation with Trainingsplit 2 were trained.
[2023-03-02 16:14:28,151]INFO|Labeler|Current best training: {'Type': 'GridSearch', 'n_epochs': 10, 'log_freq': 30, 'l2': 0.1, 'lr': 1e-05, 'optimizer': 'sgd', 'accuracy': 0.42411642411642414, 'PrecisionMicro': 0.42411642411642414, 'PrecisionMacro': 0.49585426404932587, 'F1Micro': 0.42411642411642414, 'F1Macro': 0.36253183118133847, 'MCC': 0.3345850088924859, 'Coverage': 1.0, 'k-fold': 2, 'trainingset': 2, 'model': 'd:/University/HDM/Master/Repository/ml-classification-repo/models\\label\\model_tuning_en\\grid_search_TOPIC\\model_30676_n_epochs_10_log_freq_30_l2_0.1_lr_1e-05_optimizer_sgd_2023-03-02\\label_model.pkl'}
[2023-03-02 16:14:28,153]INFO|Labeler|Training of 3-Fold Cross-Validation with Trainingsplit 1 started.
[2023-03-02 16:21:19,735]INFO|Labeler|Training set coverage of 3-Fold Cross Validation with Trainingset 1:  100.0%
[2023-03-02 16:21:19,752]INFO|Labeler|Validate metrics of 3-fold Cross Validation with Trainingset 1
[2023-03-02 16:21:19,793]INFO|Labeler|Training and Evaluation of best Model with 3-fold Cross Validation with Trainingset 1
[2023-03-02 16:24:29,275]INFO|Labeler|3-Fold Cross-Validation with Trainingsplit 1 were trained.
[2023-03-02 16:24:29,279]INFO|Labeler|Current best training: {'Type': 'GridSearch', 'n_epochs': 10, 'log_freq': 30, 'l2': 0.1, 'lr': 1e-05, 'optimizer': 'sgd', 'accuracy': 0.42411642411642414, 'PrecisionMicro': 0.42411642411642414, 'PrecisionMacro': 0.49585426404932587, 'F1Micro': 0.42411642411642414, 'F1Macro': 0.36253183118133847, 'MCC': 0.3345850088924859, 'Coverage': 1.0, 'k-fold': 2, 'trainingset': 2, 'model': 'd:/University/HDM/Master/Repository/ml-classification-repo/models\\label\\model_tuning_en\\grid_search_TOPIC\\model_30676_n_epochs_10_log_freq_30_l2_0.1_lr_1e-05_optimizer_sgd_2023-03-02\\label_model.pkl'}
[2023-03-02 16:24:29,281]INFO|Labeler|Training of 3-Fold Cross-Validation with Trainingsplit 2 started.
[2023-03-02 16:32:14,194]INFO|Labeler|Training set coverage of 3-Fold Cross Validation with Trainingset 2:  100.0%
[2023-03-02 16:32:14,220]INFO|Labeler|Validate metrics of 3-fold Cross Validation with Trainingset 2
[2023-03-02 16:32:14,237]INFO|Labeler|Training and Evaluation of best Model with 3-fold Cross Validation with Trainingset 2
[2023-03-02 16:35:20,021]INFO|Labeler|3-Fold Cross-Validation with Trainingsplit 2 were trained.
[2023-03-02 16:35:20,027]INFO|Labeler|Current best training: {'Type': 'GridSearch', 'n_epochs': 10, 'log_freq': 30, 'l2': 0.1, 'lr': 1e-05, 'optimizer': 'sgd', 'accuracy': 0.42411642411642414, 'PrecisionMicro': 0.42411642411642414, 'PrecisionMacro': 0.49585426404932587, 'F1Micro': 0.42411642411642414, 'F1Macro': 0.36253183118133847, 'MCC': 0.3345850088924859, 'Coverage': 1.0, 'k-fold': 2, 'trainingset': 2, 'model': 'd:/University/HDM/Master/Repository/ml-classification-repo/models\\label\\model_tuning_en\\grid_search_TOPIC\\model_30676_n_epochs_10_log_freq_30_l2_0.1_lr_1e-05_optimizer_sgd_2023-03-02\\label_model.pkl'}
[2023-03-02 16:35:20,028]INFO|Labeler|Training of 3-Fold Cross-Validation with Trainingsplit 3 started.
[2023-03-02 16:43:02,580]INFO|Labeler|Training set coverage of 3-Fold Cross Validation with Trainingset 3:  100.0%
[2023-03-02 16:43:02,599]INFO|Labeler|Validate metrics of 3-fold Cross Validation with Trainingset 3
[2023-03-02 16:43:02,617]INFO|Labeler|Training and Evaluation of best Model with 3-fold Cross Validation with Trainingset 3
[2023-03-02 16:45:37,715]INFO|Labeler|3-Fold Cross-Validation with Trainingsplit 3 were trained.
[2023-03-02 16:45:37,718]INFO|Labeler|Current best training: {'Type': 'GridSearch', 'n_epochs': 10, 'log_freq': 30, 'l2': 0.1, 'lr': 1e-05, 'optimizer': 'sgd', 'accuracy': 0.42411642411642414, 'PrecisionMicro': 0.42411642411642414, 'PrecisionMacro': 0.49585426404932587, 'F1Micro': 0.42411642411642414, 'F1Macro': 0.36253183118133847, 'MCC': 0.3345850088924859, 'Coverage': 1.0, 'k-fold': 2, 'trainingset': 2, 'model': 'd:/University/HDM/Master/Repository/ml-classification-repo/models\\label\\model_tuning_en\\grid_search_TOPIC\\model_30676_n_epochs_10_log_freq_30_l2_0.1_lr_1e-05_optimizer_sgd_2023-03-02\\label_model.pkl'}
[2023-03-02 16:45:37,721]INFO|Labeler|Training of 4-Fold Cross-Validation with Trainingsplit 1 started.
[2023-03-02 16:52:32,926]INFO|Labeler|Training set coverage of 4-Fold Cross Validation with Trainingset 1:  100.0%
[2023-03-02 16:52:32,944]INFO|Labeler|Validate metrics of 4-fold Cross Validation with Trainingset 1
[2023-03-02 16:52:32,967]INFO|Labeler|Training and Evaluation of best Model with 4-fold Cross Validation with Trainingset 1
[2023-03-02 16:55:20,336]INFO|Labeler|4-Fold Cross-Validation with Trainingsplit 1 were trained.
[2023-03-02 16:55:20,340]INFO|Labeler|Current best training: {'Type': 'GridSearch', 'n_epochs': 10, 'log_freq': 30, 'l2': 0.1, 'lr': 1e-05, 'optimizer': 'sgd', 'accuracy': 0.42411642411642414, 'PrecisionMicro': 0.42411642411642414, 'PrecisionMacro': 0.49585426404932587, 'F1Micro': 0.42411642411642414, 'F1Macro': 0.36253183118133847, 'MCC': 0.3345850088924859, 'Coverage': 1.0, 'k-fold': 2, 'trainingset': 2, 'model': 'd:/University/HDM/Master/Repository/ml-classification-repo/models\\label\\model_tuning_en\\grid_search_TOPIC\\model_30676_n_epochs_10_log_freq_30_l2_0.1_lr_1e-05_optimizer_sgd_2023-03-02\\label_model.pkl'}
[2023-03-02 16:55:20,340]INFO|Labeler|Training of 4-Fold Cross-Validation with Trainingsplit 2 started.
[2023-03-02 17:03:23,938]INFO|Labeler|Training set coverage of 4-Fold Cross Validation with Trainingset 2:  100.0%
[2023-03-02 17:03:23,960]INFO|Labeler|Validate metrics of 4-fold Cross Validation with Trainingset 2
[2023-03-02 17:03:23,982]INFO|Labeler|Training and Evaluation of best Model with 4-fold Cross Validation with Trainingset 2
[2023-03-02 17:06:23,157]INFO|Labeler|4-Fold Cross-Validation with Trainingsplit 2 were trained.
[2023-03-02 17:06:23,161]INFO|Labeler|Current best training: {'Type': 'GridSearch', 'n_epochs': 10, 'log_freq': 30, 'l2': 0.1, 'lr': 1e-05, 'optimizer': 'sgd', 'accuracy': 0.42411642411642414, 'PrecisionMicro': 0.42411642411642414, 'PrecisionMacro': 0.49585426404932587, 'F1Micro': 0.42411642411642414, 'F1Macro': 0.36253183118133847, 'MCC': 0.3345850088924859, 'Coverage': 1.0, 'k-fold': 2, 'trainingset': 2, 'model': 'd:/University/HDM/Master/Repository/ml-classification-repo/models\\label\\model_tuning_en\\grid_search_TOPIC\\model_30676_n_epochs_10_log_freq_30_l2_0.1_lr_1e-05_optimizer_sgd_2023-03-02\\label_model.pkl'}
[2023-03-02 17:06:23,162]INFO|Labeler|Training of 4-Fold Cross-Validation with Trainingsplit 3 started.
[2023-03-02 17:15:05,398]INFO|Labeler|Training set coverage of 4-Fold Cross Validation with Trainingset 3:  100.0%
[2023-03-02 17:15:05,417]INFO|Labeler|Validate metrics of 4-fold Cross Validation with Trainingset 3
[2023-03-02 17:15:05,431]INFO|Labeler|Training and Evaluation of best Model with 4-fold Cross Validation with Trainingset 3
[2023-03-02 17:18:00,064]INFO|Labeler|4-Fold Cross-Validation with Trainingsplit 3 were trained.
[2023-03-02 17:18:00,068]INFO|Labeler|Current best training: {'Type': 'BayesSearch', 'n_epochs': 12, 'log_freq': 60, 'l2': 0.355516349841546, 'lr': 0.005198264897774375, 'optimizer': 'adam', 'accuracy': 0.4340425531914894, 'PrecisionMicro': 0.4340425531914894, 'PrecisionMacro': 0.5693453226701308, 'F1Micro': 0.4340425531914894, 'F1Macro': 0.37798055232137007, 'MCC': 0.3312678156637564, 'Coverage': 1.0, 'k-fold': 4, 'trainingset': 3, 'model': 'd:/University/HDM/Master/Repository/ml-classification-repo/models\\label\\model_tuning_en\\bayes_search_TOPIC\\model_55411_n_epochs_12_log_freq_60_l2_0.355516349841546_lr_0.005198264897774375_optimizer_adam_2023-03-02\\label_model.pkl'}
[2023-03-02 17:18:00,070]INFO|Labeler|Training of 4-Fold Cross-Validation with Trainingsplit 4 started.
[2023-03-02 17:26:47,586]INFO|Labeler|Training set coverage of 4-Fold Cross Validation with Trainingset 4:  100.0%
[2023-03-02 17:26:47,606]INFO|Labeler|Validate metrics of 4-fold Cross Validation with Trainingset 4
[2023-03-02 17:26:47,622]INFO|Labeler|Training and Evaluation of best Model with 4-fold Cross Validation with Trainingset 4
[2023-03-02 17:29:53,222]INFO|Labeler|4-Fold Cross-Validation with Trainingsplit 4 were trained.
[2023-03-02 17:29:53,226]INFO|Labeler|Current best training: {'Type': 'BayesSearch', 'n_epochs': 12, 'log_freq': 60, 'l2': 0.355516349841546, 'lr': 0.005198264897774375, 'optimizer': 'adam', 'accuracy': 0.4340425531914894, 'PrecisionMicro': 0.4340425531914894, 'PrecisionMacro': 0.5693453226701308, 'F1Micro': 0.4340425531914894, 'F1Macro': 0.37798055232137007, 'MCC': 0.3312678156637564, 'Coverage': 1.0, 'k-fold': 4, 'trainingset': 3, 'model': 'd:/University/HDM/Master/Repository/ml-classification-repo/models\\label\\model_tuning_en\\bayes_search_TOPIC\\model_55411_n_epochs_12_log_freq_60_l2_0.355516349841546_lr_0.005198264897774375_optimizer_adam_2023-03-02\\label_model.pkl'}
[2023-03-02 17:29:53,228]INFO|Labeler|Training of 5-Fold Cross-Validation with Trainingsplit 1 started.
[2023-03-02 17:39:18,913]INFO|Labeler|Training set coverage of 5-Fold Cross Validation with Trainingset 1:  100.0%
[2023-03-02 17:39:18,933]INFO|Labeler|Validate metrics of 5-fold Cross Validation with Trainingset 1
[2023-03-02 17:39:18,951]INFO|Labeler|Training and Evaluation of best Model with 5-fold Cross Validation with Trainingset 1
[2023-03-02 17:42:16,224]INFO|Labeler|5-Fold Cross-Validation with Trainingsplit 1 were trained.
[2023-03-02 17:42:16,228]INFO|Labeler|Current best training: {'Type': 'BayesSearch', 'n_epochs': 12, 'log_freq': 60, 'l2': 0.355516349841546, 'lr': 0.005198264897774375, 'optimizer': 'adam', 'accuracy': 0.4340425531914894, 'PrecisionMicro': 0.4340425531914894, 'PrecisionMacro': 0.5693453226701308, 'F1Micro': 0.4340425531914894, 'F1Macro': 0.37798055232137007, 'MCC': 0.3312678156637564, 'Coverage': 1.0, 'k-fold': 4, 'trainingset': 3, 'model': 'd:/University/HDM/Master/Repository/ml-classification-repo/models\\label\\model_tuning_en\\bayes_search_TOPIC\\model_55411_n_epochs_12_log_freq_60_l2_0.355516349841546_lr_0.005198264897774375_optimizer_adam_2023-03-02\\label_model.pkl'}
[2023-03-02 17:42:16,229]INFO|Labeler|Training of 5-Fold Cross-Validation with Trainingsplit 2 started.
[2023-03-02 17:51:26,110]INFO|Labeler|Training set coverage of 5-Fold Cross Validation with Trainingset 2:  100.0%
[2023-03-02 17:51:26,131]INFO|Labeler|Validate metrics of 5-fold Cross Validation with Trainingset 2
[2023-03-02 17:51:26,149]INFO|Labeler|Training and Evaluation of best Model with 5-fold Cross Validation with Trainingset 2
[2023-03-02 17:54:33,731]INFO|Labeler|5-Fold Cross-Validation with Trainingsplit 2 were trained.
[2023-03-02 17:54:33,738]INFO|Labeler|Current best training: {'Type': 'BayesSearch', 'n_epochs': 12, 'log_freq': 60, 'l2': 0.355516349841546, 'lr': 0.005198264897774375, 'optimizer': 'adam', 'accuracy': 0.4340425531914894, 'PrecisionMicro': 0.4340425531914894, 'PrecisionMacro': 0.5693453226701308, 'F1Micro': 0.4340425531914894, 'F1Macro': 0.37798055232137007, 'MCC': 0.3312678156637564, 'Coverage': 1.0, 'k-fold': 4, 'trainingset': 3, 'model': 'd:/University/HDM/Master/Repository/ml-classification-repo/models\\label\\model_tuning_en\\bayes_search_TOPIC\\model_55411_n_epochs_12_log_freq_60_l2_0.355516349841546_lr_0.005198264897774375_optimizer_adam_2023-03-02\\label_model.pkl'}
[2023-03-02 17:54:33,739]INFO|Labeler|Training of 5-Fold Cross-Validation with Trainingsplit 3 started.
[2023-03-02 18:03:50,872]INFO|Labeler|Training set coverage of 5-Fold Cross Validation with Trainingset 3:  100.0%
[2023-03-02 18:03:50,896]INFO|Labeler|Validate metrics of 5-fold Cross Validation with Trainingset 3
[2023-03-02 18:03:50,913]INFO|Labeler|Training and Evaluation of best Model with 5-fold Cross Validation with Trainingset 3
[2023-03-02 18:06:50,290]INFO|Labeler|5-Fold Cross-Validation with Trainingsplit 3 were trained.
[2023-03-02 18:06:50,293]INFO|Labeler|Current best training: {'Type': 'BayesSearch', 'n_epochs': 12, 'log_freq': 60, 'l2': 0.355516349841546, 'lr': 0.005198264897774375, 'optimizer': 'adam', 'accuracy': 0.4340425531914894, 'PrecisionMicro': 0.4340425531914894, 'PrecisionMacro': 0.5693453226701308, 'F1Micro': 0.4340425531914894, 'F1Macro': 0.37798055232137007, 'MCC': 0.3312678156637564, 'Coverage': 1.0, 'k-fold': 4, 'trainingset': 3, 'model': 'd:/University/HDM/Master/Repository/ml-classification-repo/models\\label\\model_tuning_en\\bayes_search_TOPIC\\model_55411_n_epochs_12_log_freq_60_l2_0.355516349841546_lr_0.005198264897774375_optimizer_adam_2023-03-02\\label_model.pkl'}
[2023-03-02 18:06:50,294]INFO|Labeler|Training of 5-Fold Cross-Validation with Trainingsplit 4 started.
[2023-03-02 18:15:36,977]INFO|Labeler|Training set coverage of 5-Fold Cross Validation with Trainingset 4:  100.0%
[2023-03-02 18:15:37,003]INFO|Labeler|Validate metrics of 5-fold Cross Validation with Trainingset 4
[2023-03-02 18:15:37,025]INFO|Labeler|Training and Evaluation of best Model with 5-fold Cross Validation with Trainingset 4
[2023-03-02 18:18:47,988]INFO|Labeler|5-Fold Cross-Validation with Trainingsplit 4 were trained.
[2023-03-02 18:18:47,991]INFO|Labeler|Current best training: {'Type': 'GridSearch', 'n_epochs': 100, 'log_freq': 30, 'l2': 0.3, 'lr': 0.001, 'optimizer': 'adam', 'accuracy': 0.4486486486486487, 'PrecisionMicro': 0.4486486486486487, 'PrecisionMacro': 0.5968839148562651, 'F1Micro': 0.4486486486486486, 'F1Macro': 0.38397586569434267, 'MCC': 0.36068730826488765, 'Coverage': 1.0, 'k-fold': 5, 'trainingset': 4, 'model': 'd:/University/HDM/Master/Repository/ml-classification-repo/models\\label\\model_tuning_en\\grid_search_TOPIC\\model_97955_n_epochs_100_log_freq_30_l2_0.3_lr_0.001_optimizer_adam_2023-03-02\\label_model.pkl'}
[2023-03-02 18:18:47,995]INFO|Labeler|Training of 5-Fold Cross-Validation with Trainingsplit 5 started.
[2023-03-02 18:27:21,619]INFO|Labeler|Training set coverage of 5-Fold Cross Validation with Trainingset 5:  100.0%
[2023-03-02 18:27:21,640]INFO|Labeler|Validate metrics of 5-fold Cross Validation with Trainingset 5
[2023-03-02 18:27:21,657]INFO|Labeler|Training and Evaluation of best Model with 5-fold Cross Validation with Trainingset 5
[2023-03-02 18:30:36,427]INFO|Labeler|5-Fold Cross-Validation with Trainingsplit 5 were trained.
[2023-03-02 18:30:36,433]INFO|Labeler|Current best training: {'Type': 'GridSearch', 'n_epochs': 100, 'log_freq': 30, 'l2': 0.3, 'lr': 0.001, 'optimizer': 'adam', 'accuracy': 0.4486486486486487, 'PrecisionMicro': 0.4486486486486487, 'PrecisionMacro': 0.5968839148562651, 'F1Micro': 0.4486486486486486, 'F1Macro': 0.38397586569434267, 'MCC': 0.36068730826488765, 'Coverage': 1.0, 'k-fold': 5, 'trainingset': 4, 'model': 'd:/University/HDM/Master/Repository/ml-classification-repo/models\\label\\model_tuning_en\\grid_search_TOPIC\\model_97955_n_epochs_100_log_freq_30_l2_0.3_lr_0.001_optimizer_adam_2023-03-02\\label_model.pkl'}
[2023-03-02 18:30:36,435]INFO|Labeler|Training of 6-Fold Cross-Validation with Trainingsplit 1 started.
[2023-03-02 18:38:58,179]INFO|Labeler|Training set coverage of 6-Fold Cross Validation with Trainingset 1:  100.0%
[2023-03-02 18:38:58,197]INFO|Labeler|Validate metrics of 6-fold Cross Validation with Trainingset 1
[2023-03-02 18:38:58,214]INFO|Labeler|Training and Evaluation of best Model with 6-fold Cross Validation with Trainingset 1
[2023-03-02 18:41:49,616]INFO|Labeler|6-Fold Cross-Validation with Trainingsplit 1 were trained.
[2023-03-02 18:41:49,639]INFO|Labeler|Current best training: {'Type': 'GridSearch', 'n_epochs': 100, 'log_freq': 30, 'l2': 0.3, 'lr': 0.001, 'optimizer': 'adam', 'accuracy': 0.4486486486486487, 'PrecisionMicro': 0.4486486486486487, 'PrecisionMacro': 0.5968839148562651, 'F1Micro': 0.4486486486486486, 'F1Macro': 0.38397586569434267, 'MCC': 0.36068730826488765, 'Coverage': 1.0, 'k-fold': 5, 'trainingset': 4, 'model': 'd:/University/HDM/Master/Repository/ml-classification-repo/models\\label\\model_tuning_en\\grid_search_TOPIC\\model_97955_n_epochs_100_log_freq_30_l2_0.3_lr_0.001_optimizer_adam_2023-03-02\\label_model.pkl'}
[2023-03-02 18:41:49,654]INFO|Labeler|Training of 6-Fold Cross-Validation with Trainingsplit 2 started.
[2023-03-02 18:49:34,995]INFO|Labeler|Training set coverage of 6-Fold Cross Validation with Trainingset 2:  100.0%
[2023-03-02 18:49:35,013]INFO|Labeler|Validate metrics of 6-fold Cross Validation with Trainingset 2
[2023-03-02 18:49:35,033]INFO|Labeler|Training and Evaluation of best Model with 6-fold Cross Validation with Trainingset 2
[2023-03-02 18:52:09,367]INFO|Labeler|6-Fold Cross-Validation with Trainingsplit 2 were trained.
[2023-03-02 18:52:09,370]INFO|Labeler|Current best training: {'Type': 'GridSearch', 'n_epochs': 100, 'log_freq': 30, 'l2': 0.3, 'lr': 0.001, 'optimizer': 'adam', 'accuracy': 0.4486486486486487, 'PrecisionMicro': 0.4486486486486487, 'PrecisionMacro': 0.5968839148562651, 'F1Micro': 0.4486486486486486, 'F1Macro': 0.38397586569434267, 'MCC': 0.36068730826488765, 'Coverage': 1.0, 'k-fold': 5, 'trainingset': 4, 'model': 'd:/University/HDM/Master/Repository/ml-classification-repo/models\\label\\model_tuning_en\\grid_search_TOPIC\\model_97955_n_epochs_100_log_freq_30_l2_0.3_lr_0.001_optimizer_adam_2023-03-02\\label_model.pkl'}
[2023-03-02 18:52:09,372]INFO|Labeler|Training of 6-Fold Cross-Validation with Trainingsplit 3 started.
[2023-03-02 18:59:43,824]INFO|Labeler|Training set coverage of 6-Fold Cross Validation with Trainingset 3:  100.0%
[2023-03-02 18:59:43,843]INFO|Labeler|Validate metrics of 6-fold Cross Validation with Trainingset 3
[2023-03-02 18:59:43,860]INFO|Labeler|Training and Evaluation of best Model with 6-fold Cross Validation with Trainingset 3
[2023-03-02 19:02:26,010]INFO|Labeler|6-Fold Cross-Validation with Trainingsplit 3 were trained.
[2023-03-02 19:02:26,013]INFO|Labeler|Current best training: {'Type': 'GridSearch', 'n_epochs': 100, 'log_freq': 30, 'l2': 0.3, 'lr': 0.001, 'optimizer': 'adam', 'accuracy': 0.4486486486486487, 'PrecisionMicro': 0.4486486486486487, 'PrecisionMacro': 0.5968839148562651, 'F1Micro': 0.4486486486486486, 'F1Macro': 0.38397586569434267, 'MCC': 0.36068730826488765, 'Coverage': 1.0, 'k-fold': 5, 'trainingset': 4, 'model': 'd:/University/HDM/Master/Repository/ml-classification-repo/models\\label\\model_tuning_en\\grid_search_TOPIC\\model_97955_n_epochs_100_log_freq_30_l2_0.3_lr_0.001_optimizer_adam_2023-03-02\\label_model.pkl'}
[2023-03-02 19:02:26,014]INFO|Labeler|Training of 6-Fold Cross-Validation with Trainingsplit 4 started.
[2023-03-02 19:10:06,672]INFO|Labeler|Training set coverage of 6-Fold Cross Validation with Trainingset 4:  100.0%
[2023-03-02 19:10:06,690]INFO|Labeler|Validate metrics of 6-fold Cross Validation with Trainingset 4
[2023-03-02 19:10:06,708]INFO|Labeler|Training and Evaluation of best Model with 6-fold Cross Validation with Trainingset 4
[2023-03-02 19:12:45,958]INFO|Labeler|6-Fold Cross-Validation with Trainingsplit 4 were trained.
[2023-03-02 19:12:45,962]INFO|Labeler|Current best training: {'Type': 'GridSearch', 'n_epochs': 100, 'log_freq': 30, 'l2': 0.3, 'lr': 0.001, 'optimizer': 'adam', 'accuracy': 0.4486486486486487, 'PrecisionMicro': 0.4486486486486487, 'PrecisionMacro': 0.5968839148562651, 'F1Micro': 0.4486486486486486, 'F1Macro': 0.38397586569434267, 'MCC': 0.36068730826488765, 'Coverage': 1.0, 'k-fold': 5, 'trainingset': 4, 'model': 'd:/University/HDM/Master/Repository/ml-classification-repo/models\\label\\model_tuning_en\\grid_search_TOPIC\\model_97955_n_epochs_100_log_freq_30_l2_0.3_lr_0.001_optimizer_adam_2023-03-02\\label_model.pkl'}
[2023-03-02 19:12:45,963]INFO|Labeler|Training of 6-Fold Cross-Validation with Trainingsplit 5 started.
[2023-03-02 19:21:12,941]INFO|Labeler|Training set coverage of 6-Fold Cross Validation with Trainingset 5:  100.0%
[2023-03-02 19:21:12,963]INFO|Labeler|Validate metrics of 6-fold Cross Validation with Trainingset 5
[2023-03-02 19:21:12,987]INFO|Labeler|Training and Evaluation of best Model with 6-fold Cross Validation with Trainingset 5
[2023-03-02 19:24:19,945]INFO|Labeler|6-Fold Cross-Validation with Trainingsplit 5 were trained.
[2023-03-02 19:24:19,948]INFO|Labeler|Current best training: {'Type': 'RandomSearch', 'n_epochs': 16, 'log_freq': 181, 'l2': 0.2, 'lr': 0.003, 'optimizer': 'adam', 'accuracy': 0.4591194968553459, 'PrecisionMicro': 0.4591194968553459, 'PrecisionMacro': 0.5678763687980278, 'F1Micro': 0.4591194968553459, 'F1Macro': 0.3946856069919753, 'MCC': 0.367248377200155, 'Coverage': 1.0, 'k-fold': 6, 'trainingset': 5, 'model': 'd:/University/HDM/Master/Repository/ml-classification-repo/models\\label\\model_tuning_en\\random_search_TOPIC\\model_42214_n_epochs_16_log_freq_181_l2_0.2_lr_0.003_optimizer_adam_2023-03-02\\label_model.pkl'}
[2023-03-02 19:24:19,949]INFO|Labeler|Training of 6-Fold Cross-Validation with Trainingsplit 6 started.
[2023-03-02 19:33:27,769]INFO|Labeler|Training set coverage of 6-Fold Cross Validation with Trainingset 6:  100.0%
[2023-03-02 19:33:27,788]INFO|Labeler|Validate metrics of 6-fold Cross Validation with Trainingset 6
[2023-03-02 19:33:27,807]INFO|Labeler|Training and Evaluation of best Model with 6-fold Cross Validation with Trainingset 6
[2023-03-02 19:36:56,289]INFO|Labeler|6-Fold Cross-Validation with Trainingsplit 6 were trained.
[2023-03-02 19:36:56,293]INFO|Labeler|Current best training: {'Type': 'RandomSearch', 'n_epochs': 16, 'log_freq': 181, 'l2': 0.2, 'lr': 0.003, 'optimizer': 'adam', 'accuracy': 0.4591194968553459, 'PrecisionMicro': 0.4591194968553459, 'PrecisionMacro': 0.5678763687980278, 'F1Micro': 0.4591194968553459, 'F1Macro': 0.3946856069919753, 'MCC': 0.367248377200155, 'Coverage': 1.0, 'k-fold': 6, 'trainingset': 5, 'model': 'd:/University/HDM/Master/Repository/ml-classification-repo/models\\label\\model_tuning_en\\random_search_TOPIC\\model_42214_n_epochs_16_log_freq_181_l2_0.2_lr_0.003_optimizer_adam_2023-03-02\\label_model.pkl'}
[2023-03-02 19:36:56,295]INFO|Labeler|Training of 7-Fold Cross-Validation with Trainingsplit 1 started.
[2023-03-02 19:46:11,407]INFO|Labeler|Training set coverage of 7-Fold Cross Validation with Trainingset 1:  100.0%
[2023-03-02 19:46:11,431]INFO|Labeler|Validate metrics of 7-fold Cross Validation with Trainingset 1
[2023-03-02 19:46:11,452]INFO|Labeler|Training and Evaluation of best Model with 7-fold Cross Validation with Trainingset 1
[2023-03-02 19:49:25,417]INFO|Labeler|7-Fold Cross-Validation with Trainingsplit 1 were trained.
[2023-03-02 19:49:25,421]INFO|Labeler|Current best training: {'Type': 'RandomSearch', 'n_epochs': 16, 'log_freq': 181, 'l2': 0.2, 'lr': 0.003, 'optimizer': 'adam', 'accuracy': 0.4591194968553459, 'PrecisionMicro': 0.4591194968553459, 'PrecisionMacro': 0.5678763687980278, 'F1Micro': 0.4591194968553459, 'F1Macro': 0.3946856069919753, 'MCC': 0.367248377200155, 'Coverage': 1.0, 'k-fold': 6, 'trainingset': 5, 'model': 'd:/University/HDM/Master/Repository/ml-classification-repo/models\\label\\model_tuning_en\\random_search_TOPIC\\model_42214_n_epochs_16_log_freq_181_l2_0.2_lr_0.003_optimizer_adam_2023-03-02\\label_model.pkl'}
[2023-03-02 19:49:25,422]INFO|Labeler|Training of 7-Fold Cross-Validation with Trainingsplit 2 started.
[2023-03-02 19:58:22,244]INFO|Labeler|Training set coverage of 7-Fold Cross Validation with Trainingset 2:  100.0%
[2023-03-02 19:58:22,265]INFO|Labeler|Validate metrics of 7-fold Cross Validation with Trainingset 2
[2023-03-02 19:58:22,284]INFO|Labeler|Training and Evaluation of best Model with 7-fold Cross Validation with Trainingset 2
[2023-03-02 20:01:32,140]INFO|Labeler|7-Fold Cross-Validation with Trainingsplit 2 were trained.
[2023-03-02 20:01:32,144]INFO|Labeler|Current best training: {'Type': 'RandomSearch', 'n_epochs': 16, 'log_freq': 181, 'l2': 0.2, 'lr': 0.003, 'optimizer': 'adam', 'accuracy': 0.4591194968553459, 'PrecisionMicro': 0.4591194968553459, 'PrecisionMacro': 0.5678763687980278, 'F1Micro': 0.4591194968553459, 'F1Macro': 0.3946856069919753, 'MCC': 0.367248377200155, 'Coverage': 1.0, 'k-fold': 6, 'trainingset': 5, 'model': 'd:/University/HDM/Master/Repository/ml-classification-repo/models\\label\\model_tuning_en\\random_search_TOPIC\\model_42214_n_epochs_16_log_freq_181_l2_0.2_lr_0.003_optimizer_adam_2023-03-02\\label_model.pkl'}
[2023-03-02 20:01:32,145]INFO|Labeler|Training of 7-Fold Cross-Validation with Trainingsplit 3 started.
[2023-03-02 20:09:26,743]INFO|Labeler|Training set coverage of 7-Fold Cross Validation with Trainingset 3:  100.0%
[2023-03-02 20:09:26,761]INFO|Labeler|Validate metrics of 7-fold Cross Validation with Trainingset 3
[2023-03-02 20:09:26,815]INFO|Labeler|Training and Evaluation of best Model with 7-fold Cross Validation with Trainingset 3
[2023-03-02 20:11:45,792]INFO|Labeler|7-Fold Cross-Validation with Trainingsplit 3 were trained.
[2023-03-02 20:11:45,796]INFO|Labeler|Current best training: {'Type': 'RandomSearch', 'n_epochs': 16, 'log_freq': 181, 'l2': 0.2, 'lr': 0.003, 'optimizer': 'adam', 'accuracy': 0.4591194968553459, 'PrecisionMicro': 0.4591194968553459, 'PrecisionMacro': 0.5678763687980278, 'F1Micro': 0.4591194968553459, 'F1Macro': 0.3946856069919753, 'MCC': 0.367248377200155, 'Coverage': 1.0, 'k-fold': 6, 'trainingset': 5, 'model': 'd:/University/HDM/Master/Repository/ml-classification-repo/models\\label\\model_tuning_en\\random_search_TOPIC\\model_42214_n_epochs_16_log_freq_181_l2_0.2_lr_0.003_optimizer_adam_2023-03-02\\label_model.pkl'}
[2023-03-02 20:11:45,797]INFO|Labeler|Training of 7-Fold Cross-Validation with Trainingsplit 4 started.
[2023-03-02 20:18:51,654]INFO|Labeler|Training set coverage of 7-Fold Cross Validation with Trainingset 4:  100.0%
[2023-03-02 20:18:51,672]INFO|Labeler|Validate metrics of 7-fold Cross Validation with Trainingset 4
[2023-03-02 20:18:51,690]INFO|Labeler|Training and Evaluation of best Model with 7-fold Cross Validation with Trainingset 4
[2023-03-02 20:21:11,918]INFO|Labeler|7-Fold Cross-Validation with Trainingsplit 4 were trained.
[2023-03-02 20:21:11,923]INFO|Labeler|Current best training: {'Type': 'RandomSearch', 'n_epochs': 16, 'log_freq': 181, 'l2': 0.2, 'lr': 0.003, 'optimizer': 'adam', 'accuracy': 0.4591194968553459, 'PrecisionMicro': 0.4591194968553459, 'PrecisionMacro': 0.5678763687980278, 'F1Micro': 0.4591194968553459, 'F1Macro': 0.3946856069919753, 'MCC': 0.367248377200155, 'Coverage': 1.0, 'k-fold': 6, 'trainingset': 5, 'model': 'd:/University/HDM/Master/Repository/ml-classification-repo/models\\label\\model_tuning_en\\random_search_TOPIC\\model_42214_n_epochs_16_log_freq_181_l2_0.2_lr_0.003_optimizer_adam_2023-03-02\\label_model.pkl'}
[2023-03-02 20:21:11,924]INFO|Labeler|Training of 7-Fold Cross-Validation with Trainingsplit 5 started.
[2023-03-02 20:28:18,757]INFO|Labeler|Training set coverage of 7-Fold Cross Validation with Trainingset 5:  100.0%
[2023-03-02 20:28:18,775]INFO|Labeler|Validate metrics of 7-fold Cross Validation with Trainingset 5
[2023-03-02 20:28:18,791]INFO|Labeler|Training and Evaluation of best Model with 7-fold Cross Validation with Trainingset 5
[2023-03-02 20:30:43,424]INFO|Labeler|7-Fold Cross-Validation with Trainingsplit 5 were trained.
[2023-03-02 20:30:43,428]INFO|Labeler|Current best training: {'Type': 'GridSearch', 'n_epochs': 100, 'log_freq': 30, 'l2': 0.3, 'lr': 0.001, 'optimizer': 'adam', 'accuracy': 0.4591194968553459, 'PrecisionMicro': 0.4591194968553459, 'PrecisionMacro': 0.5606528733392382, 'F1Micro': 0.4591194968553459, 'F1Macro': 0.39231265781230346, 'MCC': 0.3672621098800019, 'Coverage': 1.0, 'k-fold': 6, 'trainingset': 5, 'model': 'd:/University/HDM/Master/Repository/ml-classification-repo/models\\label\\model_tuning_en\\grid_search_TOPIC\\model_40146_n_epochs_100_log_freq_30_l2_0.3_lr_0.001_optimizer_adam_2023-03-02\\label_model.pkl'}
[2023-03-02 20:30:43,433]INFO|Labeler|Training of 7-Fold Cross-Validation with Trainingsplit 6 started.
[2023-03-02 20:40:13,047]INFO|Labeler|Training set coverage of 7-Fold Cross Validation with Trainingset 6:  100.0%
[2023-03-02 20:40:13,069]INFO|Labeler|Validate metrics of 7-fold Cross Validation with Trainingset 6
[2023-03-02 20:40:13,086]INFO|Labeler|Training and Evaluation of best Model with 7-fold Cross Validation with Trainingset 6
[2023-03-02 20:43:30,910]INFO|Labeler|7-Fold Cross-Validation with Trainingsplit 6 were trained.
[2023-03-02 20:43:30,914]INFO|Labeler|Current best training: {'Type': 'BayesSearch', 'n_epochs': 16, 'log_freq': 12, 'l2': 0.3389335775731437, 'lr': 0.003927055698171931, 'optimizer': 'adamax', 'accuracy': 0.45985401459854014, 'PrecisionMicro': 0.45985401459854014, 'PrecisionMacro': 0.5742673992673993, 'F1Micro': 0.45985401459854014, 'F1Macro': 0.3955486557451087, 'MCC': 0.37620395818334185, 'Coverage': 1.0, 'k-fold': 7, 'trainingset': 6, 'model': 'd:/University/HDM/Master/Repository/ml-classification-repo/models\\label\\model_tuning_en\\bayes_search_TOPIC\\model_81524_n_epochs_16_log_freq_12_l2_0.3389335775731437_lr_0.003927055698171931_optimizer_adamax_2023-03-02\\label_model.pkl'}
[2023-03-02 20:43:30,915]INFO|Labeler|Training of 7-Fold Cross-Validation with Trainingsplit 7 started.
[2023-03-02 20:53:35,874]INFO|Labeler|Training set coverage of 7-Fold Cross Validation with Trainingset 7:  100.0%
[2023-03-02 20:53:35,896]INFO|Labeler|Validate metrics of 7-fold Cross Validation with Trainingset 7
[2023-03-02 20:53:35,916]INFO|Labeler|Training and Evaluation of best Model with 7-fold Cross Validation with Trainingset 7
[2023-03-02 20:56:45,610]INFO|Labeler|7-Fold Cross-Validation with Trainingsplit 7 were trained.
[2023-03-02 20:56:45,615]INFO|Labeler|Current best training: {'Type': 'GridSearch', 'n_epochs': 50, 'log_freq': 30, 'l2': 0.2, 'lr': 0.001, 'optimizer': 'adamax', 'accuracy': 0.45985401459854014, 'PrecisionMicro': 0.45985401459854014, 'PrecisionMacro': 0.5742673992673993, 'F1Micro': 0.45985401459854014, 'F1Macro': 0.3955486557451087, 'MCC': 0.37620395818334185, 'Coverage': 1.0, 'k-fold': 7, 'trainingset': 6, 'model': 'd:/University/HDM/Master/Repository/ml-classification-repo/models\\label\\model_tuning_en\\grid_search_TOPIC\\model_21594_n_epochs_50_log_freq_30_l2_0.2_lr_0.001_optimizer_adamax_2023-03-02\\label_model.pkl'}
[2023-03-02 20:56:45,617]INFO|Labeler|Training of 8-Fold Cross-Validation with Trainingsplit 1 started.
[2023-03-02 21:06:42,994]INFO|Labeler|Training set coverage of 8-Fold Cross Validation with Trainingset 1:  100.0%
[2023-03-02 21:06:43,017]INFO|Labeler|Validate metrics of 8-fold Cross Validation with Trainingset 1
[2023-03-02 21:06:43,039]INFO|Labeler|Training and Evaluation of best Model with 8-fold Cross Validation with Trainingset 1
[2023-03-02 21:09:54,318]INFO|Labeler|8-Fold Cross-Validation with Trainingsplit 1 were trained.
[2023-03-02 21:09:54,327]INFO|Labeler|Current best training: {'Type': 'BayesSearch', 'n_epochs': 16, 'log_freq': 12, 'l2': 0.3389335775731437, 'lr': 0.003927055698171931, 'optimizer': 'adamax', 'accuracy': 0.45985401459854014, 'PrecisionMicro': 0.45985401459854014, 'PrecisionMacro': 0.5742673992673993, 'F1Micro': 0.45985401459854014, 'F1Macro': 0.3955486557451087, 'MCC': 0.37620395818334185, 'Coverage': 1.0, 'k-fold': 7, 'trainingset': 6, 'model': 'd:/University/HDM/Master/Repository/ml-classification-repo/models\\label\\model_tuning_en\\bayes_search_TOPIC\\model_81524_n_epochs_16_log_freq_12_l2_0.3389335775731437_lr_0.003927055698171931_optimizer_adamax_2023-03-02\\label_model.pkl'}
[2023-03-02 21:09:54,328]INFO|Labeler|Training of 8-Fold Cross-Validation with Trainingsplit 2 started.
[2023-03-02 21:19:37,646]INFO|Labeler|Training set coverage of 8-Fold Cross Validation with Trainingset 2:  100.0%
[2023-03-02 21:19:37,667]INFO|Labeler|Validate metrics of 8-fold Cross Validation with Trainingset 2
[2023-03-02 21:19:37,689]INFO|Labeler|Training and Evaluation of best Model with 8-fold Cross Validation with Trainingset 2
[2023-03-02 21:22:53,041]INFO|Labeler|8-Fold Cross-Validation with Trainingsplit 2 were trained.
[2023-03-02 21:22:53,044]INFO|Labeler|Current best training: {'Type': 'BayesSearch', 'n_epochs': 16, 'log_freq': 12, 'l2': 0.3389335775731437, 'lr': 0.003927055698171931, 'optimizer': 'adamax', 'accuracy': 0.45985401459854014, 'PrecisionMicro': 0.45985401459854014, 'PrecisionMacro': 0.5742673992673993, 'F1Micro': 0.45985401459854014, 'F1Macro': 0.3955486557451087, 'MCC': 0.37620395818334185, 'Coverage': 1.0, 'k-fold': 7, 'trainingset': 6, 'model': 'd:/University/HDM/Master/Repository/ml-classification-repo/models\\label\\model_tuning_en\\bayes_search_TOPIC\\model_81524_n_epochs_16_log_freq_12_l2_0.3389335775731437_lr_0.003927055698171931_optimizer_adamax_2023-03-02\\label_model.pkl'}
[2023-03-02 21:22:53,045]INFO|Labeler|Training of 8-Fold Cross-Validation with Trainingsplit 3 started.
[2023-03-02 21:31:37,677]INFO|Labeler|Training set coverage of 8-Fold Cross Validation with Trainingset 3:  100.0%
[2023-03-02 21:31:37,696]INFO|Labeler|Validate metrics of 8-fold Cross Validation with Trainingset 3
[2023-03-02 21:31:37,714]INFO|Labeler|Training and Evaluation of best Model with 8-fold Cross Validation with Trainingset 3
[2023-03-02 21:33:57,193]INFO|Labeler|8-Fold Cross-Validation with Trainingsplit 3 were trained.
[2023-03-02 21:33:57,197]INFO|Labeler|Current best training: {'Type': 'BayesSearch', 'n_epochs': 16, 'log_freq': 12, 'l2': 0.3389335775731437, 'lr': 0.003927055698171931, 'optimizer': 'adamax', 'accuracy': 0.45985401459854014, 'PrecisionMicro': 0.45985401459854014, 'PrecisionMacro': 0.5742673992673993, 'F1Micro': 0.45985401459854014, 'F1Macro': 0.3955486557451087, 'MCC': 0.37620395818334185, 'Coverage': 1.0, 'k-fold': 7, 'trainingset': 6, 'model': 'd:/University/HDM/Master/Repository/ml-classification-repo/models\\label\\model_tuning_en\\bayes_search_TOPIC\\model_81524_n_epochs_16_log_freq_12_l2_0.3389335775731437_lr_0.003927055698171931_optimizer_adamax_2023-03-02\\label_model.pkl'}
[2023-03-02 21:33:57,198]INFO|Labeler|Training of 8-Fold Cross-Validation with Trainingsplit 4 started.
[2023-03-02 21:41:37,996]INFO|Labeler|Training set coverage of 8-Fold Cross Validation with Trainingset 4:  100.0%
[2023-03-02 21:41:38,014]INFO|Labeler|Validate metrics of 8-fold Cross Validation with Trainingset 4
[2023-03-02 21:41:38,031]INFO|Labeler|Training and Evaluation of best Model with 8-fold Cross Validation with Trainingset 4
[2023-03-02 21:44:16,171]INFO|Labeler|8-Fold Cross-Validation with Trainingsplit 4 were trained.
[2023-03-02 21:44:16,176]INFO|Labeler|Current best training: {'Type': 'GridSearch', 'n_epochs': 50, 'log_freq': 30, 'l2': 0.2, 'lr': 0.001, 'optimizer': 'adamax', 'accuracy': 0.45985401459854014, 'PrecisionMicro': 0.45985401459854014, 'PrecisionMacro': 0.5742673992673993, 'F1Micro': 0.45985401459854014, 'F1Macro': 0.3955486557451087, 'MCC': 0.37620395818334185, 'Coverage': 1.0, 'k-fold': 7, 'trainingset': 6, 'model': 'd:/University/HDM/Master/Repository/ml-classification-repo/models\\label\\model_tuning_en\\grid_search_TOPIC\\model_21594_n_epochs_50_log_freq_30_l2_0.2_lr_0.001_optimizer_adamax_2023-03-02\\label_model.pkl'}
[2023-03-02 21:44:16,177]INFO|Labeler|Training of 8-Fold Cross-Validation with Trainingsplit 5 started.
[2023-03-02 21:52:36,185]INFO|Labeler|Training set coverage of 8-Fold Cross Validation with Trainingset 5:  100.0%
[2023-03-02 21:52:36,209]INFO|Labeler|Validate metrics of 8-fold Cross Validation with Trainingset 5
[2023-03-02 21:52:36,232]INFO|Labeler|Training and Evaluation of best Model with 8-fold Cross Validation with Trainingset 5
[2023-03-02 21:55:46,094]INFO|Labeler|8-Fold Cross-Validation with Trainingsplit 5 were trained.
[2023-03-02 21:55:46,098]INFO|Labeler|Current best training: {'Type': 'BayesSearch', 'n_epochs': 16, 'log_freq': 12, 'l2': 0.3389335775731437, 'lr': 0.003927055698171931, 'optimizer': 'adamax', 'accuracy': 0.45985401459854014, 'PrecisionMicro': 0.45985401459854014, 'PrecisionMacro': 0.5742673992673993, 'F1Micro': 0.45985401459854014, 'F1Macro': 0.3955486557451087, 'MCC': 0.37620395818334185, 'Coverage': 1.0, 'k-fold': 7, 'trainingset': 6, 'model': 'd:/University/HDM/Master/Repository/ml-classification-repo/models\\label\\model_tuning_en\\bayes_search_TOPIC\\model_81524_n_epochs_16_log_freq_12_l2_0.3389335775731437_lr_0.003927055698171931_optimizer_adamax_2023-03-02\\label_model.pkl'}
[2023-03-02 21:55:46,099]INFO|Labeler|Training of 8-Fold Cross-Validation with Trainingsplit 6 started.
[2023-03-02 22:03:35,465]INFO|Labeler|Training set coverage of 8-Fold Cross Validation with Trainingset 6:  100.0%
[2023-03-02 22:03:35,482]INFO|Labeler|Validate metrics of 8-fold Cross Validation with Trainingset 6
[2023-03-02 22:03:35,525]INFO|Labeler|Training and Evaluation of best Model with 8-fold Cross Validation with Trainingset 6
[2023-03-02 22:06:47,831]INFO|Labeler|8-Fold Cross-Validation with Trainingsplit 6 were trained.
[2023-03-02 22:06:47,835]INFO|Labeler|Current best training: {'Type': 'BayesSearch', 'n_epochs': 16, 'log_freq': 12, 'l2': 0.3389335775731437, 'lr': 0.003927055698171931, 'optimizer': 'adamax', 'accuracy': 0.45985401459854014, 'PrecisionMicro': 0.45985401459854014, 'PrecisionMacro': 0.5742673992673993, 'F1Micro': 0.45985401459854014, 'F1Macro': 0.3955486557451087, 'MCC': 0.37620395818334185, 'Coverage': 1.0, 'k-fold': 7, 'trainingset': 6, 'model': 'd:/University/HDM/Master/Repository/ml-classification-repo/models\\label\\model_tuning_en\\bayes_search_TOPIC\\model_81524_n_epochs_16_log_freq_12_l2_0.3389335775731437_lr_0.003927055698171931_optimizer_adamax_2023-03-02\\label_model.pkl'}
[2023-03-02 22:06:47,836]INFO|Labeler|Training of 8-Fold Cross-Validation with Trainingsplit 7 started.
[2023-03-02 22:15:15,171]INFO|Labeler|Training set coverage of 8-Fold Cross Validation with Trainingset 7:  100.0%
[2023-03-02 22:15:15,189]INFO|Labeler|Validate metrics of 8-fold Cross Validation with Trainingset 7
[2023-03-02 22:15:15,206]INFO|Labeler|Training and Evaluation of best Model with 8-fold Cross Validation with Trainingset 7
[2023-03-02 22:18:02,268]INFO|Labeler|8-Fold Cross-Validation with Trainingsplit 7 were trained.
[2023-03-02 22:18:02,272]INFO|Labeler|Current best training: {'Type': 'BayesSearch', 'n_epochs': 16, 'log_freq': 12, 'l2': 0.3389335775731437, 'lr': 0.003927055698171931, 'optimizer': 'adamax', 'accuracy': 0.45985401459854014, 'PrecisionMicro': 0.45985401459854014, 'PrecisionMacro': 0.5742673992673993, 'F1Micro': 0.45985401459854014, 'F1Macro': 0.3955486557451087, 'MCC': 0.37620395818334185, 'Coverage': 1.0, 'k-fold': 7, 'trainingset': 6, 'model': 'd:/University/HDM/Master/Repository/ml-classification-repo/models\\label\\model_tuning_en\\bayes_search_TOPIC\\model_81524_n_epochs_16_log_freq_12_l2_0.3389335775731437_lr_0.003927055698171931_optimizer_adamax_2023-03-02\\label_model.pkl'}
[2023-03-02 22:18:02,273]INFO|Labeler|Training of 8-Fold Cross-Validation with Trainingsplit 8 started.
[2023-03-02 22:27:16,842]INFO|Labeler|Training set coverage of 8-Fold Cross Validation with Trainingset 8:  100.0%
[2023-03-02 22:27:16,865]INFO|Labeler|Validate metrics of 8-fold Cross Validation with Trainingset 8
[2023-03-02 22:27:16,887]INFO|Labeler|Training and Evaluation of best Model with 8-fold Cross Validation with Trainingset 8
[2023-03-02 22:29:48,128]INFO|Labeler|8-Fold Cross-Validation with Trainingsplit 8 were trained.
[2023-03-02 22:29:48,132]INFO|Labeler|Current best training: {'Type': 'GridSearch', 'n_epochs': 50, 'log_freq': 30, 'l2': 0.2, 'lr': 0.001, 'optimizer': 'adamax', 'accuracy': 0.45985401459854014, 'PrecisionMicro': 0.45985401459854014, 'PrecisionMacro': 0.5742673992673993, 'F1Micro': 0.45985401459854014, 'F1Macro': 0.3955486557451087, 'MCC': 0.37620395818334185, 'Coverage': 1.0, 'k-fold': 7, 'trainingset': 6, 'model': 'd:/University/HDM/Master/Repository/ml-classification-repo/models\\label\\model_tuning_en\\grid_search_TOPIC\\model_21594_n_epochs_50_log_freq_30_l2_0.2_lr_0.001_optimizer_adamax_2023-03-02\\label_model.pkl'}
[2023-03-02 22:29:48,134]INFO|Labeler|Training of 9-Fold Cross-Validation with Trainingsplit 1 started.
[2023-03-02 22:36:57,339]INFO|Labeler|Training set coverage of 9-Fold Cross Validation with Trainingset 1:  100.0%
[2023-03-02 22:36:57,357]INFO|Labeler|Validate metrics of 9-fold Cross Validation with Trainingset 1
[2023-03-02 22:36:57,376]INFO|Labeler|Training and Evaluation of best Model with 9-fold Cross Validation with Trainingset 1
[2023-03-02 22:39:13,599]INFO|Labeler|9-Fold Cross-Validation with Trainingsplit 1 were trained.
[2023-03-02 22:39:13,604]INFO|Labeler|Current best training: {'Type': 'GridSearch', 'n_epochs': 50, 'log_freq': 30, 'l2': 0.2, 'lr': 0.001, 'optimizer': 'adamax', 'accuracy': 0.45985401459854014, 'PrecisionMicro': 0.45985401459854014, 'PrecisionMacro': 0.5742673992673993, 'F1Micro': 0.45985401459854014, 'F1Macro': 0.3955486557451087, 'MCC': 0.37620395818334185, 'Coverage': 1.0, 'k-fold': 7, 'trainingset': 6, 'model': 'd:/University/HDM/Master/Repository/ml-classification-repo/models\\label\\model_tuning_en\\grid_search_TOPIC\\model_21594_n_epochs_50_log_freq_30_l2_0.2_lr_0.001_optimizer_adamax_2023-03-02\\label_model.pkl'}
[2023-03-02 22:39:13,605]INFO|Labeler|Training of 9-Fold Cross-Validation with Trainingsplit 2 started.
[2023-03-02 22:46:24,211]INFO|Labeler|Training set coverage of 9-Fold Cross Validation with Trainingset 2:  100.0%
[2023-03-02 22:46:24,229]INFO|Labeler|Validate metrics of 9-fold Cross Validation with Trainingset 2
[2023-03-02 22:46:24,247]INFO|Labeler|Training and Evaluation of best Model with 9-fold Cross Validation with Trainingset 2
[2023-03-02 22:48:40,451]INFO|Labeler|9-Fold Cross-Validation with Trainingsplit 2 were trained.
[2023-03-02 22:48:40,456]INFO|Labeler|Current best training: {'Type': 'GridSearch', 'n_epochs': 50, 'log_freq': 30, 'l2': 0.2, 'lr': 0.001, 'optimizer': 'adamax', 'accuracy': 0.45985401459854014, 'PrecisionMicro': 0.45985401459854014, 'PrecisionMacro': 0.5742673992673993, 'F1Micro': 0.45985401459854014, 'F1Macro': 0.3955486557451087, 'MCC': 0.37620395818334185, 'Coverage': 1.0, 'k-fold': 7, 'trainingset': 6, 'model': 'd:/University/HDM/Master/Repository/ml-classification-repo/models\\label\\model_tuning_en\\grid_search_TOPIC\\model_21594_n_epochs_50_log_freq_30_l2_0.2_lr_0.001_optimizer_adamax_2023-03-02\\label_model.pkl'}
[2023-03-02 22:48:40,457]INFO|Labeler|Training of 9-Fold Cross-Validation with Trainingsplit 3 started.
[2023-03-02 22:55:47,226]INFO|Labeler|Training set coverage of 9-Fold Cross Validation with Trainingset 3:  100.0%
[2023-03-02 22:55:47,245]INFO|Labeler|Validate metrics of 9-fold Cross Validation with Trainingset 3
[2023-03-02 22:55:47,263]INFO|Labeler|Training and Evaluation of best Model with 9-fold Cross Validation with Trainingset 3
[2023-03-02 22:58:09,117]INFO|Labeler|9-Fold Cross-Validation with Trainingsplit 3 were trained.
[2023-03-02 22:58:09,122]INFO|Labeler|Current best training: {'Type': 'BayesSearch', 'n_epochs': 16, 'log_freq': 12, 'l2': 0.3389335775731437, 'lr': 0.003927055698171931, 'optimizer': 'adamax', 'accuracy': 0.45985401459854014, 'PrecisionMicro': 0.45985401459854014, 'PrecisionMacro': 0.5742673992673993, 'F1Micro': 0.45985401459854014, 'F1Macro': 0.3955486557451087, 'MCC': 0.37620395818334185, 'Coverage': 1.0, 'k-fold': 7, 'trainingset': 6, 'model': 'd:/University/HDM/Master/Repository/ml-classification-repo/models\\label\\model_tuning_en\\bayes_search_TOPIC\\model_81524_n_epochs_16_log_freq_12_l2_0.3389335775731437_lr_0.003927055698171931_optimizer_adamax_2023-03-02\\label_model.pkl'}
[2023-03-02 22:58:09,123]INFO|Labeler|Training of 9-Fold Cross-Validation with Trainingsplit 4 started.
[2023-03-02 23:05:17,132]INFO|Labeler|Training set coverage of 9-Fold Cross Validation with Trainingset 4:  100.0%
[2023-03-02 23:05:17,150]INFO|Labeler|Validate metrics of 9-fold Cross Validation with Trainingset 4
[2023-03-02 23:05:17,167]INFO|Labeler|Training and Evaluation of best Model with 9-fold Cross Validation with Trainingset 4
[2023-03-02 23:07:39,100]INFO|Labeler|9-Fold Cross-Validation with Trainingsplit 4 were trained.
[2023-03-02 23:07:39,104]INFO|Labeler|Current best training: {'Type': 'BayesSearch', 'n_epochs': 16, 'log_freq': 12, 'l2': 0.3389335775731437, 'lr': 0.003927055698171931, 'optimizer': 'adamax', 'accuracy': 0.45985401459854014, 'PrecisionMicro': 0.45985401459854014, 'PrecisionMacro': 0.5742673992673993, 'F1Micro': 0.45985401459854014, 'F1Macro': 0.3955486557451087, 'MCC': 0.37620395818334185, 'Coverage': 1.0, 'k-fold': 7, 'trainingset': 6, 'model': 'd:/University/HDM/Master/Repository/ml-classification-repo/models\\label\\model_tuning_en\\bayes_search_TOPIC\\model_81524_n_epochs_16_log_freq_12_l2_0.3389335775731437_lr_0.003927055698171931_optimizer_adamax_2023-03-02\\label_model.pkl'}
[2023-03-02 23:07:39,105]INFO|Labeler|Training of 9-Fold Cross-Validation with Trainingsplit 5 started.
[2023-03-02 23:14:49,665]INFO|Labeler|Training set coverage of 9-Fold Cross Validation with Trainingset 5:  100.0%
[2023-03-02 23:14:49,682]INFO|Labeler|Validate metrics of 9-fold Cross Validation with Trainingset 5
[2023-03-02 23:14:49,698]INFO|Labeler|Training and Evaluation of best Model with 9-fold Cross Validation with Trainingset 5
[2023-03-02 23:17:06,704]INFO|Labeler|9-Fold Cross-Validation with Trainingsplit 5 were trained.
[2023-03-02 23:17:06,709]INFO|Labeler|Current best training: {'Type': 'BayesSearch', 'n_epochs': 16, 'log_freq': 12, 'l2': 0.3389335775731437, 'lr': 0.003927055698171931, 'optimizer': 'adamax', 'accuracy': 0.45985401459854014, 'PrecisionMicro': 0.45985401459854014, 'PrecisionMacro': 0.5742673992673993, 'F1Micro': 0.45985401459854014, 'F1Macro': 0.3955486557451087, 'MCC': 0.37620395818334185, 'Coverage': 1.0, 'k-fold': 7, 'trainingset': 6, 'model': 'd:/University/HDM/Master/Repository/ml-classification-repo/models\\label\\model_tuning_en\\bayes_search_TOPIC\\model_81524_n_epochs_16_log_freq_12_l2_0.3389335775731437_lr_0.003927055698171931_optimizer_adamax_2023-03-02\\label_model.pkl'}
[2023-03-02 23:17:06,710]INFO|Labeler|Training of 9-Fold Cross-Validation with Trainingsplit 6 started.
[2023-03-02 23:24:15,690]INFO|Labeler|Training set coverage of 9-Fold Cross Validation with Trainingset 6:  100.0%
[2023-03-02 23:24:15,708]INFO|Labeler|Validate metrics of 9-fold Cross Validation with Trainingset 6
[2023-03-02 23:24:15,724]INFO|Labeler|Training and Evaluation of best Model with 9-fold Cross Validation with Trainingset 6
[2023-03-02 23:26:33,724]INFO|Labeler|9-Fold Cross-Validation with Trainingsplit 6 were trained.
[2023-03-02 23:26:33,730]INFO|Labeler|Current best training: {'Type': 'BayesSearch', 'n_epochs': 16, 'log_freq': 12, 'l2': 0.3389335775731437, 'lr': 0.003927055698171931, 'optimizer': 'adamax', 'accuracy': 0.45985401459854014, 'PrecisionMicro': 0.45985401459854014, 'PrecisionMacro': 0.5742673992673993, 'F1Micro': 0.45985401459854014, 'F1Macro': 0.3955486557451087, 'MCC': 0.37620395818334185, 'Coverage': 1.0, 'k-fold': 7, 'trainingset': 6, 'model': 'd:/University/HDM/Master/Repository/ml-classification-repo/models\\label\\model_tuning_en\\bayes_search_TOPIC\\model_81524_n_epochs_16_log_freq_12_l2_0.3389335775731437_lr_0.003927055698171931_optimizer_adamax_2023-03-02\\label_model.pkl'}
[2023-03-02 23:26:33,731]INFO|Labeler|Training of 9-Fold Cross-Validation with Trainingsplit 7 started.
[2023-03-02 23:33:44,465]INFO|Labeler|Training set coverage of 9-Fold Cross Validation with Trainingset 7:  100.0%
[2023-03-02 23:33:44,482]INFO|Labeler|Validate metrics of 9-fold Cross Validation with Trainingset 7
[2023-03-02 23:33:44,498]INFO|Labeler|Training and Evaluation of best Model with 9-fold Cross Validation with Trainingset 7
[2023-03-02 23:36:09,001]INFO|Labeler|9-Fold Cross-Validation with Trainingsplit 7 were trained.
[2023-03-02 23:36:09,006]INFO|Labeler|Current best training: {'Type': 'GridSearch', 'n_epochs': 100, 'log_freq': 30, 'l2': 0.3, 'lr': 0.001, 'optimizer': 'adam', 'accuracy': 0.4690265486725664, 'PrecisionMicro': 0.4690265486725664, 'PrecisionMacro': 0.6232976827094474, 'F1Micro': 0.4690265486725664, 'F1Macro': 0.4186525974917493, 'MCC': 0.37196399786734874, 'Coverage': 1.0, 'k-fold': 9, 'trainingset': 7, 'model': 'd:/University/HDM/Master/Repository/ml-classification-repo/models\\label\\model_tuning_en\\grid_search_TOPIC\\model_75049_n_epochs_100_log_freq_30_l2_0.3_lr_0.001_optimizer_adam_2023-03-02\\label_model.pkl'}
[2023-03-02 23:36:09,007]INFO|Labeler|Training of 9-Fold Cross-Validation with Trainingsplit 8 started.
[2023-03-02 23:43:17,004]INFO|Labeler|Training set coverage of 9-Fold Cross Validation with Trainingset 8:  100.0%
[2023-03-02 23:43:17,022]INFO|Labeler|Validate metrics of 9-fold Cross Validation with Trainingset 8
[2023-03-02 23:43:17,039]INFO|Labeler|Training and Evaluation of best Model with 9-fold Cross Validation with Trainingset 8
[2023-03-02 23:45:43,179]INFO|Labeler|9-Fold Cross-Validation with Trainingsplit 8 were trained.
[2023-03-02 23:45:43,183]INFO|Labeler|Current best training: {'Type': 'GridSearch', 'n_epochs': 100, 'log_freq': 30, 'l2': 0.3, 'lr': 0.001, 'optimizer': 'adam', 'accuracy': 0.4690265486725664, 'PrecisionMicro': 0.4690265486725664, 'PrecisionMacro': 0.6232976827094474, 'F1Micro': 0.4690265486725664, 'F1Macro': 0.4186525974917493, 'MCC': 0.37196399786734874, 'Coverage': 1.0, 'k-fold': 9, 'trainingset': 7, 'model': 'd:/University/HDM/Master/Repository/ml-classification-repo/models\\label\\model_tuning_en\\grid_search_TOPIC\\model_75049_n_epochs_100_log_freq_30_l2_0.3_lr_0.001_optimizer_adam_2023-03-02\\label_model.pkl'}
[2023-03-02 23:45:43,184]INFO|Labeler|Training of 9-Fold Cross-Validation with Trainingsplit 9 started.
[2023-03-02 23:52:51,874]INFO|Labeler|Training set coverage of 9-Fold Cross Validation with Trainingset 9:  100.0%
[2023-03-02 23:52:51,892]INFO|Labeler|Validate metrics of 9-fold Cross Validation with Trainingset 9
[2023-03-02 23:52:51,910]INFO|Labeler|Training and Evaluation of best Model with 9-fold Cross Validation with Trainingset 9
[2023-03-02 23:55:19,569]INFO|Labeler|9-Fold Cross-Validation with Trainingsplit 9 were trained.
[2023-03-02 23:55:19,574]INFO|Labeler|Current best training: {'Type': 'GridSearch', 'n_epochs': 100, 'log_freq': 30, 'l2': 0.3, 'lr': 0.001, 'optimizer': 'adam', 'accuracy': 0.4690265486725664, 'PrecisionMicro': 0.4690265486725664, 'PrecisionMacro': 0.6232976827094474, 'F1Micro': 0.4690265486725664, 'F1Macro': 0.4186525974917493, 'MCC': 0.37196399786734874, 'Coverage': 1.0, 'k-fold': 9, 'trainingset': 7, 'model': 'd:/University/HDM/Master/Repository/ml-classification-repo/models\\label\\model_tuning_en\\grid_search_TOPIC\\model_75049_n_epochs_100_log_freq_30_l2_0.3_lr_0.001_optimizer_adam_2023-03-02\\label_model.pkl'}
[2023-03-02 23:55:19,582]INFO|Labeler|Best Model with 9-fold Cross Validation identified. 
 Maximum reached accuracy: 0.4690265486725664. 
 Path: d:/University/HDM/Master/Repository/ml-classification-repo/models\label\model_tuning_en\grid_search_TOPIC\model_75049_n_epochs_100_log_freq_30_l2_0.3_lr_0.001_optimizer_adam_2023-03-02\label_model.pkl
[2023-03-02 23:55:33,986]INFO|Labeler|Accuracy on Validation set: 0.4065934065934066
[2023-03-02 23:55:33,987]INFO|Labeler|Model accuracy: 0.4065934065934066. No existing Model. Model will be saved.
[2023-03-02 23:55:34,040]INFO|Labeler|Model saved!
[2023-03-02 23:55:34,041]INFO|Labeler|Language:en. Applying trained model with best parameters on whole data set.
[2023-03-03 00:07:07,315]INFO|Labeler|Shape of Dataset before: (24313, 8) and after: (24313, 8)
[2023-03-03 00:07:08,478]INFO|Labeler|Data with applied labels saved!
