INFO:root:data chunk 0 with (300, 5) of (38554, 5) total samples had been cleaned.
WARNING:root:Data cleaning of a chunk of samples had been interrupted.
INFO:root:data chunk 0 with (300, 5) of 38379 total samples had been cleaned.
INFO:root:data chunk 1 with (300, 5) of 38379 total samples had been cleaned.
INFO:root:data chunk 2 with (300, 5) of 38379 total samples had been cleaned.
INFO:root:data chunk 3 with (300, 5) of 38379 total samples had been cleaned.
INFO:root:data chunk 4 with (300, 5) of 38379 total samples had been cleaned.
INFO:root:data chunk 5 with (300, 5) of 38379 total samples had been cleaned.
INFO:root:data chunk 6 with (300, 5) of 38379 total samples had been cleaned.
INFO:root:data chunk 7 with (300, 5) of 38379 total samples had been cleaned.
INFO:root:data chunk 8 with (300, 5) of 38379 total samples had been cleaned.
INFO:root:data chunk 9 with (300, 5) of 38379 total samples had been cleaned.
INFO:root:data chunk 10 with (300, 5) of 38379 total samples had been cleaned.
WARNING:root:Data cleaning of a chunk of samples had been interrupted.
INFO:root:Data cleaning started: 2023-01-09 14:57:46.852162
INFO:root:data chunk 0 with (300, 5) of 35654 total samples had been cleaned. 2023-01-09 14:58:29.285590
INFO:root:data chunk 1 with (300, 5) of 35654 total samples had been cleaned. 2023-01-09 15:03:18.311177
INFO:root:data chunk 2 with (300, 5) of 35654 total samples had been cleaned. 2023-01-09 15:36:41.423552
INFO:root:data chunk 3 with (300, 5) of 35654 total samples had been cleaned. 2023-01-09 15:55:17.658663
INFO:root:data chunk 4 with (300, 5) of 35654 total samples had been cleaned. 2023-01-09 16:24:49.675503
INFO:root:data chunk 5 with (300, 5) of 35654 total samples had been cleaned. 2023-01-09 16:39:11.169014
WARNING:root:Data cleaning of a chunk of samples had been interrupted by KeyboardInterrupt. 2023-01-09 16:39:13.721505
INFO:root:[2023-01-09 16:41:41.233157]Data cleaning started
INFO:root:[2023-01-09 16:42:19.515491]Data chunk 0 with (300, 5) of 34421 total samples had been cleaned.
INFO:root:[2023-01-09 16:44:00.560014]Data chunk 1 with (300, 5) of 34421 total samples had been cleaned.
INFO:root:[2023-01-09 16:57:52.683666]Data chunk 2 with (300, 5) of 34421 total samples had been cleaned.
INFO:root:[2023-01-09 17:16:24.883126]Data chunk 3 with (300, 5) of 34421 total samples had been cleaned.
INFO:root:[2023-01-09 17:33:07.916678]Data chunk 4 with (300, 5) of 34421 total samples had been cleaned.
INFO:root:[2023-01-09 17:48:33.566231]Data chunk 5 with (300, 5) of 34421 total samples had been cleaned.
INFO:root:[2023-01-09 18:08:22.175979]Data chunk 6 with (300, 5) of 34421 total samples had been cleaned.
WARNING:root:[2023-01-09 18:08:38.339798]Data cleaning of a chunk of samples had been interrupted by KeyboardInterrupt.
INFO:root:[2023-01-09 18:09:18.221871]Data cleaning started
INFO:root:[2023-01-09 18:09:57.915721]Data chunk 0 with (300, 5) of 32967 total samples had been cleaned.
INFO:root:[2023-01-09 18:11:12.253406]Data chunk 1 with (300, 5) of 32967 total samples had been cleaned.
INFO:root:[2023-01-09 18:29:28.747945]Data chunk 2 with (300, 5) of 32967 total samples had been cleaned.
INFO:root:[2023-01-09 18:46:44.782333]Data chunk 3 with (300, 5) of 32967 total samples had been cleaned.
INFO:root:[2023-01-09 19:08:24.366068]Data chunk 4 with (300, 5) of 32967 total samples had been cleaned.
INFO:root:[2023-01-09 19:30:07.194472]Data chunk 5 with (300, 5) of 32967 total samples had been cleaned.
INFO:root:[2023-01-09 19:43:37.827917]Data chunk 6 with (300, 5) of 32967 total samples had been cleaned.
INFO:root:[2023-01-09 19:59:49.193498]Data chunk 7 with (300, 5) of 32967 total samples had been cleaned.
INFO:root:[2023-01-09 20:13:08.529150]Data chunk 8 with (300, 5) of 32967 total samples had been cleaned.
INFO:root:[2023-01-09 20:37:41.844332]Data chunk 9 with (300, 5) of 32967 total samples had been cleaned.
INFO:root:[2023-01-09 21:05:59.026538]Data chunk 10 with (300, 5) of 32967 total samples had been cleaned.
INFO:root:[2023-01-09 21:30:10.265866]Data chunk 11 with (300, 5) of 32967 total samples had been cleaned.
INFO:root:[2023-01-09 21:45:26.988153]Data chunk 12 with (300, 5) of 32967 total samples had been cleaned.
INFO:root:[2023-01-09 22:17:45.705802]Data chunk 13 with (300, 5) of 32967 total samples had been cleaned.
INFO:root:[2023-01-09 22:41:18.331705]Data chunk 14 with (300, 5) of 32967 total samples had been cleaned.
WARNING:root:[2023-01-09 22:41:25.896072]Data cleaning of a chunk of samples had been interrupted by KeyboardInterrupt.
INFO:root:[2023-01-10 07:19:05.712192]Data cleaning started
INFO:root:[2023-01-10 07:19:41.191197]Data chunk 0 with (300, 5) of 29209 total samples had been cleaned.
INFO:root:[2023-01-10 07:20:45.630233]Data chunk 1 with (300, 5) of 29209 total samples had been cleaned.
INFO:root:[2023-01-10 07:31:20.180144]Data chunk 2 with (300, 5) of 29209 total samples had been cleaned.
INFO:root:[2023-01-10 07:44:11.154431]Data chunk 3 with (300, 5) of 29209 total samples had been cleaned.
INFO:root:[2023-01-10 08:01:54.499020]Data chunk 4 with (300, 5) of 29209 total samples had been cleaned.
INFO:root:[2023-01-10 08:18:35.526475]Data chunk 5 with (300, 5) of 29209 total samples had been cleaned.
INFO:root:[2023-01-10 08:35:46.993689]Data chunk 6 with (300, 5) of 29209 total samples had been cleaned.
INFO:root:[2023-01-10 08:54:28.556328]Data chunk 7 with (300, 5) of 29209 total samples had been cleaned.
INFO:root:[2023-01-10 09:20:28.741586]Data chunk 8 with (300, 5) of 29209 total samples had been cleaned.
INFO:root:[2023-01-10 09:39:31.523757]Data chunk 9 with (300, 5) of 29209 total samples had been cleaned.
INFO:root:[2023-01-10 10:01:26.330756]Data chunk 10 with (300, 5) of 29209 total samples had been cleaned.
INFO:root:[2023-01-10 10:21:52.439880]Data chunk 11 with (300, 5) of 29209 total samples had been cleaned.
INFO:root:[2023-01-10 10:35:17.152713]Data chunk 12 with (300, 5) of 29209 total samples had been cleaned.
INFO:root:[2023-01-10 10:50:37.276260]Data chunk 13 with (300, 5) of 29209 total samples had been cleaned.
INFO:root:[2023-01-10 11:01:11.179117]Data chunk 14 with (300, 5) of 29209 total samples had been cleaned.
INFO:root:[2023-01-10 11:34:11.255526]Data chunk 15 with (300, 5) of 29209 total samples had been cleaned.
INFO:root:[2023-01-10 11:44:36.328153]Data chunk 16 with (300, 5) of 29209 total samples had been cleaned.
INFO:root:[2023-01-10 11:56:07.907399]Data chunk 17 with (300, 5) of 29209 total samples had been cleaned.
INFO:root:[2023-01-10 12:05:59.873548]Data chunk 18 with (300, 5) of 29209 total samples had been cleaned.
INFO:root:[2023-01-10 12:22:26.004092]Data chunk 19 with (300, 5) of 29209 total samples had been cleaned.
INFO:root:[2023-01-10 12:32:29.353497]Data chunk 20 with (300, 5) of 29209 total samples had been cleaned.
INFO:root:[2023-01-10 13:07:38.375920]Data chunk 21 with (300, 5) of 29209 total samples had been cleaned.
INFO:root:[2023-01-10 13:25:51.174786]Data chunk 22 with (300, 5) of 29209 total samples had been cleaned.
INFO:root:[2023-01-10 13:38:48.070480]Data chunk 23 with (300, 5) of 29209 total samples had been cleaned.
INFO:root:[2023-01-10 13:54:48.764932]Data chunk 24 with (300, 5) of 29209 total samples had been cleaned.
INFO:root:[2023-01-10 14:08:41.574926]Data chunk 25 with (300, 5) of 29209 total samples had been cleaned.
INFO:root:[2023-01-10 14:22:34.597919]Data chunk 26 with (300, 5) of 29209 total samples had been cleaned.
INFO:root:[2023-01-10 14:56:54.455547]Data chunk 27 with (300, 5) of 29209 total samples had been cleaned.
INFO:root:[2023-01-10 15:26:31.735693]Data chunk 28 with (300, 5) of 29209 total samples had been cleaned.
INFO:root:[2023-01-10 15:56:43.302245]Data chunk 29 with (300, 5) of 29209 total samples had been cleaned.
INFO:root:[2023-01-10 16:26:18.048831]Data chunk 30 with (300, 5) of 29209 total samples had been cleaned.
INFO:root:[2023-01-10 16:47:05.748359]Data chunk 31 with (300, 5) of 29209 total samples had been cleaned.
INFO:root:[2023-01-10 17:03:38.595638]Data chunk 32 with (300, 5) of 29209 total samples had been cleaned.
INFO:root:[2023-01-10 17:18:54.116162]Data chunk 33 with (300, 5) of 29209 total samples had been cleaned.
INFO:root:[2023-01-10 18:05:58.049739]Data chunk 34 with (300, 5) of 29209 total samples had been cleaned.
INFO:root:[2023-01-10 19:16:52.446136]Data chunk 35 with (300, 5) of 29209 total samples had been cleaned.
INFO:root:[2023-01-10 20:21:51.769159]Data chunk 36 with (300, 5) of 29209 total samples had been cleaned.
INFO:root:[2023-01-10 21:12:35.196822]Data chunk 37 with (300, 5) of 29209 total samples had been cleaned.
INFO:root:[2023-01-10 21:47:23.844936]Data chunk 38 with (300, 5) of 29209 total samples had been cleaned.
INFO:root:[2023-01-10 22:08:39.808520]Data chunk 39 with (300, 5) of 29209 total samples had been cleaned.
INFO:root:[2023-01-10 22:23:53.047021]Data chunk 40 with (300, 5) of 29209 total samples had been cleaned.
INFO:root:[2023-01-10 22:46:46.675995]Data chunk 41 with (300, 5) of 29209 total samples had been cleaned.
INFO:root:[2023-01-10 23:05:12.909633]Data chunk 42 with (300, 5) of 29209 total samples had been cleaned.
WARNING:root:[2023-01-10 23:07:21.933079]Data cleaning of a chunk of samples had been interrupted by KeyboardInterrupt.
DEBUG:urllib3.connectionpool:Starting new HTTPS connection (1): datahub.io:443
DEBUG:urllib3.connectionpool:https://datahub.io:443 "GET /core/world-cities/datapackage.json HTTP/1.1" 302 86
DEBUG:urllib3.connectionpool:Starting new HTTPS connection (1): pkgstore.datahub.io:443
DEBUG:urllib3.connectionpool:https://pkgstore.datahub.io:443 "GET /core/world-cities/8/datapackage.json HTTP/1.1" 200 None
DEBUG:urllib3.connectionpool:Starting new HTTPS connection (1): datahub.io:443
DEBUG:urllib3.connectionpool:https://datahub.io:443 "GET /core/world-cities/datapackage.json HTTP/1.1" 302 86
DEBUG:urllib3.connectionpool:Starting new HTTPS connection (1): pkgstore.datahub.io:443
DEBUG:urllib3.connectionpool:https://pkgstore.datahub.io:443 "GET /core/world-cities/8/datapackage.json HTTP/1.1" 200 None
INFO:root:[2023-01-10 23:07:30.008330]Data cleaning started
WARNING:root:[2023-01-10 23:07:32.940846]Data cleaning of a chunk of samples had been interrupted by KeyboardInterrupt.
INFO:root:[2023-01-11 08:47:06.072155]Data cleaning started
INFO:root:[2023-01-11 08:47:50.041051]Data chunk 0 with (300, 5) of 18496 total samples had been cleaned.
INFO:root:[2023-01-11 08:48:49.627064]Data chunk 1 with (300, 5) of 18496 total samples had been cleaned.
INFO:root:[2023-01-11 08:50:39.272804]Data chunk 2 with (300, 5) of 18496 total samples had been cleaned.
INFO:root:[2023-01-11 08:51:51.004571]Data chunk 3 with (300, 5) of 18496 total samples had been cleaned.
INFO:root:[2023-01-11 08:55:24.086471]Data chunk 4 with (300, 5) of 18496 total samples had been cleaned.
INFO:root:[2023-01-11 08:59:42.389480]Data chunk 5 with (300, 5) of 18496 total samples had been cleaned.
INFO:root:[2023-01-11 09:03:07.387175]Data chunk 6 with (300, 5) of 18496 total samples had been cleaned.
INFO:root:[2023-01-11 09:17:00.762518]Data chunk 7 with (300, 5) of 18496 total samples had been cleaned.
INFO:root:[2023-01-11 10:18:57.644689]Data chunk 8 with (300, 5) of 18496 total samples had been cleaned.
INFO:root:[2023-01-11 10:57:41.066259]Data chunk 9 with (300, 5) of 18496 total samples had been cleaned.
INFO:root:[2023-01-11 11:32:17.681407]Data chunk 10 with (300, 5) of 18496 total samples had been cleaned.
INFO:root:[2023-01-11 11:47:58.072743]Data chunk 11 with (300, 5) of 18496 total samples had been cleaned.
INFO:root:[2023-01-11 11:55:13.143267]Data chunk 12 with (300, 5) of 18496 total samples had been cleaned.
INFO:root:[2023-01-11 12:12:05.468894]Data chunk 13 with (300, 5) of 18496 total samples had been cleaned.
INFO:root:[2023-01-11 12:16:34.402146]Data chunk 14 with (300, 5) of 18496 total samples had been cleaned.
INFO:root:[2023-01-11 12:31:26.270389]Data chunk 15 with (300, 5) of 18496 total samples had been cleaned.
INFO:root:[2023-01-11 12:44:43.369738]Data chunk 16 with (300, 5) of 18496 total samples had been cleaned.
INFO:root:[2023-01-11 12:58:13.834852]Data chunk 17 with (300, 5) of 18496 total samples had been cleaned.
INFO:root:[2023-01-11 13:20:46.640609]Data chunk 18 with (300, 5) of 18496 total samples had been cleaned.
INFO:root:[2023-01-11 13:46:56.234402]Data chunk 19 with (300, 5) of 18496 total samples had been cleaned.
INFO:root:[2023-01-11 13:56:34.150303]Data chunk 20 with (300, 5) of 18496 total samples had been cleaned.
INFO:root:[2023-01-11 14:05:29.068080]Data chunk 21 with (300, 5) of 18496 total samples had been cleaned.
INFO:root:[2023-01-11 14:14:49.577459]Data chunk 22 with (300, 5) of 18496 total samples had been cleaned.
INFO:root:[2023-01-11 14:37:50.173995]Data chunk 23 with (300, 5) of 18496 total samples had been cleaned.
INFO:root:[2023-01-11 14:53:48.929378]Data chunk 24 with (300, 5) of 18496 total samples had been cleaned.
INFO:root:[2023-01-11 15:03:11.699177]Data chunk 25 with (300, 5) of 18496 total samples had been cleaned.
INFO:root:[2023-01-11 15:22:11.808476]Data chunk 26 with (300, 5) of 18496 total samples had been cleaned.
INFO:root:[2023-01-11 15:58:20.686012]Data chunk 27 with (300, 5) of 18496 total samples had been cleaned.
INFO:root:[2023-01-11 16:25:26.893686]Data chunk 28 with (300, 5) of 18496 total samples had been cleaned.
INFO:root:[2023-01-11 16:47:53.487437]Data chunk 29 with (300, 5) of 18496 total samples had been cleaned.
INFO:root:[2023-01-11 17:08:24.757015]Data chunk 30 with (300, 5) of 18496 total samples had been cleaned.
INFO:root:[2023-01-11 17:25:15.161206]Data chunk 31 with (300, 5) of 18496 total samples had been cleaned.
INFO:root:[2023-01-11 17:42:47.620894]Data chunk 32 with (300, 5) of 18496 total samples had been cleaned.
INFO:root:[2023-01-11 17:58:38.023080]Data chunk 33 with (300, 5) of 18496 total samples had been cleaned.
INFO:root:[2023-01-11 18:08:00.484544]Data chunk 34 with (300, 5) of 18496 total samples had been cleaned.
INFO:root:[2023-01-11 18:17:46.589652]Data chunk 35 with (300, 5) of 18496 total samples had been cleaned.
INFO:root:[2023-01-11 18:28:05.159761]Data chunk 36 with (300, 5) of 18496 total samples had been cleaned.
INFO:root:[2023-01-11 18:44:29.505681]Data chunk 37 with (300, 5) of 18496 total samples had been cleaned.
INFO:root:[2023-01-11 19:02:21.987192]Data chunk 38 with (300, 5) of 18496 total samples had been cleaned.
INFO:root:[2023-01-11 19:17:37.313608]Data chunk 39 with (300, 5) of 18496 total samples had been cleaned.
INFO:root:[2023-01-11 19:36:25.497451]Data chunk 40 with (300, 5) of 18496 total samples had been cleaned.
INFO:root:[2023-01-11 19:56:57.816345]Data chunk 41 with (300, 5) of 18496 total samples had been cleaned.
INFO:root:[2023-01-11 20:15:14.965010]Data chunk 42 with (300, 5) of 18496 total samples had been cleaned.
INFO:root:[2023-01-11 20:32:33.158698]Data chunk 43 with (300, 5) of 18496 total samples had been cleaned.
INFO:root:[2023-01-11 20:43:38.132795]Data chunk 44 with (300, 5) of 18496 total samples had been cleaned.
INFO:root:[2023-01-11 20:56:37.410309]Data chunk 45 with (300, 5) of 18496 total samples had been cleaned.
INFO:root:[2023-01-11 21:12:32.622267]Data chunk 46 with (300, 5) of 18496 total samples had been cleaned.
INFO:root:[2023-01-11 21:25:58.777860]Data chunk 47 with (300, 5) of 18496 total samples had been cleaned.
INFO:root:[2023-01-11 21:38:44.722020]Data chunk 48 with (300, 5) of 18496 total samples had been cleaned.
INFO:root:[2023-01-11 21:53:53.450881]Data chunk 49 with (300, 5) of 18496 total samples had been cleaned.
INFO:root:[2023-01-11 22:08:19.312229]Data chunk 50 with (300, 5) of 18496 total samples had been cleaned.
WARNING:root:[2023-01-11 22:10:50.700937]Data cleaning of a chunk of samples had been interrupted by KeyboardInterrupt.
DEBUG:urllib3.connectionpool:Starting new HTTPS connection (1): datahub.io:443
INFO:root:Data Preprocessing and Cleaning with Language de and data file files\raw_texts.feather (source) created. Target file is files\cleaned_texts.feather
INFO:root:[2023-01-12 08:17:40.698895]Data cleaning started
INFO:root:[2023-01-12 08:18:23.303399]Data chunk 0 with (300, 5) of 7170 total samples had been cleaned.
INFO:root:[2023-01-12 08:19:30.086885]Data chunk 1 with (300, 5) of 7170 total samples had been cleaned.
INFO:root:[2023-01-12 08:21:23.762695]Data chunk 2 with (300, 5) of 7170 total samples had been cleaned.
INFO:root:[2023-01-12 08:22:21.183170]Data chunk 3 with (300, 5) of 7170 total samples had been cleaned.
INFO:root:[2023-01-12 08:24:27.913007]Data chunk 4 with (300, 5) of 7170 total samples had been cleaned.
INFO:root:[2023-01-12 08:27:05.680752]Data chunk 5 with (300, 5) of 7170 total samples had been cleaned.
INFO:root:[2023-01-12 08:28:33.310057]Data chunk 6 with (300, 5) of 7170 total samples had been cleaned.
INFO:root:[2023-01-12 08:29:50.594353]Data chunk 7 with (300, 5) of 7170 total samples had been cleaned.
INFO:root:[2023-01-12 08:32:00.029315]Data chunk 8 with (300, 5) of 7170 total samples had been cleaned.
INFO:root:[2023-01-12 08:33:10.304802]Data chunk 9 with (300, 5) of 7170 total samples had been cleaned.
INFO:root:[2023-01-12 08:35:17.236161]Data chunk 10 with (300, 5) of 7170 total samples had been cleaned.
INFO:root:[2023-01-12 08:36:11.899659]Data chunk 11 with (300, 5) of 7170 total samples had been cleaned.
INFO:root:[2023-01-12 08:38:20.091990]Data chunk 12 with (300, 5) of 7170 total samples had been cleaned.
INFO:root:[2023-01-12 08:44:15.267570]Data chunk 13 with (300, 5) of 7170 total samples had been cleaned.
INFO:root:[2023-01-12 09:03:59.354713]Data chunk 14 with (300, 5) of 7170 total samples had been cleaned.
WARNING:root:[2023-01-12 09:06:44.597638]Data cleaning of a chunk of samples had been interrupted by KeyboardInterrupt.
INFO:root:Data Preprocessing and Cleaning with Language de and data file files\raw_texts.feather (source) created. Target file is files\cleaned_texts.feather
INFO:root:[2023-01-12 09:07:18.194534]Data cleaning started
INFO:root:[2023-01-12 09:08:00.154413]Data chunk 0 with (300, 5) of 6586 total samples had been cleaned.
INFO:root:[2023-01-12 09:09:07.378229]Data chunk 1 with (300, 5) of 6586 total samples had been cleaned.
INFO:root:[2023-01-12 09:10:34.001228]Data chunk 2 with (300, 5) of 6586 total samples had been cleaned.
INFO:root:[2023-01-12 09:11:39.830928]Data chunk 3 with (300, 5) of 6586 total samples had been cleaned.
INFO:root:[2023-01-12 09:13:48.587266]Data chunk 4 with (300, 5) of 6586 total samples had been cleaned.
INFO:root:[2023-01-12 09:16:33.244641]Data chunk 5 with (300, 5) of 6586 total samples had been cleaned.
INFO:root:[2023-01-12 09:19:31.088269]Data chunk 6 with (300, 5) of 6586 total samples had been cleaned.
INFO:root:[2023-01-12 09:20:29.801203]Data chunk 7 with (300, 5) of 6586 total samples had been cleaned.
INFO:root:[2023-01-12 09:22:07.887526]Data chunk 8 with (300, 5) of 6586 total samples had been cleaned.
INFO:root:[2023-01-12 09:23:17.874521]Data chunk 9 with (300, 5) of 6586 total samples had been cleaned.
INFO:root:[2023-01-12 09:24:10.005743]Data chunk 10 with (300, 5) of 6586 total samples had been cleaned.
INFO:root:[2023-01-12 09:25:10.164355]Data chunk 11 with (300, 5) of 6586 total samples had been cleaned.
INFO:root:[2023-01-12 09:27:11.564429]Data chunk 12 with (300, 5) of 6586 total samples had been cleaned.
INFO:root:[2023-01-12 09:39:06.036851]Data chunk 13 with (300, 5) of 6586 total samples had been cleaned.
INFO:root:[2023-01-12 10:06:11.866093]Data chunk 14 with (300, 5) of 6586 total samples had been cleaned.
INFO:root:[2023-01-12 11:23:01.833469]Data chunk 15 with (300, 5) of 6586 total samples had been cleaned.
INFO:root:[2023-01-12 12:40:36.784850]Data chunk 16 with (300, 5) of 6586 total samples had been cleaned.
INFO:root:[2023-01-12 13:55:33.403366]Data chunk 17 with (300, 5) of 6586 total samples had been cleaned.
INFO:root:[2023-01-12 14:15:12.114887]Data chunk 18 with (300, 5) of 6586 total samples had been cleaned.
INFO:root:[2023-01-12 14:36:30.391756]Data chunk 19 with (300, 5) of 6586 total samples had been cleaned.
INFO:root:[2023-01-12 15:10:11.140249]Data chunk 20 with (300, 5) of 6586 total samples had been cleaned.
INFO:root:[2023-01-12 15:29:48.200864]Data chunk 21 with (286, 5) of 6586 total samples had been cleaned.
DEBUG:urllib3.connectionpool:Starting new HTTPS connection (1): datahub.io:443
DEBUG:urllib3.connectionpool:https://datahub.io:443 "GET /core/world-cities/datapackage.json HTTP/1.1" 302 86
DEBUG:urllib3.connectionpool:Starting new HTTPS connection (1): pkgstore.datahub.io:443
DEBUG:urllib3.connectionpool:https://pkgstore.datahub.io:443 "GET /core/world-cities/8/datapackage.json HTTP/1.1" 200 None
DEBUG:urllib3.connectionpool:Starting new HTTPS connection (1): datahub.io:443
DEBUG:urllib3.connectionpool:https://datahub.io:443 "GET /core/world-cities/datapackage.json HTTP/1.1" 302 86
DEBUG:urllib3.connectionpool:Starting new HTTPS connection (1): pkgstore.datahub.io:443
DEBUG:urllib3.connectionpool:https://pkgstore.datahub.io:443 "GET /core/world-cities/8/datapackage.json HTTP/1.1" 200 None
INFO:root:Data Preprocessing and Cleaning with Language en and data file files\raw_texts_en.feather (source) created. Target file is files\cleaned_texts_en.feather
INFO:root:[2023-01-12 15:29:54.705418]Data cleaning started
INFO:root:[2023-01-12 15:42:39.481770]Data chunk 0 with (300, 5) of 36288 total samples had been cleaned.
INFO:root:[2023-01-12 15:59:42.466784]Data chunk 1 with (300, 5) of 36288 total samples had been cleaned.
INFO:root:[2023-01-12 16:25:45.500661]Data chunk 2 with (300, 5) of 36288 total samples had been cleaned.
INFO:root:[2023-01-12 16:51:04.030844]Data chunk 3 with (300, 5) of 36288 total samples had been cleaned.
INFO:root:[2023-01-12 17:11:40.913865]Data chunk 4 with (300, 5) of 36288 total samples had been cleaned.
INFO:root:[2023-01-12 17:39:46.553337]Data chunk 5 with (300, 5) of 36288 total samples had been cleaned.
INFO:root:[2023-01-12 18:03:46.321088]Data chunk 6 with (300, 5) of 36288 total samples had been cleaned.
INFO:root:[2023-01-12 18:21:16.893464]Data chunk 7 with (300, 5) of 36288 total samples had been cleaned.
INFO:root:[2023-01-12 18:45:05.192280]Data chunk 8 with (300, 5) of 36288 total samples had been cleaned.
WARNING:root:[2023-01-12 18:57:53.477929]Data cleaning of a chunk of samples had been interrupted by KeyboardInterrupt.
INFO:root:Data Preprocessing and Cleaning with Language de and data file files\raw_classes.feather (source) created. Target file is files\cleaned_classes.feather
INFO:root:[2023-01-14 14:16:46.050274]Data cleaning started
INFO:root:[2023-01-14 14:20:01.234190]Data chunk 0 with (13, 4) of 13 total samples had been cleaned.
INFO:root:[2023-01-14 14:20:01.234190] Done cleaning!
INFO:root:Data Preprocessing and Cleaning with Language de and data file files\raw_classes.feather (source) created. Target file is files\cleaned_classes.feather
INFO:root:Data Preprocessing and Cleaning with Language de and data file files\raw_classes.feather (source) created. Target file is files\cleaned_classes.feather
INFO:root:Data Preprocessing and Cleaning with Language de and data file files\raw_classes.feather (source) created. Target file is files\cleaned_classes.feather
INFO:root:Data Preprocessing and Cleaning with Language de and data file files\raw_classes.feather (source) created. Target file is files\cleaned_classes.feather
INFO:root:[2023-01-15 13:13:08.623731]Data cleaning started
INFO:root:Data Preprocessing and Cleaning with Language de and data file files\raw_classes.feather (source) created. Target file is files\cleaned_classes.feather
INFO:root:[2023-01-15 13:20:36.332081]Data cleaning started
INFO:root:Data Preprocessing and Cleaning with Language de and data file files\raw_classes.feather (source) created. Target file is files\cleaned_classes.feather
INFO:root:[2023-01-15 13:32:27.232927]Data cleaning started
INFO:root:[2023-01-15 13:35:54.420457]Data chunk 0 with (13, 4) of 13 total samples had been cleaned.
INFO:root:[2023-01-15 13:35:54.420457] Done cleaning!
INFO:root:Data Preprocessing and Cleaning with Language de and data file files\raw_texts.feather (source) created. Target file is files\cleaned_texts.feather
INFO:root:[2023-01-15 13:43:57.509839]Data cleaning started
WARNING:root:[2023-01-15 13:43:58.386494]Data cleaning of a chunk of samples had been interrupted by KeyboardInterrupt.
INFO:root:Data Preprocessing and Cleaning with Language de and data file files\raw_texts.feather (source) created. Target file is files\cleaned_texts.feather
INFO:root:[2023-01-15 13:44:51.915348]Data cleaning started
INFO:root:[2023-01-15 13:55:12.292821]Data chunk 0 with (300, 5) of 38554 total samples had been cleaned.
INFO:root:[2023-01-15 14:09:11.454249]Data chunk 1 with (300, 5) of 38554 total samples had been cleaned.
WARNING:root:[2023-01-15 14:09:14.977486]Data cleaning of a chunk of samples had been interrupted by KeyboardInterrupt.
INFO:root:Data Preprocessing and Cleaning with Language de and data file files\raw_texts.feather (source) created. Target file is files\cleaned_texts.feather
INFO:root:[2023-01-15 14:09:40.726264]Data cleaning started
INFO:root:[2023-01-15 14:11:19.901476]Data chunk 0 with (300, 5) of 38174 total samples had been cleaned.
INFO:root:[2023-01-15 14:32:07.015242]Data chunk 1 with (300, 5) of 38174 total samples had been cleaned.
INFO:root:[2023-01-15 14:46:42.152787]Data chunk 2 with (300, 5) of 38174 total samples had been cleaned.
INFO:root:[2023-01-15 15:00:05.143532]Data chunk 3 with (300, 5) of 38174 total samples had been cleaned.
INFO:root:[2023-01-15 15:16:34.857761]Data chunk 4 with (300, 5) of 38174 total samples had been cleaned.
INFO:root:[2023-01-15 15:28:03.589970]Data chunk 5 with (300, 5) of 38174 total samples had been cleaned.
INFO:root:[2023-01-15 15:44:31.580971]Data chunk 6 with (300, 5) of 38174 total samples had been cleaned.
INFO:root:[2023-01-15 16:06:53.691803]Data chunk 7 with (300, 5) of 38174 total samples had been cleaned.
INFO:root:[2023-01-15 16:24:00.760323]Data chunk 8 with (300, 5) of 38174 total samples had been cleaned.
INFO:root:[2023-01-15 16:41:43.576641]Data chunk 9 with (300, 5) of 38174 total samples had been cleaned.
INFO:root:[2023-01-15 17:18:27.148943]Data chunk 10 with (300, 5) of 38174 total samples had been cleaned.
INFO:root:[2023-01-15 17:38:50.721917]Data chunk 11 with (300, 5) of 38174 total samples had been cleaned.
INFO:root:[2023-01-15 17:56:58.919698]Data chunk 12 with (300, 5) of 38174 total samples had been cleaned.
INFO:root:[2023-01-15 18:15:13.315399]Data chunk 13 with (300, 5) of 38174 total samples had been cleaned.
INFO:root:[2023-01-15 18:23:53.108270]Data chunk 14 with (300, 5) of 38174 total samples had been cleaned.
INFO:root:[2023-01-15 18:36:15.731924]Data chunk 15 with (300, 5) of 38174 total samples had been cleaned.
INFO:root:[2023-01-15 18:52:36.153229]Data chunk 16 with (300, 5) of 38174 total samples had been cleaned.
INFO:root:[2023-01-15 19:04:06.093509]Data chunk 17 with (300, 5) of 38174 total samples had been cleaned.
INFO:root:[2023-01-15 19:17:42.088688]Data chunk 18 with (300, 5) of 38174 total samples had been cleaned.
INFO:root:[2023-01-15 19:34:35.104444]Data chunk 19 with (300, 5) of 38174 total samples had been cleaned.
INFO:root:[2023-01-15 19:51:12.504381]Data chunk 20 with (300, 5) of 38174 total samples had been cleaned.
INFO:root:[2023-01-15 20:06:25.634263]Data chunk 21 with (300, 5) of 38174 total samples had been cleaned.
INFO:root:[2023-01-15 20:25:18.545447]Data chunk 22 with (300, 5) of 38174 total samples had been cleaned.
INFO:root:[2023-01-15 20:38:05.821997]Data chunk 23 with (300, 5) of 38174 total samples had been cleaned.
INFO:root:[2023-01-15 20:52:02.437255]Data chunk 24 with (300, 5) of 38174 total samples had been cleaned.
INFO:root:[2023-01-15 21:00:39.978438]Data chunk 25 with (300, 5) of 38174 total samples had been cleaned.
INFO:root:[2023-01-15 21:20:34.214071]Data chunk 26 with (300, 5) of 38174 total samples had been cleaned.
INFO:root:[2023-01-15 21:43:33.650739]Data chunk 27 with (300, 5) of 38174 total samples had been cleaned.
INFO:root:[2023-01-15 22:03:58.781076]Data chunk 28 with (300, 5) of 38174 total samples had been cleaned.
WARNING:root:[2023-01-15 22:04:04.825646]Data cleaning of a chunk of samples had been interrupted by KeyboardInterrupt.
INFO:root:Data Preprocessing and Cleaning with Language de and data file files\raw_texts.feather (source) created. Target file is files\cleaned_texts.feather
INFO:root:[2023-01-15 22:04:55.729717]Data cleaning started
INFO:root:[2023-01-15 22:05:41.488037]Data chunk 0 with (300, 5) of 30193 total samples had been cleaned.
INFO:root:[2023-01-15 22:07:18.878381]Data chunk 1 with (300, 5) of 30193 total samples had been cleaned.
INFO:root:[2023-01-15 22:18:54.484759]Data chunk 2 with (300, 5) of 30193 total samples had been cleaned.
INFO:root:[2023-01-15 22:31:56.340252]Data chunk 3 with (300, 5) of 30193 total samples had been cleaned.
INFO:root:[2023-01-15 23:04:54.682091]Data chunk 4 with (300, 5) of 30193 total samples had been cleaned.
INFO:root:[2023-01-15 23:18:42.296131]Data chunk 5 with (300, 5) of 30193 total samples had been cleaned.
INFO:root:[2023-01-15 23:30:37.331095]Data chunk 6 with (300, 5) of 30193 total samples had been cleaned.
INFO:root:[2023-01-15 23:45:04.532570]Data chunk 7 with (300, 5) of 30193 total samples had been cleaned.
INFO:root:[2023-01-16 00:00:09.266272]Data chunk 8 with (300, 5) of 30193 total samples had been cleaned.
INFO:root:[2023-01-16 00:14:57.561805]Data chunk 9 with (300, 5) of 30193 total samples had been cleaned.
INFO:root:[2023-01-16 00:27:46.359661]Data chunk 10 with (300, 5) of 30193 total samples had been cleaned.
INFO:root:[2023-01-16 00:51:57.946153]Data chunk 11 with (300, 5) of 30193 total samples had been cleaned.
INFO:root:[2023-01-16 01:09:12.381860]Data chunk 12 with (300, 5) of 30193 total samples had been cleaned.
INFO:root:[2023-01-16 01:27:19.583239]Data chunk 13 with (300, 5) of 30193 total samples had been cleaned.
INFO:root:[2023-01-16 01:46:39.628030]Data chunk 14 with (300, 5) of 30193 total samples had been cleaned.
INFO:root:[2023-01-16 01:58:43.105250]Data chunk 15 with (300, 5) of 30193 total samples had been cleaned.
INFO:root:[2023-01-16 02:12:29.803635]Data chunk 16 with (300, 5) of 30193 total samples had been cleaned.
INFO:root:[2023-01-16 02:23:02.774472]Data chunk 17 with (300, 5) of 30193 total samples had been cleaned.
INFO:root:[2023-01-16 02:45:38.205983]Data chunk 18 with (300, 5) of 30193 total samples had been cleaned.
INFO:root:[2023-01-16 03:02:17.090800]Data chunk 19 with (300, 5) of 30193 total samples had been cleaned.
INFO:root:[2023-01-16 03:11:55.577690]Data chunk 20 with (300, 5) of 30193 total samples had been cleaned.
INFO:root:[2023-01-16 03:21:01.624862]Data chunk 21 with (300, 5) of 30193 total samples had been cleaned.
INFO:root:[2023-01-16 03:33:21.717896]Data chunk 22 with (300, 5) of 30193 total samples had been cleaned.
INFO:root:[2023-01-16 03:43:14.512367]Data chunk 23 with (300, 5) of 30193 total samples had been cleaned.
INFO:root:[2023-01-16 04:10:08.145699]Data chunk 24 with (300, 5) of 30193 total samples had been cleaned.
INFO:root:[2023-01-16 04:30:06.018444]Data chunk 25 with (300, 5) of 30193 total samples had been cleaned.
INFO:root:[2023-01-16 04:45:34.281867]Data chunk 26 with (300, 5) of 30193 total samples had been cleaned.
INFO:root:[2023-01-16 04:56:54.511081]Data chunk 27 with (300, 5) of 30193 total samples had been cleaned.
INFO:root:[2023-01-16 05:09:45.681597]Data chunk 28 with (300, 5) of 30193 total samples had been cleaned.
INFO:root:[2023-01-16 05:21:14.648884]Data chunk 29 with (300, 5) of 30193 total samples had been cleaned.
INFO:root:[2023-01-16 05:49:17.736985]Data chunk 30 with (300, 5) of 30193 total samples had been cleaned.
INFO:root:[2023-01-16 06:15:20.391346]Data chunk 31 with (300, 5) of 30193 total samples had been cleaned.
INFO:root:[2023-01-16 06:44:22.446693]Data chunk 32 with (300, 5) of 30193 total samples had been cleaned.
INFO:root:[2023-01-16 07:15:37.525962]Data chunk 33 with (300, 5) of 30193 total samples had been cleaned.
INFO:root:[2023-01-16 07:37:39.990116]Data chunk 34 with (300, 5) of 30193 total samples had been cleaned.
INFO:root:[2023-01-16 07:52:44.653955]Data chunk 35 with (300, 5) of 30193 total samples had been cleaned.
INFO:root:[2023-01-16 08:05:51.035082]Data chunk 36 with (300, 5) of 30193 total samples had been cleaned.
INFO:root:[2023-01-16 08:32:58.271551]Data chunk 37 with (300, 5) of 30193 total samples had been cleaned.
INFO:root:[2023-01-16 09:33:42.764344]Data chunk 38 with (300, 5) of 30193 total samples had been cleaned.
WARNING:root:[2023-01-16 09:55:46.359962]Data cleaning of a chunk of samples had been interrupted by KeyboardInterrupt.
DEBUG:urllib3.connectionpool:Starting new HTTPS connection (1): datahub.io:443
DEBUG:urllib3.connectionpool:https://datahub.io:443 "GET /core/world-cities/datapackage.json HTTP/1.1" 302 86
DEBUG:urllib3.connectionpool:Starting new HTTPS connection (1): pkgstore.datahub.io:443
DEBUG:urllib3.connectionpool:https://pkgstore.datahub.io:443 "GET /core/world-cities/8/datapackage.json HTTP/1.1" 200 None
DEBUG:urllib3.connectionpool:Starting new HTTPS connection (1): datahub.io:443
INFO:root:Data Preprocessing and Cleaning with Language de and data file files\raw_texts.feather (source) created. Target file is files\cleaned_texts.feather
INFO:root:[2023-01-16 09:59:58.966446]Data cleaning started
INFO:root:[2023-01-16 10:00:44.017597]Data chunk 0 with (300, 5) of 20644 total samples had been cleaned.
INFO:root:[2023-01-16 10:01:52.490145]Data chunk 1 with (300, 5) of 20644 total samples had been cleaned.
INFO:root:[2023-01-16 10:04:44.015938]Data chunk 2 with (300, 5) of 20644 total samples had been cleaned.
INFO:root:[2023-01-16 10:06:17.519614]Data chunk 3 with (300, 5) of 20644 total samples had been cleaned.
INFO:root:[2023-01-16 10:08:33.403928]Data chunk 4 with (300, 5) of 20644 total samples had been cleaned.
INFO:root:[2023-01-16 10:11:17.524584]Data chunk 5 with (300, 5) of 20644 total samples had been cleaned.
INFO:root:[2023-01-16 10:13:51.582701]Data chunk 6 with (300, 5) of 20644 total samples had been cleaned.
INFO:root:[2023-01-16 11:02:48.802139]Data chunk 7 with (300, 5) of 20644 total samples had been cleaned.
INFO:root:[2023-01-16 11:56:46.779567]Data chunk 8 with (300, 5) of 20644 total samples had been cleaned.
INFO:root:[2023-01-16 12:22:11.051960]Data chunk 9 with (300, 5) of 20644 total samples had been cleaned.
INFO:root:[2023-01-16 12:47:08.033370]Data chunk 10 with (300, 5) of 20644 total samples had been cleaned.
INFO:root:[2023-01-16 13:00:35.786537]Data chunk 11 with (300, 5) of 20644 total samples had been cleaned.
INFO:root:[2023-01-16 13:11:59.116845]Data chunk 12 with (300, 5) of 20644 total samples had been cleaned.
INFO:root:[2023-01-16 13:30:53.260237]Data chunk 13 with (300, 5) of 20644 total samples had been cleaned.
INFO:root:[2023-01-16 13:41:44.338517]Data chunk 14 with (300, 5) of 20644 total samples had been cleaned.
INFO:root:[2023-01-16 14:32:45.877132]Data chunk 15 with (300, 5) of 20644 total samples had been cleaned.
INFO:root:[2023-01-16 15:02:39.907517]Data chunk 16 with (300, 5) of 20644 total samples had been cleaned.
INFO:root:[2023-01-16 15:34:51.931188]Data chunk 17 with (300, 5) of 20644 total samples had been cleaned.
INFO:root:[2023-01-16 15:50:00.602531]Data chunk 18 with (300, 5) of 20644 total samples had been cleaned.
INFO:root:[2023-01-16 15:55:25.528689]Data chunk 19 with (300, 5) of 20644 total samples had been cleaned.
INFO:root:[2023-01-16 16:07:03.087152]Data chunk 20 with (300, 5) of 20644 total samples had been cleaned.
INFO:root:[2023-01-16 16:12:56.047536]Data chunk 21 with (300, 5) of 20644 total samples had been cleaned.
INFO:root:[2023-01-16 16:24:51.147444]Data chunk 22 with (300, 5) of 20644 total samples had been cleaned.
WARNING:root:[2023-01-16 16:24:58.195429]Data cleaning of a chunk of samples had been interrupted by KeyboardInterrupt.
INFO:root:Data Preprocessing and Cleaning with Language de and data file files\raw_texts.feather (source) created. Target file is files\cleaned_texts.feather
INFO:root:[2023-01-16 16:25:35.356279]Data cleaning started
INFO:root:[2023-01-16 16:26:22.824241]Data chunk 0 with (300, 5) of 16341 total samples had been cleaned.
INFO:root:[2023-01-16 16:28:05.487124]Data chunk 1 with (300, 5) of 16341 total samples had been cleaned.
INFO:root:[2023-01-16 16:30:09.182539]Data chunk 2 with (300, 5) of 16341 total samples had been cleaned.
INFO:root:[2023-01-16 16:31:14.033039]Data chunk 3 with (300, 5) of 16341 total samples had been cleaned.
INFO:root:[2023-01-16 16:34:28.197549]Data chunk 4 with (300, 5) of 16341 total samples had been cleaned.
INFO:root:[2023-01-16 16:37:34.285109]Data chunk 5 with (300, 5) of 16341 total samples had been cleaned.
INFO:root:[2023-01-16 16:40:43.752246]Data chunk 6 with (300, 5) of 16341 total samples had been cleaned.
INFO:root:[2023-01-16 16:42:29.268084]Data chunk 7 with (300, 5) of 16341 total samples had been cleaned.
INFO:root:[2023-01-16 16:50:05.384454]Data chunk 8 with (300, 5) of 16341 total samples had been cleaned.
INFO:root:[2023-01-16 17:05:09.846322]Data chunk 9 with (300, 5) of 16341 total samples had been cleaned.
INFO:root:[2023-01-16 17:19:37.375684]Data chunk 10 with (300, 5) of 16341 total samples had been cleaned.
INFO:root:[2023-01-16 17:45:08.685973]Data chunk 11 with (300, 5) of 16341 total samples had been cleaned.
INFO:root:[2023-01-16 18:03:37.260335]Data chunk 12 with (300, 5) of 16341 total samples had been cleaned.
INFO:root:[2023-01-16 18:12:55.482498]Data chunk 13 with (300, 5) of 16341 total samples had been cleaned.
INFO:root:[2023-01-16 18:22:58.751868]Data chunk 14 with (300, 5) of 16341 total samples had been cleaned.
INFO:root:[2023-01-16 18:33:34.538635]Data chunk 15 with (300, 5) of 16341 total samples had been cleaned.
INFO:root:[2023-01-16 18:53:48.975483]Data chunk 16 with (300, 5) of 16341 total samples had been cleaned.
INFO:root:[2023-01-16 19:09:47.574277]Data chunk 17 with (300, 5) of 16341 total samples had been cleaned.
INFO:root:[2023-01-16 19:19:56.479249]Data chunk 18 with (300, 5) of 16341 total samples had been cleaned.
INFO:root:[2023-01-16 19:36:18.670511]Data chunk 19 with (300, 5) of 16341 total samples had been cleaned.
INFO:root:[2023-01-16 20:13:42.523119]Data chunk 20 with (300, 5) of 16341 total samples had been cleaned.
INFO:root:[2023-01-16 20:37:54.752131]Data chunk 21 with (300, 5) of 16341 total samples had been cleaned.
INFO:root:[2023-01-16 21:00:03.636023]Data chunk 22 with (300, 5) of 16341 total samples had been cleaned.
INFO:root:[2023-01-16 21:15:36.714673]Data chunk 23 with (300, 5) of 16341 total samples had been cleaned.
INFO:root:[2023-01-16 21:31:32.421190]Data chunk 24 with (300, 5) of 16341 total samples had been cleaned.
WARNING:root:[2023-01-16 21:32:23.000974]Data cleaning of a chunk of samples had been interrupted by KeyboardInterrupt.
INFO:root:Data Preprocessing and Cleaning with Language de and data file files\raw_texts.feather (source) created. Target file is files\cleaned_texts.feather
INFO:root:[2023-01-16 21:35:24.195497]Data cleaning started
INFO:root:[2023-01-16 21:36:04.975172]Data chunk 0 with (300, 5) of 12163 total samples had been cleaned.
INFO:root:[2023-01-16 21:37:12.847768]Data chunk 1 with (300, 5) of 12163 total samples had been cleaned.
INFO:root:[2023-01-16 21:38:46.665289]Data chunk 2 with (300, 5) of 12163 total samples had been cleaned.
INFO:root:[2023-01-16 21:39:37.335252]Data chunk 3 with (300, 5) of 12163 total samples had been cleaned.
INFO:root:[2023-01-16 21:41:48.623337]Data chunk 4 with (300, 5) of 12163 total samples had been cleaned.
INFO:root:[2023-01-16 21:43:35.615342]Data chunk 5 with (300, 5) of 12163 total samples had been cleaned.
INFO:root:[2023-01-16 21:45:42.399585]Data chunk 6 with (300, 5) of 12163 total samples had been cleaned.
INFO:root:[2023-01-16 21:46:39.901797]Data chunk 7 with (300, 5) of 12163 total samples had been cleaned.
INFO:root:[2023-01-16 21:48:46.740906]Data chunk 8 with (300, 5) of 12163 total samples had been cleaned.
INFO:root:[2023-01-16 21:49:56.315173]Data chunk 9 with (300, 5) of 12163 total samples had been cleaned.
INFO:root:[2023-01-16 21:50:53.769197]Data chunk 10 with (300, 5) of 12163 total samples had been cleaned.
INFO:root:[2023-01-16 22:03:48.498765]Data chunk 11 with (300, 5) of 12163 total samples had been cleaned.
INFO:root:[2023-01-16 22:16:03.993667]Data chunk 12 with (300, 5) of 12163 total samples had been cleaned.
INFO:root:[2023-01-16 22:23:06.532473]Data chunk 13 with (300, 5) of 12163 total samples had been cleaned.
INFO:root:[2023-01-16 22:31:36.202956]Data chunk 14 with (300, 5) of 12163 total samples had been cleaned.
INFO:root:[2023-01-16 22:40:37.498671]Data chunk 15 with (300, 5) of 12163 total samples had been cleaned.
INFO:root:[2023-01-16 22:52:43.438463]Data chunk 16 with (300, 5) of 12163 total samples had been cleaned.
INFO:root:[2023-01-16 23:05:57.226549]Data chunk 17 with (300, 5) of 12163 total samples had been cleaned.
INFO:root:[2023-01-16 23:16:35.429537]Data chunk 18 with (300, 5) of 12163 total samples had been cleaned.
INFO:root:[2023-01-16 23:32:50.956753]Data chunk 19 with (300, 5) of 12163 total samples had been cleaned.
INFO:root:[2023-01-16 23:49:55.963492]Data chunk 20 with (300, 5) of 12163 total samples had been cleaned.
INFO:root:[2023-01-17 00:03:50.492548]Data chunk 21 with (300, 5) of 12163 total samples had been cleaned.
INFO:root:[2023-01-17 00:18:36.006416]Data chunk 22 with (300, 5) of 12163 total samples had been cleaned.
INFO:root:[2023-01-17 00:28:13.441706]Data chunk 23 with (300, 5) of 12163 total samples had been cleaned.
INFO:root:[2023-01-17 00:37:51.392548]Data chunk 24 with (300, 5) of 12163 total samples had been cleaned.
INFO:root:[2023-01-17 00:51:23.933735]Data chunk 25 with (300, 5) of 12163 total samples had been cleaned.
INFO:root:[2023-01-17 01:01:51.875815]Data chunk 26 with (300, 5) of 12163 total samples had been cleaned.
INFO:root:[2023-01-17 01:13:24.519916]Data chunk 27 with (300, 5) of 12163 total samples had been cleaned.
INFO:root:[2023-01-17 01:24:45.684637]Data chunk 28 with (300, 5) of 12163 total samples had been cleaned.
INFO:root:[2023-01-17 01:35:47.470749]Data chunk 29 with (300, 5) of 12163 total samples had been cleaned.
INFO:root:[2023-01-17 01:45:55.107547]Data chunk 30 with (300, 5) of 12163 total samples had been cleaned.
INFO:root:[2023-01-17 01:58:31.033635]Data chunk 31 with (300, 5) of 12163 total samples had been cleaned.
INFO:root:[2023-01-17 02:11:55.601773]Data chunk 32 with (300, 5) of 12163 total samples had been cleaned.
INFO:root:[2023-01-17 02:48:11.195175]Data chunk 33 with (300, 5) of 12163 total samples had been cleaned.
INFO:root:[2023-01-17 03:43:09.526409]Data chunk 34 with (300, 5) of 12163 total samples had been cleaned.
INFO:root:[2023-01-17 04:39:33.001816]Data chunk 35 with (300, 5) of 12163 total samples had been cleaned.
INFO:root:[2023-01-17 05:17:34.072649]Data chunk 36 with (300, 5) of 12163 total samples had been cleaned.
INFO:root:[2023-01-17 05:31:52.319237]Data chunk 37 with (300, 5) of 12163 total samples had been cleaned.
INFO:root:[2023-01-17 05:52:52.047153]Data chunk 38 with (300, 5) of 12163 total samples had been cleaned.
INFO:root:[2023-01-17 06:16:14.761129]Data chunk 39 with (300, 5) of 12163 total samples had been cleaned.
INFO:root:[2023-01-17 06:23:32.032283]Data chunk 40 with (163, 5) of 12163 total samples had been cleaned.
INFO:root:[2023-01-17 06:23:32.032283] Done cleaning!
DEBUG:urllib3.connectionpool:Starting new HTTPS connection (1): datahub.io:443
DEBUG:urllib3.connectionpool:https://datahub.io:443 "GET /core/world-cities/datapackage.json HTTP/1.1" 302 86
DEBUG:urllib3.connectionpool:Starting new HTTPS connection (1): pkgstore.datahub.io:443
DEBUG:urllib3.connectionpool:https://pkgstore.datahub.io:443 "GET /core/world-cities/8/datapackage.json HTTP/1.1" 200 None
DEBUG:urllib3.connectionpool:Starting new HTTPS connection (1): datahub.io:443
DEBUG:urllib3.connectionpool:https://datahub.io:443 "GET /core/world-cities/datapackage.json HTTP/1.1" 302 86
DEBUG:urllib3.connectionpool:Starting new HTTPS connection (1): pkgstore.datahub.io:443
DEBUG:urllib3.connectionpool:https://pkgstore.datahub.io:443 "GET /core/world-cities/8/datapackage.json HTTP/1.1" 200 None
[2023-03-30 11:33:05,083]INFO|Cleaning|Data Preprocessing and Cleaning with Language de and data file files\01_crawl\pristine_raw_texts_de.feather (source) created. Target file is files\02_clean\pristine_cleaned_texts_de.feather
[2023-03-30 11:33:05,085]INFO|Cleaning|Data cleaning started
[2023-03-30 11:33:05,085]INFO|Cleaning|New chunk starts cleaning. Total cleaned: 0
[2023-03-30 11:33:27,681]INFO|Cleaning|Non textual elements and stopwords had been removed.
[2023-03-30 11:33:30,577]INFO|Cleaning|Languages had been detected and filtered.
[2023-03-30 11:33:30,589]INFO|Cleaning|Data chunk 0 with (100, 6) of 985 total samples had been cleaned.
[2023-03-30 11:33:30,592]INFO|Cleaning|New chunk starts cleaning. Total cleaned: 100
[2023-03-30 11:33:40,600]INFO|Cleaning|Non textual elements and stopwords had been removed.
[2023-03-30 11:33:42,038]INFO|Cleaning|Languages had been detected and filtered.
[2023-03-30 11:33:42,062]INFO|Cleaning|Data chunk 1 with (100, 6) of 985 total samples had been cleaned.
[2023-03-30 11:33:42,062]INFO|Cleaning|New chunk starts cleaning. Total cleaned: 200
[2023-03-30 11:33:58,338]INFO|Cleaning|Non textual elements and stopwords had been removed.
[2023-03-30 11:34:00,404]INFO|Cleaning|Languages had been detected and filtered.
[2023-03-30 11:34:00,427]INFO|Cleaning|Data chunk 2 with (100, 6) of 985 total samples had been cleaned.
[2023-03-30 11:34:00,428]INFO|Cleaning|New chunk starts cleaning. Total cleaned: 300
[2023-03-30 11:34:17,570]INFO|Cleaning|Non textual elements and stopwords had been removed.
[2023-03-30 11:34:19,904]INFO|Cleaning|Languages had been detected and filtered.
[2023-03-30 11:34:19,932]INFO|Cleaning|Data chunk 3 with (100, 6) of 985 total samples had been cleaned.
[2023-03-30 11:34:19,932]INFO|Cleaning|New chunk starts cleaning. Total cleaned: 400
[2023-03-30 11:34:32,480]INFO|Cleaning|Non textual elements and stopwords had been removed.
[2023-03-30 11:34:34,425]INFO|Cleaning|Languages had been detected and filtered.
[2023-03-30 11:34:34,455]INFO|Cleaning|Data chunk 4 with (100, 6) of 985 total samples had been cleaned.
[2023-03-30 11:34:34,456]INFO|Cleaning|New chunk starts cleaning. Total cleaned: 500
[2023-03-30 11:34:48,494]INFO|Cleaning|Non textual elements and stopwords had been removed.
[2023-03-30 11:34:50,555]INFO|Cleaning|Languages had been detected and filtered.
[2023-03-30 11:34:50,583]INFO|Cleaning|Data chunk 5 with (100, 6) of 985 total samples had been cleaned.
[2023-03-30 11:34:50,584]INFO|Cleaning|New chunk starts cleaning. Total cleaned: 600
[2023-03-30 11:35:17,013]INFO|Cleaning|Non textual elements and stopwords had been removed.
[2023-03-30 11:35:19,852]INFO|Cleaning|Languages had been detected and filtered.
[2023-03-30 11:35:19,888]INFO|Cleaning|Data chunk 6 with (100, 6) of 985 total samples had been cleaned.
[2023-03-30 11:35:19,889]INFO|Cleaning|New chunk starts cleaning. Total cleaned: 700
[2023-03-30 11:35:41,762]INFO|Cleaning|Non textual elements and stopwords had been removed.
[2023-03-30 11:35:44,322]INFO|Cleaning|Languages had been detected and filtered.
[2023-03-30 11:35:44,429]INFO|Cleaning|Data chunk 7 with (100, 6) of 985 total samples had been cleaned.
[2023-03-30 11:35:44,430]INFO|Cleaning|New chunk starts cleaning. Total cleaned: 800
[2023-03-30 11:36:01,393]INFO|Cleaning|Non textual elements and stopwords had been removed.
[2023-03-30 11:36:03,528]INFO|Cleaning|Languages had been detected and filtered.
[2023-03-30 11:36:03,573]INFO|Cleaning|Data chunk 8 with (100, 6) of 985 total samples had been cleaned.
[2023-03-30 11:36:03,574]INFO|Cleaning|New chunk starts cleaning. Total cleaned: 900
[2023-03-30 11:36:14,609]INFO|Cleaning|Non textual elements and stopwords had been removed.
[2023-03-30 11:36:16,138]INFO|Cleaning|Languages had been detected and filtered.
[2023-03-30 11:36:16,184]INFO|Cleaning|Data chunk 9 with (85, 6) of 985 total samples had been cleaned.
[2023-03-30 11:36:16,184]INFO|Cleaning|Done cleaning of whole dataset!
