[2023-03-14 10:09:41,995]INFO|Classification|Classification tuning started with Language en, Text-Column: TOPIC and Data source file: 'files_classify\labeled_texts_en_TOPIC.feather'.
[2023-03-15 01:41:09,114]INFO|Classification|[Random Search]Best Model with Accuracy: 1.0 and Configuration:{'lr': 0.0002722951155119221, 'batch_size': 2, 'epoch': 1, 'lang': 'en', 'col': 'TOPIC', 'len_train_dl': 14587} reached. Checkpoint: Checkpoint(local_path=D:\University\HDM\Master\Repository\ml-classification-repo\models\classification\pytorch_tuning_en\random_search_en\train_model_f5205_00004_4_batch_size=2,epoch=1,lr=0.0003_2023-03-14_23-57-28\checkpoint_000000)
[2023-03-23 18:35:39,264]INFO|Classification|################################################### Language: en, Text-type: TOPIC, Labeled data: files\04_classify\Experiment1\labeled_texts_en_TOPIC.feather ####################################################
[2023-03-23 18:38:53,757]INFO|Classification|[HPO]RuntimeError occurred:No best trial found for the given metric: accuracy. This means that no trial has reported this metric, or all values reported for this metric are NaN. To not ignore NaN values, you can set the `filter_nan_and_inf` arg to False.
[2023-03-23 18:39:14,709]INFO|Classification|################################################### Language: en, Text-type: TOPIC, Labeled data: files\04_classify\Experiment1\labeled_texts_en_TOPIC.feather ####################################################
[2023-03-23 18:43:06,430]INFO|Classification|[HPO]RuntimeError occurred:No best trial found for the given metric: accuracy. This means that no trial has reported this metric, or all values reported for this metric are NaN. To not ignore NaN values, you can set the `filter_nan_and_inf` arg to False.
[2023-03-23 18:48:49,355]INFO|Classification|################################################### Language: en, Text-type: TOPIC, Labeled data: files\04_classify\Experiment1\labeled_texts_en_TOPIC.feather ####################################################
[2023-03-23 18:51:14,684]INFO|Classification|[HPO]RuntimeError occurred:No best trial found for the given metric: accuracy. This means that no trial has reported this metric, or all values reported for this metric are NaN. To not ignore NaN values, you can set the `filter_nan_and_inf` arg to False.
[2023-03-23 18:51:58,616]INFO|Classification|################################################### Language: en, Text-type: TOPIC, Labeled data: files\04_classify\Experiment1\labeled_texts_en_TOPIC.feather ####################################################
[2023-03-23 18:55:18,798]INFO|Classification|[HPO]RuntimeError occurred:No best trial found for the given metric: accuracy. This means that no trial has reported this metric, or all values reported for this metric are NaN. To not ignore NaN values, you can set the `filter_nan_and_inf` arg to False.
[2023-03-23 18:57:01,924]INFO|Classification|################################################### Language: en, Text-type: TOPIC, Labeled data: files\04_classify\Experiment1\labeled_texts_en_TOPIC.feather ####################################################
[2023-03-23 19:05:25,761]INFO|Classification|[HPO]RuntimeError occurred:No best trial found for the given metric: accuracy. This means that no trial has reported this metric, or all values reported for this metric are NaN. To not ignore NaN values, you can set the `filter_nan_and_inf` arg to False.
[2023-03-23 19:07:29,813]INFO|Classification|################################################### Language: en, Text-type: TOPIC, Labeled data: files\04_classify\Experiment1\labeled_texts_en_TOPIC.feather ####################################################
[2023-03-23 19:21:05,920]INFO|Classification|[HPO]RuntimeError occurred:No best trial found for the given metric: accuracy. This means that no trial has reported this metric, or all values reported for this metric are NaN. To not ignore NaN values, you can set the `filter_nan_and_inf` arg to False.
[2023-03-23 19:21:43,064]INFO|Classification|################################################### Language: en, Text-type: TOPIC, Labeled data: files\04_classify\Experiment1\labeled_texts_en_TOPIC.feather ####################################################
[2023-03-23 19:23:16,254]INFO|Classification|[HPO]RuntimeError occurred:No best trial found for the given metric: accuracy. This means that no trial has reported this metric, or all values reported for this metric are NaN. To not ignore NaN values, you can set the `filter_nan_and_inf` arg to False.
[2023-03-23 19:23:47,203]INFO|Classification|################################################### Language: en, Text-type: TOPIC, Labeled data: files\04_classify\Experiment1\labeled_texts_en_TOPIC.feather ####################################################
[2023-03-23 19:26:33,820]INFO|Classification|[HPO]RuntimeError occurred:No best trial found for the given metric: accuracy. This means that no trial has reported this metric, or all values reported for this metric are NaN. To not ignore NaN values, you can set the `filter_nan_and_inf` arg to False.
[2023-03-23 19:26:47,904]INFO|Classification|################################################### Language: en, Text-type: TOPIC, Labeled data: files\04_classify\Experiment1\labeled_texts_en_TOPIC.feather ####################################################
[2023-03-23 19:29:36,383]INFO|Classification|[HPO]RuntimeError occurred:No best trial found for the given metric: accuracy. This means that no trial has reported this metric, or all values reported for this metric are NaN. To not ignore NaN values, you can set the `filter_nan_and_inf` arg to False.
[2023-03-23 19:29:49,759]INFO|Classification|################################################### Language: en, Text-type: TOPIC, Labeled data: files\04_classify\Experiment1\labeled_texts_en_TOPIC.feather ####################################################
[2023-03-23 19:30:13,190]INFO|Classification|[HPO]KeyboardInterrupt.
[2023-03-23 19:30:27,633]INFO|Classification|################################################### Language: en, Text-type: TOPIC, Labeled data: files\04_classify\Experiment1\labeled_texts_en_TOPIC.feather ####################################################
[2023-03-23 19:34:06,679]INFO|Classification|[HPO]RuntimeError occurred:No best trial found for the given metric: accuracy. This means that no trial has reported this metric, or all values reported for this metric are NaN. To not ignore NaN values, you can set the `filter_nan_and_inf` arg to False.
[2023-03-23 19:34:22,066]INFO|Classification|################################################### Language: en, Text-type: TOPIC, Labeled data: files\04_classify\Experiment1\labeled_texts_en_TOPIC.feather ####################################################
[2023-03-23 19:37:15,491]INFO|Classification|[HPO]RuntimeError occurred:No best trial found for the given metric: accuracy. This means that no trial has reported this metric, or all values reported for this metric are NaN. To not ignore NaN values, you can set the `filter_nan_and_inf` arg to False.
[2023-03-23 19:37:54,438]INFO|Classification|################################################### Language: en, Text-type: TOPIC, Labeled data: files\04_classify\Experiment1\labeled_texts_en_TOPIC.feather ####################################################
[2023-03-23 19:44:34,132]INFO|Classification|[HPO]RuntimeError occurred:No best trial found for the given metric: accuracy. This means that no trial has reported this metric, or all values reported for this metric are NaN. To not ignore NaN values, you can set the `filter_nan_and_inf` arg to False.
[2023-03-23 19:45:09,242]INFO|Classification|################################################### Language: en, Text-type: TOPIC, Labeled data: files\04_classify\Experiment1\labeled_texts_en_TOPIC.feather ####################################################
[2023-03-23 20:02:23,757]INFO|Classification|[HPO]KeyboardInterrupt.
[2023-03-23 20:02:52,978]INFO|Classification|################################################### Language: en, Text-type: TOPIC, Labeled data: files\04_classify\Experiment1\labeled_texts_en_TOPIC.feather ####################################################
[2023-03-24 13:19:04,360]INFO|Classification|[Hyperband]Best Model with Accuracy: 1.0 and Configuration:{'lr': 0.0030078854356143728, 'batch_size': 2, 'epoch': 10} reached. Checkpoint: Checkpoint(local_path=D:\University\HDM\Master\Repository\ml-classification-repo\models\classification\pytorch_tuning_en\hyperband_en\_train_model_50341_00000_0_batch_size=2,epoch=10,lr=0.0030_2023-03-23_20-02-53\checkpoint_000002)
[2023-03-24 13:19:04,624]INFO|Classification|[Model trained_model_en_TOPIC_0.pth] Best Model with Accuracy:1.0, HPO Hyperband and Configuration: batch_size = 2, lr = 0.0030078854356143728, epoch = 10.
[2023-03-24 13:21:03,919]INFO|Classification|[Model trained_model_en_TOPIC_0.pth]Accuracy on validation set:0.02076907258893687. Saved to d:/University/HDM/Master/Repository/ml-classification-repo/models\classification\trained_model_en_TOPIC_0.pth
[2023-03-24 19:05:37,465]INFO|Classification|################################################### Language: en, Text-type: TOPIC, Labeled data: files\04_classify\Experiment1\labeled_texts_en_TOPIC.feather ####################################################
[2023-03-25 04:51:01,845]INFO|Classification|[BOHB]Best Model with Accuracy: 0.0 and Configuration:{'lr': 0.0005043372725581906, 'batch_size': 2, 'epoch': 5} reached. Checkpoint: Checkpoint(local_path=D:\University\HDM\Master\Repository\ml-classification-repo\models\classification\pytorch_tuning_en\bohb_search_en\_train_model_6c5db7cc_1_batch_size=2,epoch=5,lr=0.0005_2023-03-24_19-05-38\checkpoint_000001)
[2023-03-25 04:51:01,902]INFO|Classification|[Model trained_model_en_TOPIC_1.pth] Best Model with Accuracy:0.0, HPO BOHB and Configuration: batch_size = 2, lr = 0.0005043372725581906, epoch = 5.
[2023-03-25 04:53:02,166]INFO|Classification|[Model trained_model_en_TOPIC_1.pth]Accuracy on validation set:0.09726506271848653. Saved to d:/University/HDM/Master/Repository/ml-classification-repo/models\classification\trained_model_en_TOPIC_1.pth
[2023-03-25 09:28:14,156]INFO|Classification|################################################### Language: en, Text-type: TOPIC, Labeled data: files\04_classify\Experiment1\labeled_texts_en_TOPIC.feather ####################################################
[2023-03-25 09:28:31,794]INFO|Classification|[HPO]KeyboardInterrupt.
[2023-03-25 09:28:56,896]INFO|Classification|################################################### Language: en, Text-type: TOPIC, Labeled data: files\04_classify\Experiment1\labeled_texts_en_TOPIC.feather ####################################################
[2023-03-25 22:29:02,854]INFO|Classification|[Hyperband]Best Model with Accuracy: 1.0 and Configuration:{'lr': 0.001353381494221942, 'batch_size': 2, 'epoch': 7} reached. Checkpoint: Checkpoint(local_path=D:\University\HDM\Master\Repository\ml-classification-repo\models\classification\pytorch_tuning_en\hyperband_en\_train_model_15c2a_00001_1_batch_size=2,epoch=7,lr=0.0014_2023-03-25_12-44-34\checkpoint_000001)
[2023-03-25 22:29:03,105]INFO|Classification|[Model trained_model_en_TOPIC_2.pth] Best Model with Accuracy:1.0, HPO Hyperband and Configuration: batch_size = 2, lr = 0.001353381494221942, epoch = 7.
[2023-03-25 22:30:34,257]INFO|Classification|[Model trained_model_en_TOPIC_2.pth]Accuracy on validation set:0.5969566111453835. Saved to d:/University/HDM/Master/Repository/ml-classification-repo/models\classification\trained_model_en_TOPIC_2.pth
[2023-03-25 22:31:43,496]INFO|Classification|################################################### Language: en, Text-type: TOPIC, Labeled data: files\04_classify\Experiment1\labeled_texts_en_TOPIC.feather ####################################################
[2023-03-26 12:32:58,857]INFO|Classification|[BOHB]Best Model with Accuracy: 0.0 and Configuration:{'lr': 0.006373799431831426, 'batch_size': 2, 'epoch': 10} reached. Checkpoint: Checkpoint(local_path=D:\University\HDM\Master\Repository\ml-classification-repo\models\classification\pytorch_tuning_en\bohb_search_en\_train_model_27aa01cf_1_batch_size=2,epoch=10,lr=0.0064_2023-03-25_22-31-44\checkpoint_000001)
[2023-03-26 12:32:59,103]INFO|Classification|[Model trained_model_en_TOPIC_3.pth] Best Model with Accuracy:0.0, HPO BOHB and Configuration: batch_size = 2, lr = 0.006373799431831426, epoch = 10.
[2023-03-26 12:35:07,956]INFO|Classification|[Model trained_model_en_TOPIC_3.pth]Accuracy on validation set:0.043388854616491876. Saved to d:/University/HDM/Master/Repository/ml-classification-repo/models\classification\trained_model_en_TOPIC_3.pth
[2023-03-26 15:35:48,391]INFO|Classification|################################################### Language: en, Text-type: TOPIC, Labeled data: files\04_classify\Experiment1\labeled_texts_en_TOPIC.feather ####################################################
[2023-03-26 15:35:55,616]INFO|Classification|[HPO]KeyboardInterrupt.
[2023-03-26 18:40:19,881]INFO|Classification|################################################### Language: en, Text-type: TOPIC, Labeled data: files\04_classify\Experiment1\labeled_texts_en_TOPIC.feather ####################################################
[2023-03-26 18:40:45,728]INFO|Classification|[HPO]KeyboardInterrupt.
[2023-03-26 18:42:57,569]INFO|Classification|################################################### Language: en, Text-type: TOPIC, Labeled data: files\04_classify\Experiment1\labeled_texts_en_TOPIC.feather ####################################################
[2023-03-26 18:43:39,324]INFO|Classification|[HPO]Error occurred:'NoneType' object has no attribute '_local_path'
[2023-03-26 18:44:28,129]INFO|Classification|################################################### Language: en, Text-type: TOPIC, Labeled data: files\04_classify\Experiment1\labeled_texts_en_TOPIC.feather ####################################################
[2023-03-27 01:15:28,584]INFO|Classification|[BOHB]Best Model with Accuracy: 1.0 and Configuration:{'lr': 0.02887213416017774, 'batch_size': 2, 'epoch': 7} reached. Checkpoint: Checkpoint(local_path=D:\University\HDM\Master\Repository\ml-classification-repo\models\classification\pytorch_tuning_en\bohb_search_en\_train_model_7ec67252_4_batch_size=2,epoch=7,lr=0.0289_2023-03-26_23-38-06\checkpoint_000000)
[2023-03-27 01:15:28,815]INFO|Classification|[Model trained_model_en_TOPIC_4.pth] Best Model with Accuracy:1.0, HPO BOHB and Configuration: batch_size = 2, lr = 0.02887213416017774, epoch = 7.
[2023-03-27 01:16:35,314]INFO|Classification|[Model trained_model_en_TOPIC_4.pth]Accuracy on validation set:0.09726506271848653. Saved to d:/University/HDM/Master/Repository/ml-classification-repo/models\classification\trained_model_en_TOPIC_4.pth
