[2023-03-01 22:18:05,286]INFO|Labeler|Automated Labeling started with Language de, Text-Column: TOPIC and data file files\02_clean\topiced_texts_de.feather (source) created. Target file is files\04_classify\labeled_texts_de_TOPIC.feather
[2023-03-01 22:18:05,287]INFO|Labeler|Application of Labeling Functions: [LabelingFunction cluster_0, Preprocessors: [], LabelingFunction cluster_3, Preprocessors: [], LabelingFunction cluster_2, Preprocessors: [], LabelingFunction cluster_1, Preprocessors: [], LabelingFunction cluster_6, Preprocessors: [], LabelingFunction cluster_4, Preprocessors: [], LabelingFunction cluster_5, Preprocessors: [], LabelingFunction keyword_0, Preprocessors: [], LabelingFunction keyword_3, Preprocessors: [], LabelingFunction keyword_2, Preprocessors: [], LabelingFunction keyword_1, Preprocessors: [], LabelingFunction keyword_6, Preprocessors: [], LabelingFunction keyword_4, Preprocessors: [], LabelingFunction keyword_5, Preprocessors: []]
[2023-03-01 22:18:05,290]INFO|Labeler|Training of 2-Fold Cross-Validation with Trainingsplit 1 started.
[2023-03-01 22:31:27,118]INFO|Labeler|Training set coverage of 2-Fold Cross Validation with Trainingset 1:  100.0%
[2023-03-01 22:31:27,188]INFO|Labeler|Validate metrics of 2-fold Cross Validation with Trainingset 1
[2023-03-01 22:31:27,204]INFO|Labeler|Training and Evaluation of best Model with 2-fold Cross Validation with Trainingset 1
[2023-03-01 22:35:23,773]INFO|Labeler|2-Fold Cross-Validation with Trainingsplit 1 were trained.
[2023-03-01 22:35:23,777]INFO|Labeler|Current best training: {'Type': 'GridSearch', 'n_epochs': 30, 'log_freq': 30, 'l2': 0.2, 'lr': 1e-05, 'optimizer': 'adamax', 'accuracy': 0.39514348785871967, 'PrecisionMicro': 0.39514348785871967, 'PrecisionMacro': 0.4548304749872499, 'F1Micro': 0.39514348785871967, 'F1Macro': 0.3094265205238954, 'MCC': 0.27229294738003407, 'Coverage': 1.0, 'k-fold': 2, 'trainingset': 1, 'model': 'd:/University/HDM/Master/Repository/ml-classification-repo/models\\label\\model_tuning_de\\grid_search_TOPIC\\model_00046_n_epochs_30_log_freq_30_l2_0.2_lr_1e-05_optimizer_adamax_2023-03-01\\label_model.pkl'}
[2023-03-01 22:35:23,778]INFO|Labeler|Training of 2-Fold Cross-Validation with Trainingsplit 2 started.
[2023-03-01 22:48:45,082]INFO|Labeler|Training set coverage of 2-Fold Cross Validation with Trainingset 2:  100.0%
[2023-03-01 22:48:45,097]INFO|Labeler|Validate metrics of 2-fold Cross Validation with Trainingset 2
[2023-03-01 22:48:45,112]INFO|Labeler|Training and Evaluation of best Model with 2-fold Cross Validation with Trainingset 2
[2023-03-01 22:51:11,290]INFO|Labeler|2-Fold Cross-Validation with Trainingsplit 2 were trained.
[2023-03-01 22:51:11,293]INFO|Labeler|Current best training: {'Type': 'GridSearch', 'n_epochs': 50, 'log_freq': 30, 'l2': 0.2, 'lr': 1e-05, 'optimizer': 'adamax', 'accuracy': 0.423963133640553, 'PrecisionMicro': 0.423963133640553, 'PrecisionMacro': 0.33580557910265924, 'F1Micro': 0.423963133640553, 'F1Macro': 0.32596374967834063, 'MCC': 0.3038937275943792, 'Coverage': 1.0, 'k-fold': 2, 'trainingset': 2, 'model': 'd:/University/HDM/Master/Repository/ml-classification-repo/models\\label\\model_tuning_de\\grid_search_TOPIC\\model_18329_n_epochs_50_log_freq_30_l2_0.2_lr_1e-05_optimizer_adamax_2023-03-01\\label_model.pkl'}
[2023-03-01 22:51:11,295]INFO|Labeler|Training of 3-Fold Cross-Validation with Trainingsplit 1 started.
[2023-03-01 23:07:55,207]INFO|Labeler|Training set coverage of 3-Fold Cross Validation with Trainingset 1:  100.0%
[2023-03-01 23:07:55,227]INFO|Labeler|Validate metrics of 3-fold Cross Validation with Trainingset 1
[2023-03-01 23:07:55,241]INFO|Labeler|Training and Evaluation of best Model with 3-fold Cross Validation with Trainingset 1
[2023-03-01 23:10:21,049]INFO|Labeler|3-Fold Cross-Validation with Trainingsplit 1 were trained.
[2023-03-01 23:10:21,052]INFO|Labeler|Current best training: {'Type': 'GridSearch', 'n_epochs': 50, 'log_freq': 30, 'l2': 0.2, 'lr': 1e-05, 'optimizer': 'adamax', 'accuracy': 0.423963133640553, 'PrecisionMicro': 0.423963133640553, 'PrecisionMacro': 0.33580557910265924, 'F1Micro': 0.423963133640553, 'F1Macro': 0.32596374967834063, 'MCC': 0.3038937275943792, 'Coverage': 1.0, 'k-fold': 2, 'trainingset': 2, 'model': 'd:/University/HDM/Master/Repository/ml-classification-repo/models\\label\\model_tuning_de\\grid_search_TOPIC\\model_18329_n_epochs_50_log_freq_30_l2_0.2_lr_1e-05_optimizer_adamax_2023-03-01\\label_model.pkl'}
[2023-03-01 23:10:21,053]INFO|Labeler|Training of 3-Fold Cross-Validation with Trainingsplit 2 started.
[2023-03-01 23:27:09,159]INFO|Labeler|Training set coverage of 3-Fold Cross Validation with Trainingset 2:  100.0%
[2023-03-01 23:27:09,177]INFO|Labeler|Validate metrics of 3-fold Cross Validation with Trainingset 2
[2023-03-01 23:27:09,192]INFO|Labeler|Training and Evaluation of best Model with 3-fold Cross Validation with Trainingset 2
[2023-03-01 23:29:39,646]INFO|Labeler|3-Fold Cross-Validation with Trainingsplit 2 were trained.
[2023-03-01 23:29:39,649]INFO|Labeler|Current best training: {'Type': 'GridSearch', 'n_epochs': 50, 'log_freq': 30, 'l2': 0.2, 'lr': 1e-05, 'optimizer': 'adamax', 'accuracy': 0.423963133640553, 'PrecisionMicro': 0.423963133640553, 'PrecisionMacro': 0.33580557910265924, 'F1Micro': 0.423963133640553, 'F1Macro': 0.32596374967834063, 'MCC': 0.3038937275943792, 'Coverage': 1.0, 'k-fold': 2, 'trainingset': 2, 'model': 'd:/University/HDM/Master/Repository/ml-classification-repo/models\\label\\model_tuning_de\\grid_search_TOPIC\\model_18329_n_epochs_50_log_freq_30_l2_0.2_lr_1e-05_optimizer_adamax_2023-03-01\\label_model.pkl'}
[2023-03-01 23:29:39,650]INFO|Labeler|Training of 3-Fold Cross-Validation with Trainingsplit 3 started.
[2023-03-01 23:46:28,671]INFO|Labeler|Training set coverage of 3-Fold Cross Validation with Trainingset 3:  100.0%
[2023-03-01 23:46:28,691]INFO|Labeler|Validate metrics of 3-fold Cross Validation with Trainingset 3
[2023-03-01 23:46:28,705]INFO|Labeler|Training and Evaluation of best Model with 3-fold Cross Validation with Trainingset 3
[2023-03-01 23:48:54,009]INFO|Labeler|3-Fold Cross-Validation with Trainingsplit 3 were trained.
[2023-03-01 23:48:54,039]INFO|Labeler|Current best training: {'Type': 'GridSearch', 'n_epochs': 10, 'log_freq': 30, 'l2': 0.1, 'lr': 1e-05, 'optimizer': 'adamax', 'accuracy': 0.4492753623188406, 'PrecisionMicro': 0.4492753623188406, 'PrecisionMacro': 0.3472935084005445, 'F1Micro': 0.4492753623188406, 'F1Macro': 0.34445203455954354, 'MCC': 0.33215634977040404, 'Coverage': 1.0, 'k-fold': 3, 'trainingset': 3, 'model': 'd:/University/HDM/Master/Repository/ml-classification-repo/models\\label\\model_tuning_de\\grid_search_TOPIC\\model_05251_n_epochs_10_log_freq_30_l2_0.1_lr_1e-05_optimizer_adamax_2023-03-01\\label_model.pkl'}
[2023-03-01 23:48:54,041]INFO|Labeler|Training of 4-Fold Cross-Validation with Trainingsplit 1 started.
[2023-03-02 00:07:30,180]INFO|Labeler|Training set coverage of 4-Fold Cross Validation with Trainingset 1:  100.0%
[2023-03-02 00:07:30,200]INFO|Labeler|Validate metrics of 4-fold Cross Validation with Trainingset 1
[2023-03-02 00:07:30,213]INFO|Labeler|Training and Evaluation of best Model with 4-fold Cross Validation with Trainingset 1
[2023-03-02 00:10:06,036]INFO|Labeler|4-Fold Cross-Validation with Trainingsplit 1 were trained.
[2023-03-02 00:10:06,038]INFO|Labeler|Current best training: {'Type': 'GridSearch', 'n_epochs': 10, 'log_freq': 30, 'l2': 0.1, 'lr': 1e-05, 'optimizer': 'adamax', 'accuracy': 0.4492753623188406, 'PrecisionMicro': 0.4492753623188406, 'PrecisionMacro': 0.3472935084005445, 'F1Micro': 0.4492753623188406, 'F1Macro': 0.34445203455954354, 'MCC': 0.33215634977040404, 'Coverage': 1.0, 'k-fold': 3, 'trainingset': 3, 'model': 'd:/University/HDM/Master/Repository/ml-classification-repo/models\\label\\model_tuning_de\\grid_search_TOPIC\\model_05251_n_epochs_10_log_freq_30_l2_0.1_lr_1e-05_optimizer_adamax_2023-03-01\\label_model.pkl'}
[2023-03-02 00:10:06,039]INFO|Labeler|Training of 4-Fold Cross-Validation with Trainingsplit 2 started.
[2023-03-02 00:28:45,269]INFO|Labeler|Training set coverage of 4-Fold Cross Validation with Trainingset 2:  100.0%
[2023-03-02 00:28:45,289]INFO|Labeler|Validate metrics of 4-fold Cross Validation with Trainingset 2
[2023-03-02 00:28:45,303]INFO|Labeler|Training and Evaluation of best Model with 4-fold Cross Validation with Trainingset 2
[2023-03-02 00:31:23,134]INFO|Labeler|4-Fold Cross-Validation with Trainingsplit 2 were trained.
[2023-03-02 00:31:23,138]INFO|Labeler|Current best training: {'Type': 'GridSearch', 'n_epochs': 10, 'log_freq': 30, 'l2': 0.1, 'lr': 1e-05, 'optimizer': 'adamax', 'accuracy': 0.4492753623188406, 'PrecisionMicro': 0.4492753623188406, 'PrecisionMacro': 0.3472935084005445, 'F1Micro': 0.4492753623188406, 'F1Macro': 0.34445203455954354, 'MCC': 0.33215634977040404, 'Coverage': 1.0, 'k-fold': 3, 'trainingset': 3, 'model': 'd:/University/HDM/Master/Repository/ml-classification-repo/models\\label\\model_tuning_de\\grid_search_TOPIC\\model_05251_n_epochs_10_log_freq_30_l2_0.1_lr_1e-05_optimizer_adamax_2023-03-01\\label_model.pkl'}
[2023-03-02 00:31:23,140]INFO|Labeler|Training of 4-Fold Cross-Validation with Trainingsplit 3 started.
[2023-03-02 00:49:58,898]INFO|Labeler|Training set coverage of 4-Fold Cross Validation with Trainingset 3:  100.0%
[2023-03-02 00:49:58,920]INFO|Labeler|Validate metrics of 4-fold Cross Validation with Trainingset 3
[2023-03-02 00:49:58,934]INFO|Labeler|Training and Evaluation of best Model with 4-fold Cross Validation with Trainingset 3
[2023-03-02 00:52:29,486]INFO|Labeler|4-Fold Cross-Validation with Trainingsplit 3 were trained.
[2023-03-02 00:52:29,490]INFO|Labeler|Current best training: {'Type': 'GridSearch', 'n_epochs': 10, 'log_freq': 30, 'l2': 0.1, 'lr': 1e-05, 'optimizer': 'adamax', 'accuracy': 0.4492753623188406, 'PrecisionMicro': 0.4492753623188406, 'PrecisionMacro': 0.3472935084005445, 'F1Micro': 0.4492753623188406, 'F1Macro': 0.34445203455954354, 'MCC': 0.33215634977040404, 'Coverage': 1.0, 'k-fold': 3, 'trainingset': 3, 'model': 'd:/University/HDM/Master/Repository/ml-classification-repo/models\\label\\model_tuning_de\\grid_search_TOPIC\\model_05251_n_epochs_10_log_freq_30_l2_0.1_lr_1e-05_optimizer_adamax_2023-03-01\\label_model.pkl'}
[2023-03-02 00:52:29,491]INFO|Labeler|Training of 4-Fold Cross-Validation with Trainingsplit 4 started.
[2023-03-02 01:11:03,992]INFO|Labeler|Training set coverage of 4-Fold Cross Validation with Trainingset 4:  100.0%
[2023-03-02 01:11:04,012]INFO|Labeler|Validate metrics of 4-fold Cross Validation with Trainingset 4
[2023-03-02 01:11:04,029]INFO|Labeler|Training and Evaluation of best Model with 4-fold Cross Validation with Trainingset 4
[2023-03-02 01:13:30,159]INFO|Labeler|4-Fold Cross-Validation with Trainingsplit 4 were trained.
[2023-03-02 01:13:30,163]INFO|Labeler|Current best training: {'Type': 'GridSearch', 'n_epochs': 10, 'log_freq': 30, 'l2': 0.1, 'lr': 1e-05, 'optimizer': 'adamax', 'accuracy': 0.4492753623188406, 'PrecisionMicro': 0.4492753623188406, 'PrecisionMacro': 0.3472935084005445, 'F1Micro': 0.4492753623188406, 'F1Macro': 0.34445203455954354, 'MCC': 0.33215634977040404, 'Coverage': 1.0, 'k-fold': 3, 'trainingset': 3, 'model': 'd:/University/HDM/Master/Repository/ml-classification-repo/models\\label\\model_tuning_de\\grid_search_TOPIC\\model_05251_n_epochs_10_log_freq_30_l2_0.1_lr_1e-05_optimizer_adamax_2023-03-01\\label_model.pkl'}
[2023-03-02 01:13:30,166]INFO|Labeler|Training of 5-Fold Cross-Validation with Trainingsplit 1 started.
[2023-03-02 01:33:16,106]INFO|Labeler|Training set coverage of 5-Fold Cross Validation with Trainingset 1:  100.0%
[2023-03-02 01:33:16,128]INFO|Labeler|Validate metrics of 5-fold Cross Validation with Trainingset 1
[2023-03-02 01:33:16,142]INFO|Labeler|Training and Evaluation of best Model with 5-fold Cross Validation with Trainingset 1
[2023-03-02 01:35:54,177]INFO|Labeler|5-Fold Cross-Validation with Trainingsplit 1 were trained.
[2023-03-02 01:35:54,180]INFO|Labeler|Current best training: {'Type': 'GridSearch', 'n_epochs': 10, 'log_freq': 30, 'l2': 0.1, 'lr': 1e-05, 'optimizer': 'adamax', 'accuracy': 0.4492753623188406, 'PrecisionMicro': 0.4492753623188406, 'PrecisionMacro': 0.3472935084005445, 'F1Micro': 0.4492753623188406, 'F1Macro': 0.34445203455954354, 'MCC': 0.33215634977040404, 'Coverage': 1.0, 'k-fold': 3, 'trainingset': 3, 'model': 'd:/University/HDM/Master/Repository/ml-classification-repo/models\\label\\model_tuning_de\\grid_search_TOPIC\\model_05251_n_epochs_10_log_freq_30_l2_0.1_lr_1e-05_optimizer_adamax_2023-03-01\\label_model.pkl'}
[2023-03-02 01:35:54,181]INFO|Labeler|Training of 5-Fold Cross-Validation with Trainingsplit 2 started.
[2023-03-02 01:55:39,742]INFO|Labeler|Training set coverage of 5-Fold Cross Validation with Trainingset 2:  100.0%
[2023-03-02 01:55:39,762]INFO|Labeler|Validate metrics of 5-fold Cross Validation with Trainingset 2
[2023-03-02 01:55:39,778]INFO|Labeler|Training and Evaluation of best Model with 5-fold Cross Validation with Trainingset 2
[2023-03-02 01:58:10,998]INFO|Labeler|5-Fold Cross-Validation with Trainingsplit 2 were trained.
[2023-03-02 01:58:11,001]INFO|Labeler|Current best training: {'Type': 'GridSearch', 'n_epochs': 10, 'log_freq': 30, 'l2': 0.1, 'lr': 1e-05, 'optimizer': 'adamax', 'accuracy': 0.4492753623188406, 'PrecisionMicro': 0.4492753623188406, 'PrecisionMacro': 0.3472935084005445, 'F1Micro': 0.4492753623188406, 'F1Macro': 0.34445203455954354, 'MCC': 0.33215634977040404, 'Coverage': 1.0, 'k-fold': 3, 'trainingset': 3, 'model': 'd:/University/HDM/Master/Repository/ml-classification-repo/models\\label\\model_tuning_de\\grid_search_TOPIC\\model_05251_n_epochs_10_log_freq_30_l2_0.1_lr_1e-05_optimizer_adamax_2023-03-01\\label_model.pkl'}
[2023-03-02 01:58:11,002]INFO|Labeler|Training of 5-Fold Cross-Validation with Trainingsplit 3 started.
[2023-03-02 02:17:51,656]INFO|Labeler|Training set coverage of 5-Fold Cross Validation with Trainingset 3:  100.0%
[2023-03-02 02:17:51,678]INFO|Labeler|Validate metrics of 5-fold Cross Validation with Trainingset 3
[2023-03-02 02:17:51,693]INFO|Labeler|Training and Evaluation of best Model with 5-fold Cross Validation with Trainingset 3
[2023-03-02 02:20:20,755]INFO|Labeler|5-Fold Cross-Validation with Trainingsplit 3 were trained.
[2023-03-02 02:20:20,758]INFO|Labeler|Current best training: {'Type': 'GridSearch', 'n_epochs': 10, 'log_freq': 30, 'l2': 0.1, 'lr': 1e-05, 'optimizer': 'adamax', 'accuracy': 0.4492753623188406, 'PrecisionMicro': 0.4492753623188406, 'PrecisionMacro': 0.3472935084005445, 'F1Micro': 0.4492753623188406, 'F1Macro': 0.34445203455954354, 'MCC': 0.33215634977040404, 'Coverage': 1.0, 'k-fold': 3, 'trainingset': 3, 'model': 'd:/University/HDM/Master/Repository/ml-classification-repo/models\\label\\model_tuning_de\\grid_search_TOPIC\\model_05251_n_epochs_10_log_freq_30_l2_0.1_lr_1e-05_optimizer_adamax_2023-03-01\\label_model.pkl'}
[2023-03-02 02:20:20,759]INFO|Labeler|Training of 5-Fold Cross-Validation with Trainingsplit 4 started.
[2023-03-02 02:40:04,422]INFO|Labeler|Training set coverage of 5-Fold Cross Validation with Trainingset 4:  100.0%
[2023-03-02 02:40:04,443]INFO|Labeler|Validate metrics of 5-fold Cross Validation with Trainingset 4
[2023-03-02 02:40:04,460]INFO|Labeler|Training and Evaluation of best Model with 5-fold Cross Validation with Trainingset 4
[2023-03-02 02:42:35,664]INFO|Labeler|5-Fold Cross-Validation with Trainingsplit 4 were trained.
[2023-03-02 02:42:35,668]INFO|Labeler|Current best training: {'Type': 'BayesSearch', 'n_epochs': 45, 'log_freq': 195, 'l2': 0.18643579823215056, 'lr': 0.00016167952652543964, 'optimizer': 'adam', 'accuracy': 0.5060975609756098, 'PrecisionMicro': 0.5060975609756098, 'PrecisionMacro': 0.46145743145743146, 'F1Micro': 0.5060975609756098, 'F1Macro': 0.42020687556698766, 'MCC': 0.39950014995769545, 'Coverage': 1.0, 'k-fold': 5, 'trainingset': 4, 'model': 'd:/University/HDM/Master/Repository/ml-classification-repo/models\\label\\model_tuning_de\\bayes_search_TOPIC\\model_67589_n_epochs_45_log_freq_195_l2_0.18643579823215056_lr_0.00016167952652543964_optimizer_adam_2023-03-02\\label_model.pkl'}
[2023-03-02 02:42:35,669]INFO|Labeler|Training of 5-Fold Cross-Validation with Trainingsplit 5 started.
[2023-03-02 03:02:17,520]INFO|Labeler|Training set coverage of 5-Fold Cross Validation with Trainingset 5:  100.0%
[2023-03-02 03:02:17,542]INFO|Labeler|Validate metrics of 5-fold Cross Validation with Trainingset 5
[2023-03-02 03:02:17,557]INFO|Labeler|Training and Evaluation of best Model with 5-fold Cross Validation with Trainingset 5
[2023-03-02 03:04:49,024]INFO|Labeler|5-Fold Cross-Validation with Trainingsplit 5 were trained.
[2023-03-02 03:04:49,028]INFO|Labeler|Current best training: {'Type': 'RandomSearch', 'n_epochs': 16, 'log_freq': 181, 'l2': 0.2, 'lr': 0.003, 'optimizer': 'adam', 'accuracy': 0.5060975609756098, 'PrecisionMicro': 0.5060975609756098, 'PrecisionMacro': 0.46145743145743146, 'F1Micro': 0.5060975609756098, 'F1Macro': 0.42020687556698766, 'MCC': 0.39950014995769545, 'Coverage': 1.0, 'k-fold': 5, 'trainingset': 4, 'model': 'd:/University/HDM/Master/Repository/ml-classification-repo/models\\label\\model_tuning_de\\random_search_TOPIC\\model_50566_n_epochs_16_log_freq_181_l2_0.2_lr_0.003_optimizer_adam_2023-03-02\\label_model.pkl'}
[2023-03-02 03:04:49,031]INFO|Labeler|Training of 6-Fold Cross-Validation with Trainingsplit 1 started.
[2023-03-02 03:25:18,882]INFO|Labeler|Training set coverage of 6-Fold Cross Validation with Trainingset 1:  100.0%
[2023-03-02 03:25:18,904]INFO|Labeler|Validate metrics of 6-fold Cross Validation with Trainingset 1
[2023-03-02 03:25:18,921]INFO|Labeler|Training and Evaluation of best Model with 6-fold Cross Validation with Trainingset 1
[2023-03-02 03:27:55,741]INFO|Labeler|6-Fold Cross-Validation with Trainingsplit 1 were trained.
[2023-03-02 03:27:55,744]INFO|Labeler|Current best training: {'Type': 'BayesSearch', 'n_epochs': 45, 'log_freq': 195, 'l2': 0.18643579823215056, 'lr': 0.00016167952652543964, 'optimizer': 'adam', 'accuracy': 0.5060975609756098, 'PrecisionMicro': 0.5060975609756098, 'PrecisionMacro': 0.46145743145743146, 'F1Micro': 0.5060975609756098, 'F1Macro': 0.42020687556698766, 'MCC': 0.39950014995769545, 'Coverage': 1.0, 'k-fold': 5, 'trainingset': 4, 'model': 'd:/University/HDM/Master/Repository/ml-classification-repo/models\\label\\model_tuning_de\\bayes_search_TOPIC\\model_67589_n_epochs_45_log_freq_195_l2_0.18643579823215056_lr_0.00016167952652543964_optimizer_adam_2023-03-02\\label_model.pkl'}
[2023-03-02 03:27:55,746]INFO|Labeler|Training of 6-Fold Cross-Validation with Trainingsplit 2 started.
[2023-03-02 03:48:17,329]INFO|Labeler|Training set coverage of 6-Fold Cross Validation with Trainingset 2:  100.0%
[2023-03-02 03:48:17,369]INFO|Labeler|Validate metrics of 6-fold Cross Validation with Trainingset 2
[2023-03-02 03:48:17,397]INFO|Labeler|Training and Evaluation of best Model with 6-fold Cross Validation with Trainingset 2
[2023-03-02 03:50:53,482]INFO|Labeler|6-Fold Cross-Validation with Trainingsplit 2 were trained.
[2023-03-02 03:50:53,486]INFO|Labeler|Current best training: {'Type': 'RandomSearch', 'n_epochs': 16, 'log_freq': 181, 'l2': 0.2, 'lr': 0.003, 'optimizer': 'adam', 'accuracy': 0.5060975609756098, 'PrecisionMicro': 0.5060975609756098, 'PrecisionMacro': 0.46145743145743146, 'F1Micro': 0.5060975609756098, 'F1Macro': 0.42020687556698766, 'MCC': 0.39950014995769545, 'Coverage': 1.0, 'k-fold': 5, 'trainingset': 4, 'model': 'd:/University/HDM/Master/Repository/ml-classification-repo/models\\label\\model_tuning_de\\random_search_TOPIC\\model_50566_n_epochs_16_log_freq_181_l2_0.2_lr_0.003_optimizer_adam_2023-03-02\\label_model.pkl'}
[2023-03-02 03:50:53,487]INFO|Labeler|Training of 6-Fold Cross-Validation with Trainingsplit 3 started.
[2023-03-02 04:11:16,549]INFO|Labeler|Training set coverage of 6-Fold Cross Validation with Trainingset 3:  100.0%
[2023-03-02 04:11:16,570]INFO|Labeler|Validate metrics of 6-fold Cross Validation with Trainingset 3
[2023-03-02 04:11:16,586]INFO|Labeler|Training and Evaluation of best Model with 6-fold Cross Validation with Trainingset 3
[2023-03-02 04:13:52,863]INFO|Labeler|6-Fold Cross-Validation with Trainingsplit 3 were trained.
[2023-03-02 04:13:52,867]INFO|Labeler|Current best training: {'Type': 'BayesSearch', 'n_epochs': 45, 'log_freq': 195, 'l2': 0.18643579823215056, 'lr': 0.00016167952652543964, 'optimizer': 'adam', 'accuracy': 0.5060975609756098, 'PrecisionMicro': 0.5060975609756098, 'PrecisionMacro': 0.46145743145743146, 'F1Micro': 0.5060975609756098, 'F1Macro': 0.42020687556698766, 'MCC': 0.39950014995769545, 'Coverage': 1.0, 'k-fold': 5, 'trainingset': 4, 'model': 'd:/University/HDM/Master/Repository/ml-classification-repo/models\\label\\model_tuning_de\\bayes_search_TOPIC\\model_67589_n_epochs_45_log_freq_195_l2_0.18643579823215056_lr_0.00016167952652543964_optimizer_adam_2023-03-02\\label_model.pkl'}
[2023-03-02 04:13:52,868]INFO|Labeler|Training of 6-Fold Cross-Validation with Trainingsplit 4 started.
[2023-03-02 04:34:14,531]INFO|Labeler|Training set coverage of 6-Fold Cross Validation with Trainingset 4:  100.0%
[2023-03-02 04:34:14,554]INFO|Labeler|Validate metrics of 6-fold Cross Validation with Trainingset 4
[2023-03-02 04:34:14,598]INFO|Labeler|Training and Evaluation of best Model with 6-fold Cross Validation with Trainingset 4
[2023-03-02 04:36:44,548]INFO|Labeler|6-Fold Cross-Validation with Trainingsplit 4 were trained.
[2023-03-02 04:36:44,552]INFO|Labeler|Current best training: {'Type': 'RandomSearch', 'n_epochs': 16, 'log_freq': 181, 'l2': 0.2, 'lr': 0.003, 'optimizer': 'adam', 'accuracy': 0.5060975609756098, 'PrecisionMicro': 0.5060975609756098, 'PrecisionMacro': 0.46145743145743146, 'F1Micro': 0.5060975609756098, 'F1Macro': 0.42020687556698766, 'MCC': 0.39950014995769545, 'Coverage': 1.0, 'k-fold': 5, 'trainingset': 4, 'model': 'd:/University/HDM/Master/Repository/ml-classification-repo/models\\label\\model_tuning_de\\random_search_TOPIC\\model_50566_n_epochs_16_log_freq_181_l2_0.2_lr_0.003_optimizer_adam_2023-03-02\\label_model.pkl'}
[2023-03-02 04:36:44,553]INFO|Labeler|Training of 6-Fold Cross-Validation with Trainingsplit 5 started.
[2023-03-02 04:57:08,720]INFO|Labeler|Training set coverage of 6-Fold Cross Validation with Trainingset 5:  100.0%
[2023-03-02 04:57:08,742]INFO|Labeler|Validate metrics of 6-fold Cross Validation with Trainingset 5
[2023-03-02 04:57:08,757]INFO|Labeler|Training and Evaluation of best Model with 6-fold Cross Validation with Trainingset 5
[2023-03-02 04:59:44,062]INFO|Labeler|6-Fold Cross-Validation with Trainingsplit 5 were trained.
[2023-03-02 04:59:44,065]INFO|Labeler|Current best training: {'Type': 'BayesSearch', 'n_epochs': 47, 'log_freq': 83, 'l2': 0.16182618484875644, 'lr': 0.003035065442442189, 'optimizer': 'adam', 'accuracy': 0.5303030303030303, 'PrecisionMicro': 0.5303030303030303, 'PrecisionMacro': 0.47299088432093356, 'F1Micro': 0.5303030303030303, 'F1Macro': 0.41920618841764207, 'MCC': 0.438799936227008, 'Coverage': 1.0, 'k-fold': 6, 'trainingset': 5, 'model': 'd:/University/HDM/Master/Repository/ml-classification-repo/models\\label\\model_tuning_de\\bayes_search_TOPIC\\model_82114_n_epochs_47_log_freq_83_l2_0.16182618484875644_lr_0.003035065442442189_optimizer_adam_2023-03-02\\label_model.pkl'}
[2023-03-02 04:59:44,066]INFO|Labeler|Training of 6-Fold Cross-Validation with Trainingsplit 6 started.
[2023-03-02 05:20:07,763]INFO|Labeler|Training set coverage of 6-Fold Cross Validation with Trainingset 6:  100.0%
[2023-03-02 05:20:07,786]INFO|Labeler|Validate metrics of 6-fold Cross Validation with Trainingset 6
[2023-03-02 05:20:07,801]INFO|Labeler|Training and Evaluation of best Model with 6-fold Cross Validation with Trainingset 6
[2023-03-02 05:22:38,976]INFO|Labeler|6-Fold Cross-Validation with Trainingsplit 6 were trained.
[2023-03-02 05:22:38,980]INFO|Labeler|Current best training: {'Type': 'BayesSearch', 'n_epochs': 47, 'log_freq': 83, 'l2': 0.16182618484875644, 'lr': 0.003035065442442189, 'optimizer': 'adam', 'accuracy': 0.5303030303030303, 'PrecisionMicro': 0.5303030303030303, 'PrecisionMacro': 0.47299088432093356, 'F1Micro': 0.5303030303030303, 'F1Macro': 0.41920618841764207, 'MCC': 0.438799936227008, 'Coverage': 1.0, 'k-fold': 6, 'trainingset': 5, 'model': 'd:/University/HDM/Master/Repository/ml-classification-repo/models\\label\\model_tuning_de\\bayes_search_TOPIC\\model_82114_n_epochs_47_log_freq_83_l2_0.16182618484875644_lr_0.003035065442442189_optimizer_adam_2023-03-02\\label_model.pkl'}
[2023-03-02 05:22:38,983]INFO|Labeler|Training of 7-Fold Cross-Validation with Trainingsplit 1 started.
[2023-03-02 05:43:32,879]INFO|Labeler|Training set coverage of 7-Fold Cross Validation with Trainingset 1:  100.0%
[2023-03-02 05:43:32,933]INFO|Labeler|Validate metrics of 7-fold Cross Validation with Trainingset 1
[2023-03-02 05:43:32,972]INFO|Labeler|Training and Evaluation of best Model with 7-fold Cross Validation with Trainingset 1
[2023-03-02 05:46:10,759]INFO|Labeler|7-Fold Cross-Validation with Trainingsplit 1 were trained.
[2023-03-02 05:46:10,763]INFO|Labeler|Current best training: {'Type': 'RandomSearch', 'n_epochs': 16, 'log_freq': 181, 'l2': 0.2, 'lr': 0.003, 'optimizer': 'adam', 'accuracy': 0.5303030303030303, 'PrecisionMicro': 0.5303030303030303, 'PrecisionMacro': 0.43071780436312457, 'F1Micro': 0.5303030303030303, 'F1Macro': 0.41180248774260225, 'MCC': 0.4201133217529033, 'Coverage': 1.0, 'k-fold': 6, 'trainingset': 5, 'model': 'd:/University/HDM/Master/Repository/ml-classification-repo/models\\label\\model_tuning_de\\random_search_TOPIC\\model_04949_n_epochs_16_log_freq_181_l2_0.2_lr_0.003_optimizer_adam_2023-03-02\\label_model.pkl'}
[2023-03-02 05:46:10,764]INFO|Labeler|Training of 7-Fold Cross-Validation with Trainingsplit 2 started.
[2023-03-02 06:07:03,883]INFO|Labeler|Training set coverage of 7-Fold Cross Validation with Trainingset 2:  100.0%
[2023-03-02 06:07:03,904]INFO|Labeler|Validate metrics of 7-fold Cross Validation with Trainingset 2
[2023-03-02 06:07:03,922]INFO|Labeler|Training and Evaluation of best Model with 7-fold Cross Validation with Trainingset 2
[2023-03-02 06:09:30,941]INFO|Labeler|7-Fold Cross-Validation with Trainingsplit 2 were trained.
[2023-03-02 06:09:30,944]INFO|Labeler|Current best training: {'Type': 'RandomSearch', 'n_epochs': 16, 'log_freq': 181, 'l2': 0.2, 'lr': 0.003, 'optimizer': 'adam', 'accuracy': 0.5303030303030303, 'PrecisionMicro': 0.5303030303030303, 'PrecisionMacro': 0.43071780436312457, 'F1Micro': 0.5303030303030303, 'F1Macro': 0.41180248774260225, 'MCC': 0.4201133217529033, 'Coverage': 1.0, 'k-fold': 6, 'trainingset': 5, 'model': 'd:/University/HDM/Master/Repository/ml-classification-repo/models\\label\\model_tuning_de\\random_search_TOPIC\\model_04949_n_epochs_16_log_freq_181_l2_0.2_lr_0.003_optimizer_adam_2023-03-02\\label_model.pkl'}
[2023-03-02 06:09:30,945]INFO|Labeler|Training of 7-Fold Cross-Validation with Trainingsplit 3 started.
[2023-03-02 06:30:24,650]INFO|Labeler|Training set coverage of 7-Fold Cross Validation with Trainingset 3:  100.0%
[2023-03-02 06:30:24,671]INFO|Labeler|Validate metrics of 7-fold Cross Validation with Trainingset 3
[2023-03-02 06:30:24,687]INFO|Labeler|Training and Evaluation of best Model with 7-fold Cross Validation with Trainingset 3
[2023-03-02 06:33:02,448]INFO|Labeler|7-Fold Cross-Validation with Trainingsplit 3 were trained.
[2023-03-02 06:33:02,451]INFO|Labeler|Current best training: {'Type': 'GridSearch', 'n_epochs': 10, 'log_freq': 30, 'l2': 0.2, 'lr': 0.001, 'optimizer': 'adam', 'accuracy': 0.5303030303030303, 'PrecisionMicro': 0.5303030303030303, 'PrecisionMacro': 0.43071780436312457, 'F1Micro': 0.5303030303030303, 'F1Macro': 0.41180248774260225, 'MCC': 0.4201133217529033, 'Coverage': 1.0, 'k-fold': 6, 'trainingset': 5, 'model': 'd:/University/HDM/Master/Repository/ml-classification-repo/models\\label\\model_tuning_de\\grid_search_TOPIC\\model_22847_n_epochs_10_log_freq_30_l2_0.2_lr_0.001_optimizer_adam_2023-03-02\\label_model.pkl'}
[2023-03-02 06:33:02,453]INFO|Labeler|Training of 7-Fold Cross-Validation with Trainingsplit 4 started.
[2023-03-02 06:53:58,968]INFO|Labeler|Training set coverage of 7-Fold Cross Validation with Trainingset 4:  100.0%
[2023-03-02 06:53:58,990]INFO|Labeler|Validate metrics of 7-fold Cross Validation with Trainingset 4
[2023-03-02 06:53:59,004]INFO|Labeler|Training and Evaluation of best Model with 7-fold Cross Validation with Trainingset 4
[2023-03-02 06:56:28,824]INFO|Labeler|7-Fold Cross-Validation with Trainingsplit 4 were trained.
[2023-03-02 06:56:28,828]INFO|Labeler|Current best training: {'Type': 'BayesSearch', 'n_epochs': 47, 'log_freq': 83, 'l2': 0.16182618484875644, 'lr': 0.003035065442442189, 'optimizer': 'adam', 'accuracy': 0.5303030303030303, 'PrecisionMicro': 0.5303030303030303, 'PrecisionMacro': 0.47299088432093356, 'F1Micro': 0.5303030303030303, 'F1Macro': 0.41920618841764207, 'MCC': 0.438799936227008, 'Coverage': 1.0, 'k-fold': 6, 'trainingset': 5, 'model': 'd:/University/HDM/Master/Repository/ml-classification-repo/models\\label\\model_tuning_de\\bayes_search_TOPIC\\model_82114_n_epochs_47_log_freq_83_l2_0.16182618484875644_lr_0.003035065442442189_optimizer_adam_2023-03-02\\label_model.pkl'}
[2023-03-02 06:56:28,829]INFO|Labeler|Training of 7-Fold Cross-Validation with Trainingsplit 5 started.
[2023-03-02 07:17:00,503]INFO|Labeler|Training set coverage of 7-Fold Cross Validation with Trainingset 5:  100.0%
[2023-03-02 07:17:00,526]INFO|Labeler|Validate metrics of 7-fold Cross Validation with Trainingset 5
[2023-03-02 07:17:00,542]INFO|Labeler|Training and Evaluation of best Model with 7-fold Cross Validation with Trainingset 5
[2023-03-02 07:19:37,660]INFO|Labeler|7-Fold Cross-Validation with Trainingsplit 5 were trained.
[2023-03-02 07:19:37,665]INFO|Labeler|Current best training: {'Type': 'BayesSearch', 'n_epochs': 47, 'log_freq': 83, 'l2': 0.16182618484875644, 'lr': 0.003035065442442189, 'optimizer': 'adam', 'accuracy': 0.5303030303030303, 'PrecisionMicro': 0.5303030303030303, 'PrecisionMacro': 0.47299088432093356, 'F1Micro': 0.5303030303030303, 'F1Macro': 0.41920618841764207, 'MCC': 0.438799936227008, 'Coverage': 1.0, 'k-fold': 6, 'trainingset': 5, 'model': 'd:/University/HDM/Master/Repository/ml-classification-repo/models\\label\\model_tuning_de\\bayes_search_TOPIC\\model_82114_n_epochs_47_log_freq_83_l2_0.16182618484875644_lr_0.003035065442442189_optimizer_adam_2023-03-02\\label_model.pkl'}
[2023-03-02 07:19:37,666]INFO|Labeler|Training of 7-Fold Cross-Validation with Trainingsplit 6 started.
[2023-03-02 07:40:31,872]INFO|Labeler|Training set coverage of 7-Fold Cross Validation with Trainingset 6:  100.0%
[2023-03-02 07:40:31,894]INFO|Labeler|Validate metrics of 7-fold Cross Validation with Trainingset 6
[2023-03-02 07:40:31,911]INFO|Labeler|Training and Evaluation of best Model with 7-fold Cross Validation with Trainingset 6
[2023-03-02 07:43:02,963]INFO|Labeler|7-Fold Cross-Validation with Trainingsplit 6 were trained.
[2023-03-02 07:43:02,967]INFO|Labeler|Current best training: {'Type': 'BayesSearch', 'n_epochs': 47, 'log_freq': 83, 'l2': 0.16182618484875644, 'lr': 0.003035065442442189, 'optimizer': 'adam', 'accuracy': 0.5303030303030303, 'PrecisionMicro': 0.5303030303030303, 'PrecisionMacro': 0.47299088432093356, 'F1Micro': 0.5303030303030303, 'F1Macro': 0.41920618841764207, 'MCC': 0.438799936227008, 'Coverage': 1.0, 'k-fold': 6, 'trainingset': 5, 'model': 'd:/University/HDM/Master/Repository/ml-classification-repo/models\\label\\model_tuning_de\\bayes_search_TOPIC\\model_82114_n_epochs_47_log_freq_83_l2_0.16182618484875644_lr_0.003035065442442189_optimizer_adam_2023-03-02\\label_model.pkl'}
[2023-03-02 07:43:02,968]INFO|Labeler|Training of 7-Fold Cross-Validation with Trainingsplit 7 started.
[2023-03-02 08:03:45,384]INFO|Labeler|Training set coverage of 7-Fold Cross Validation with Trainingset 7:  100.0%
[2023-03-02 08:03:45,437]INFO|Labeler|Validate metrics of 7-fold Cross Validation with Trainingset 7
[2023-03-02 08:03:45,483]INFO|Labeler|Training and Evaluation of best Model with 7-fold Cross Validation with Trainingset 7
[2023-03-02 08:06:24,016]INFO|Labeler|7-Fold Cross-Validation with Trainingsplit 7 were trained.
[2023-03-02 08:06:24,020]INFO|Labeler|Current best training: {'Type': 'BayesSearch', 'n_epochs': 47, 'log_freq': 83, 'l2': 0.16182618484875644, 'lr': 0.003035065442442189, 'optimizer': 'adam', 'accuracy': 0.5303030303030303, 'PrecisionMicro': 0.5303030303030303, 'PrecisionMacro': 0.47299088432093356, 'F1Micro': 0.5303030303030303, 'F1Macro': 0.41920618841764207, 'MCC': 0.438799936227008, 'Coverage': 1.0, 'k-fold': 6, 'trainingset': 5, 'model': 'd:/University/HDM/Master/Repository/ml-classification-repo/models\\label\\model_tuning_de\\bayes_search_TOPIC\\model_82114_n_epochs_47_log_freq_83_l2_0.16182618484875644_lr_0.003035065442442189_optimizer_adam_2023-03-02\\label_model.pkl'}
[2023-03-02 08:06:24,022]INFO|Labeler|Training of 8-Fold Cross-Validation with Trainingsplit 1 started.
[2023-03-02 08:27:45,582]INFO|Labeler|Training set coverage of 8-Fold Cross Validation with Trainingset 1:  100.0%
[2023-03-02 08:27:45,630]INFO|Labeler|Validate metrics of 8-fold Cross Validation with Trainingset 1
[2023-03-02 08:27:45,653]INFO|Labeler|Training and Evaluation of best Model with 8-fold Cross Validation with Trainingset 1
[2023-03-02 08:30:23,052]INFO|Labeler|8-Fold Cross-Validation with Trainingsplit 1 were trained.
[2023-03-02 08:30:23,056]INFO|Labeler|Current best training: {'Type': 'RandomSearch', 'n_epochs': 16, 'log_freq': 181, 'l2': 0.2, 'lr': 0.003, 'optimizer': 'adam', 'accuracy': 0.5303030303030303, 'PrecisionMicro': 0.5303030303030303, 'PrecisionMacro': 0.43071780436312457, 'F1Micro': 0.5303030303030303, 'F1Macro': 0.41180248774260225, 'MCC': 0.4201133217529033, 'Coverage': 1.0, 'k-fold': 6, 'trainingset': 5, 'model': 'd:/University/HDM/Master/Repository/ml-classification-repo/models\\label\\model_tuning_de\\random_search_TOPIC\\model_04949_n_epochs_16_log_freq_181_l2_0.2_lr_0.003_optimizer_adam_2023-03-02\\label_model.pkl'}
[2023-03-02 08:30:23,057]INFO|Labeler|Training of 8-Fold Cross-Validation with Trainingsplit 2 started.
[2023-03-02 08:51:54,705]INFO|Labeler|Training set coverage of 8-Fold Cross Validation with Trainingset 2:  100.0%
[2023-03-02 08:51:54,727]INFO|Labeler|Validate metrics of 8-fold Cross Validation with Trainingset 2
[2023-03-02 08:51:54,743]INFO|Labeler|Training and Evaluation of best Model with 8-fold Cross Validation with Trainingset 2
[2023-03-02 08:54:26,120]INFO|Labeler|8-Fold Cross-Validation with Trainingsplit 2 were trained.
[2023-03-02 08:54:26,124]INFO|Labeler|Current best training: {'Type': 'BayesSearch', 'n_epochs': 47, 'log_freq': 83, 'l2': 0.16182618484875644, 'lr': 0.003035065442442189, 'optimizer': 'adam', 'accuracy': 0.5303030303030303, 'PrecisionMicro': 0.5303030303030303, 'PrecisionMacro': 0.47299088432093356, 'F1Micro': 0.5303030303030303, 'F1Macro': 0.41920618841764207, 'MCC': 0.438799936227008, 'Coverage': 1.0, 'k-fold': 6, 'trainingset': 5, 'model': 'd:/University/HDM/Master/Repository/ml-classification-repo/models\\label\\model_tuning_de\\bayes_search_TOPIC\\model_82114_n_epochs_47_log_freq_83_l2_0.16182618484875644_lr_0.003035065442442189_optimizer_adam_2023-03-02\\label_model.pkl'}
[2023-03-02 08:54:26,125]INFO|Labeler|Training of 8-Fold Cross-Validation with Trainingsplit 3 started.
[2023-03-02 09:15:52,783]INFO|Labeler|Training set coverage of 8-Fold Cross Validation with Trainingset 3:  100.0%
[2023-03-02 09:15:52,806]INFO|Labeler|Validate metrics of 8-fold Cross Validation with Trainingset 3
[2023-03-02 09:15:52,822]INFO|Labeler|Training and Evaluation of best Model with 8-fold Cross Validation with Trainingset 3
[2023-03-02 09:18:43,245]INFO|Labeler|8-Fold Cross-Validation with Trainingsplit 3 were trained.
[2023-03-02 09:18:43,249]INFO|Labeler|Current best training: {'Type': 'BayesSearch', 'n_epochs': 47, 'log_freq': 83, 'l2': 0.16182618484875644, 'lr': 0.003035065442442189, 'optimizer': 'adam', 'accuracy': 0.5303030303030303, 'PrecisionMicro': 0.5303030303030303, 'PrecisionMacro': 0.47299088432093356, 'F1Micro': 0.5303030303030303, 'F1Macro': 0.41920618841764207, 'MCC': 0.438799936227008, 'Coverage': 1.0, 'k-fold': 6, 'trainingset': 5, 'model': 'd:/University/HDM/Master/Repository/ml-classification-repo/models\\label\\model_tuning_de\\bayes_search_TOPIC\\model_82114_n_epochs_47_log_freq_83_l2_0.16182618484875644_lr_0.003035065442442189_optimizer_adam_2023-03-02\\label_model.pkl'}
[2023-03-02 09:18:43,251]INFO|Labeler|Training of 8-Fold Cross-Validation with Trainingsplit 4 started.
[2023-03-02 09:41:33,594]INFO|Labeler|Training set coverage of 8-Fold Cross Validation with Trainingset 4:  100.0%
[2023-03-02 09:41:33,618]INFO|Labeler|Validate metrics of 8-fold Cross Validation with Trainingset 4
[2023-03-02 09:41:33,632]INFO|Labeler|Training and Evaluation of best Model with 8-fold Cross Validation with Trainingset 4
[2023-03-02 09:44:18,522]INFO|Labeler|8-Fold Cross-Validation with Trainingsplit 4 were trained.
[2023-03-02 09:44:18,526]INFO|Labeler|Current best training: {'Type': 'RandomSearch', 'n_epochs': 16, 'log_freq': 181, 'l2': 0.2, 'lr': 0.003, 'optimizer': 'adam', 'accuracy': 0.5303030303030303, 'PrecisionMicro': 0.5303030303030303, 'PrecisionMacro': 0.43071780436312457, 'F1Micro': 0.5303030303030303, 'F1Macro': 0.41180248774260225, 'MCC': 0.4201133217529033, 'Coverage': 1.0, 'k-fold': 6, 'trainingset': 5, 'model': 'd:/University/HDM/Master/Repository/ml-classification-repo/models\\label\\model_tuning_de\\random_search_TOPIC\\model_04949_n_epochs_16_log_freq_181_l2_0.2_lr_0.003_optimizer_adam_2023-03-02\\label_model.pkl'}
[2023-03-02 09:44:18,527]INFO|Labeler|Training of 8-Fold Cross-Validation with Trainingsplit 5 started.
[2023-03-02 10:05:58,788]INFO|Labeler|Training set coverage of 8-Fold Cross Validation with Trainingset 5:  100.0%
[2023-03-02 10:05:58,811]INFO|Labeler|Validate metrics of 8-fold Cross Validation with Trainingset 5
[2023-03-02 10:05:58,829]INFO|Labeler|Training and Evaluation of best Model with 8-fold Cross Validation with Trainingset 5
[2023-03-02 10:08:41,411]INFO|Labeler|8-Fold Cross-Validation with Trainingsplit 5 were trained.
[2023-03-02 10:08:41,415]INFO|Labeler|Current best training: {'Type': 'BayesSearch', 'n_epochs': 47, 'log_freq': 83, 'l2': 0.16182618484875644, 'lr': 0.003035065442442189, 'optimizer': 'adam', 'accuracy': 0.5303030303030303, 'PrecisionMicro': 0.5303030303030303, 'PrecisionMacro': 0.47299088432093356, 'F1Micro': 0.5303030303030303, 'F1Macro': 0.41920618841764207, 'MCC': 0.438799936227008, 'Coverage': 1.0, 'k-fold': 6, 'trainingset': 5, 'model': 'd:/University/HDM/Master/Repository/ml-classification-repo/models\\label\\model_tuning_de\\bayes_search_TOPIC\\model_82114_n_epochs_47_log_freq_83_l2_0.16182618484875644_lr_0.003035065442442189_optimizer_adam_2023-03-02\\label_model.pkl'}
[2023-03-02 10:08:41,416]INFO|Labeler|Training of 8-Fold Cross-Validation with Trainingsplit 6 started.
[2023-03-02 10:31:03,922]INFO|Labeler|Training set coverage of 8-Fold Cross Validation with Trainingset 6:  100.0%
[2023-03-02 10:31:03,945]INFO|Labeler|Validate metrics of 8-fold Cross Validation with Trainingset 6
[2023-03-02 10:31:03,961]INFO|Labeler|Training and Evaluation of best Model with 8-fold Cross Validation with Trainingset 6
[2023-03-02 10:33:38,535]INFO|Labeler|8-Fold Cross-Validation with Trainingsplit 6 were trained.
[2023-03-02 10:33:38,540]INFO|Labeler|Current best training: {'Type': 'BayesSearch', 'n_epochs': 47, 'log_freq': 83, 'l2': 0.16182618484875644, 'lr': 0.003035065442442189, 'optimizer': 'adam', 'accuracy': 0.5303030303030303, 'PrecisionMicro': 0.5303030303030303, 'PrecisionMacro': 0.47299088432093356, 'F1Micro': 0.5303030303030303, 'F1Macro': 0.41920618841764207, 'MCC': 0.438799936227008, 'Coverage': 1.0, 'k-fold': 6, 'trainingset': 5, 'model': 'd:/University/HDM/Master/Repository/ml-classification-repo/models\\label\\model_tuning_de\\bayes_search_TOPIC\\model_82114_n_epochs_47_log_freq_83_l2_0.16182618484875644_lr_0.003035065442442189_optimizer_adam_2023-03-02\\label_model.pkl'}
[2023-03-02 10:33:38,541]INFO|Labeler|Training of 8-Fold Cross-Validation with Trainingsplit 7 started.
[2023-03-02 10:54:52,208]INFO|Labeler|Training set coverage of 8-Fold Cross Validation with Trainingset 7:  100.0%
[2023-03-02 10:54:52,231]INFO|Labeler|Validate metrics of 8-fold Cross Validation with Trainingset 7
[2023-03-02 10:54:52,248]INFO|Labeler|Training and Evaluation of best Model with 8-fold Cross Validation with Trainingset 7
[2023-03-02 10:57:20,409]INFO|Labeler|8-Fold Cross-Validation with Trainingsplit 7 were trained.
[2023-03-02 10:57:20,412]INFO|Labeler|Current best training: {'Type': 'BayesSearch', 'n_epochs': 47, 'log_freq': 83, 'l2': 0.16182618484875644, 'lr': 0.003035065442442189, 'optimizer': 'adam', 'accuracy': 0.5303030303030303, 'PrecisionMicro': 0.5303030303030303, 'PrecisionMacro': 0.47299088432093356, 'F1Micro': 0.5303030303030303, 'F1Macro': 0.41920618841764207, 'MCC': 0.438799936227008, 'Coverage': 1.0, 'k-fold': 6, 'trainingset': 5, 'model': 'd:/University/HDM/Master/Repository/ml-classification-repo/models\\label\\model_tuning_de\\bayes_search_TOPIC\\model_82114_n_epochs_47_log_freq_83_l2_0.16182618484875644_lr_0.003035065442442189_optimizer_adam_2023-03-02\\label_model.pkl'}
[2023-03-02 10:57:20,413]INFO|Labeler|Training of 8-Fold Cross-Validation with Trainingsplit 8 started.
[2023-03-02 11:19:52,719]INFO|Labeler|Training set coverage of 8-Fold Cross Validation with Trainingset 8:  100.0%
[2023-03-02 11:19:52,742]INFO|Labeler|Validate metrics of 8-fold Cross Validation with Trainingset 8
[2023-03-02 11:19:52,757]INFO|Labeler|Training and Evaluation of best Model with 8-fold Cross Validation with Trainingset 8
[2023-03-02 11:22:20,181]INFO|Labeler|8-Fold Cross-Validation with Trainingsplit 8 were trained.
[2023-03-02 11:22:20,185]INFO|Labeler|Current best training: {'Type': 'GridSearch', 'n_epochs': 10, 'log_freq': 30, 'l2': 0.2, 'lr': 0.001, 'optimizer': 'adam', 'accuracy': 0.5303030303030303, 'PrecisionMicro': 0.5303030303030303, 'PrecisionMacro': 0.43071780436312457, 'F1Micro': 0.5303030303030303, 'F1Macro': 0.41180248774260225, 'MCC': 0.4201133217529033, 'Coverage': 1.0, 'k-fold': 6, 'trainingset': 5, 'model': 'd:/University/HDM/Master/Repository/ml-classification-repo/models\\label\\model_tuning_de\\grid_search_TOPIC\\model_22847_n_epochs_10_log_freq_30_l2_0.2_lr_0.001_optimizer_adam_2023-03-02\\label_model.pkl'}
[2023-03-02 11:22:20,187]INFO|Labeler|Training of 9-Fold Cross-Validation with Trainingsplit 1 started.
[2023-03-02 11:44:29,252]INFO|Labeler|Training set coverage of 9-Fold Cross Validation with Trainingset 1:  100.0%
[2023-03-02 11:44:29,274]INFO|Labeler|Validate metrics of 9-fold Cross Validation with Trainingset 1
[2023-03-02 11:44:29,288]INFO|Labeler|Training and Evaluation of best Model with 9-fold Cross Validation with Trainingset 1
[2023-03-02 11:47:13,560]INFO|Labeler|9-Fold Cross-Validation with Trainingsplit 1 were trained.
[2023-03-02 11:47:13,564]INFO|Labeler|Current best training: {'Type': 'RandomSearch', 'n_epochs': 16, 'log_freq': 181, 'l2': 0.2, 'lr': 0.003, 'optimizer': 'adam', 'accuracy': 0.5303030303030303, 'PrecisionMicro': 0.5303030303030303, 'PrecisionMacro': 0.43071780436312457, 'F1Micro': 0.5303030303030303, 'F1Macro': 0.41180248774260225, 'MCC': 0.4201133217529033, 'Coverage': 1.0, 'k-fold': 6, 'trainingset': 5, 'model': 'd:/University/HDM/Master/Repository/ml-classification-repo/models\\label\\model_tuning_de\\random_search_TOPIC\\model_04949_n_epochs_16_log_freq_181_l2_0.2_lr_0.003_optimizer_adam_2023-03-02\\label_model.pkl'}
[2023-03-02 11:47:13,565]INFO|Labeler|Training of 9-Fold Cross-Validation with Trainingsplit 2 started.
[2023-03-02 12:10:04,030]INFO|Labeler|Training set coverage of 9-Fold Cross Validation with Trainingset 2:  100.0%
[2023-03-02 12:10:04,057]INFO|Labeler|Validate metrics of 9-fold Cross Validation with Trainingset 2
[2023-03-02 12:10:04,101]INFO|Labeler|Training and Evaluation of best Model with 9-fold Cross Validation with Trainingset 2
[2023-03-02 12:13:41,233]INFO|Labeler|9-Fold Cross-Validation with Trainingsplit 2 were trained.
[2023-03-02 12:13:41,237]INFO|Labeler|Current best training: {'Type': 'GridSearch', 'n_epochs': 10, 'log_freq': 30, 'l2': 0.2, 'lr': 0.001, 'optimizer': 'adam', 'accuracy': 0.5303030303030303, 'PrecisionMicro': 0.5303030303030303, 'PrecisionMacro': 0.43071780436312457, 'F1Micro': 0.5303030303030303, 'F1Macro': 0.41180248774260225, 'MCC': 0.4201133217529033, 'Coverage': 1.0, 'k-fold': 6, 'trainingset': 5, 'model': 'd:/University/HDM/Master/Repository/ml-classification-repo/models\\label\\model_tuning_de\\grid_search_TOPIC\\model_22847_n_epochs_10_log_freq_30_l2_0.2_lr_0.001_optimizer_adam_2023-03-02\\label_model.pkl'}
[2023-03-02 12:13:41,238]INFO|Labeler|Training of 9-Fold Cross-Validation with Trainingsplit 3 started.
[2023-03-02 12:40:43,905]INFO|Labeler|Training set coverage of 9-Fold Cross Validation with Trainingset 3:  100.0%
[2023-03-02 12:40:43,934]INFO|Labeler|Validate metrics of 9-fold Cross Validation with Trainingset 3
[2023-03-02 12:40:43,953]INFO|Labeler|Training and Evaluation of best Model with 9-fold Cross Validation with Trainingset 3
[2023-03-02 12:44:14,553]INFO|Labeler|9-Fold Cross-Validation with Trainingsplit 3 were trained.
[2023-03-02 12:44:14,557]INFO|Labeler|Current best training: {'Type': 'RandomSearch', 'n_epochs': 16, 'log_freq': 181, 'l2': 0.2, 'lr': 0.003, 'optimizer': 'adam', 'accuracy': 0.5303030303030303, 'PrecisionMicro': 0.5303030303030303, 'PrecisionMacro': 0.43071780436312457, 'F1Micro': 0.5303030303030303, 'F1Macro': 0.41180248774260225, 'MCC': 0.4201133217529033, 'Coverage': 1.0, 'k-fold': 6, 'trainingset': 5, 'model': 'd:/University/HDM/Master/Repository/ml-classification-repo/models\\label\\model_tuning_de\\random_search_TOPIC\\model_04949_n_epochs_16_log_freq_181_l2_0.2_lr_0.003_optimizer_adam_2023-03-02\\label_model.pkl'}
[2023-03-02 12:44:14,558]INFO|Labeler|Training of 9-Fold Cross-Validation with Trainingsplit 4 started.
[2023-03-02 13:06:23,168]INFO|Labeler|Training set coverage of 9-Fold Cross Validation with Trainingset 4:  100.0%
[2023-03-02 13:06:23,193]INFO|Labeler|Validate metrics of 9-fold Cross Validation with Trainingset 4
[2023-03-02 13:06:23,209]INFO|Labeler|Training and Evaluation of best Model with 9-fold Cross Validation with Trainingset 4
[2023-03-02 13:08:57,843]INFO|Labeler|9-Fold Cross-Validation with Trainingsplit 4 were trained.
[2023-03-02 13:08:57,848]INFO|Labeler|Current best training: {'Type': 'RandomSearch', 'n_epochs': 16, 'log_freq': 181, 'l2': 0.2, 'lr': 0.003, 'optimizer': 'adam', 'accuracy': 0.5303030303030303, 'PrecisionMicro': 0.5303030303030303, 'PrecisionMacro': 0.43071780436312457, 'F1Micro': 0.5303030303030303, 'F1Macro': 0.41180248774260225, 'MCC': 0.4201133217529033, 'Coverage': 1.0, 'k-fold': 6, 'trainingset': 5, 'model': 'd:/University/HDM/Master/Repository/ml-classification-repo/models\\label\\model_tuning_de\\random_search_TOPIC\\model_04949_n_epochs_16_log_freq_181_l2_0.2_lr_0.003_optimizer_adam_2023-03-02\\label_model.pkl'}
[2023-03-02 13:08:57,849]INFO|Labeler|Training of 9-Fold Cross-Validation with Trainingsplit 5 started.
[2023-03-02 13:30:43,996]INFO|Labeler|Training set coverage of 9-Fold Cross Validation with Trainingset 5:  100.0%
[2023-03-02 13:30:44,020]INFO|Labeler|Validate metrics of 9-fold Cross Validation with Trainingset 5
[2023-03-02 13:30:44,036]INFO|Labeler|Training and Evaluation of best Model with 9-fold Cross Validation with Trainingset 5
[2023-03-02 13:33:17,213]INFO|Labeler|9-Fold Cross-Validation with Trainingsplit 5 were trained.
[2023-03-02 13:33:17,219]INFO|Labeler|Current best training: {'Type': 'BayesSearch', 'n_epochs': 47, 'log_freq': 83, 'l2': 0.16182618484875644, 'lr': 0.003035065442442189, 'optimizer': 'adam', 'accuracy': 0.5303030303030303, 'PrecisionMicro': 0.5303030303030303, 'PrecisionMacro': 0.47299088432093356, 'F1Micro': 0.5303030303030303, 'F1Macro': 0.41920618841764207, 'MCC': 0.438799936227008, 'Coverage': 1.0, 'k-fold': 6, 'trainingset': 5, 'model': 'd:/University/HDM/Master/Repository/ml-classification-repo/models\\label\\model_tuning_de\\bayes_search_TOPIC\\model_82114_n_epochs_47_log_freq_83_l2_0.16182618484875644_lr_0.003035065442442189_optimizer_adam_2023-03-02\\label_model.pkl'}
[2023-03-02 13:33:17,220]INFO|Labeler|Training of 9-Fold Cross-Validation with Trainingsplit 6 started.
[2023-03-02 13:54:55,599]INFO|Labeler|Training set coverage of 9-Fold Cross Validation with Trainingset 6:  100.0%
[2023-03-02 13:54:55,623]INFO|Labeler|Validate metrics of 9-fold Cross Validation with Trainingset 6
[2023-03-02 13:54:55,638]INFO|Labeler|Training and Evaluation of best Model with 9-fold Cross Validation with Trainingset 6
[2023-03-02 13:57:33,061]INFO|Labeler|9-Fold Cross-Validation with Trainingsplit 6 were trained.
[2023-03-02 13:57:33,065]INFO|Labeler|Current best training: {'Type': 'RandomSearch', 'n_epochs': 16, 'log_freq': 181, 'l2': 0.2, 'lr': 0.003, 'optimizer': 'adam', 'accuracy': 0.5303030303030303, 'PrecisionMicro': 0.5303030303030303, 'PrecisionMacro': 0.43071780436312457, 'F1Micro': 0.5303030303030303, 'F1Macro': 0.41180248774260225, 'MCC': 0.4201133217529033, 'Coverage': 1.0, 'k-fold': 6, 'trainingset': 5, 'model': 'd:/University/HDM/Master/Repository/ml-classification-repo/models\\label\\model_tuning_de\\random_search_TOPIC\\model_04949_n_epochs_16_log_freq_181_l2_0.2_lr_0.003_optimizer_adam_2023-03-02\\label_model.pkl'}
[2023-03-02 13:57:33,067]INFO|Labeler|Training of 9-Fold Cross-Validation with Trainingsplit 7 started.
[2023-03-02 14:19:08,131]INFO|Labeler|Training set coverage of 9-Fold Cross Validation with Trainingset 7:  100.0%
[2023-03-02 14:19:08,155]INFO|Labeler|Validate metrics of 9-fold Cross Validation with Trainingset 7
[2023-03-02 14:19:08,170]INFO|Labeler|Training and Evaluation of best Model with 9-fold Cross Validation with Trainingset 7
[2023-03-02 14:21:46,005]INFO|Labeler|9-Fold Cross-Validation with Trainingsplit 7 were trained.
[2023-03-02 14:21:46,009]INFO|Labeler|Current best training: {'Type': 'BayesSearch', 'n_epochs': 47, 'log_freq': 83, 'l2': 0.16182618484875644, 'lr': 0.003035065442442189, 'optimizer': 'adam', 'accuracy': 0.5555555555555556, 'PrecisionMicro': 0.5555555555555556, 'PrecisionMacro': 0.5546683046683046, 'F1Micro': 0.5555555555555556, 'F1Macro': 0.4519151133319282, 'MCC': 0.48010850597667026, 'Coverage': 1.0, 'k-fold': 9, 'trainingset': 7, 'model': 'd:/University/HDM/Master/Repository/ml-classification-repo/models\\label\\model_tuning_de\\bayes_search_TOPIC\\model_41293_n_epochs_47_log_freq_83_l2_0.16182618484875644_lr_0.003035065442442189_optimizer_adam_2023-03-02\\label_model.pkl'}
[2023-03-02 14:21:46,010]INFO|Labeler|Training of 9-Fold Cross-Validation with Trainingsplit 8 started.
[2023-03-02 14:43:25,208]INFO|Labeler|Training set coverage of 9-Fold Cross Validation with Trainingset 8:  100.0%
[2023-03-02 14:43:25,230]INFO|Labeler|Validate metrics of 9-fold Cross Validation with Trainingset 8
[2023-03-02 14:43:25,245]INFO|Labeler|Training and Evaluation of best Model with 9-fold Cross Validation with Trainingset 8
[2023-03-02 14:45:55,195]INFO|Labeler|9-Fold Cross-Validation with Trainingsplit 8 were trained.
[2023-03-02 14:45:55,200]INFO|Labeler|Current best training: {'Type': 'BayesSearch', 'n_epochs': 47, 'log_freq': 83, 'l2': 0.16182618484875644, 'lr': 0.003035065442442189, 'optimizer': 'adam', 'accuracy': 0.5555555555555556, 'PrecisionMicro': 0.5555555555555556, 'PrecisionMacro': 0.5546683046683046, 'F1Micro': 0.5555555555555556, 'F1Macro': 0.4519151133319282, 'MCC': 0.48010850597667026, 'Coverage': 1.0, 'k-fold': 9, 'trainingset': 7, 'model': 'd:/University/HDM/Master/Repository/ml-classification-repo/models\\label\\model_tuning_de\\bayes_search_TOPIC\\model_41293_n_epochs_47_log_freq_83_l2_0.16182618484875644_lr_0.003035065442442189_optimizer_adam_2023-03-02\\label_model.pkl'}
[2023-03-02 14:45:55,201]INFO|Labeler|Training of 9-Fold Cross-Validation with Trainingsplit 9 started.
[2023-03-02 15:07:35,352]INFO|Labeler|Training set coverage of 9-Fold Cross Validation with Trainingset 9:  100.0%
[2023-03-02 15:07:35,374]INFO|Labeler|Validate metrics of 9-fold Cross Validation with Trainingset 9
[2023-03-02 15:07:35,390]INFO|Labeler|Training and Evaluation of best Model with 9-fold Cross Validation with Trainingset 9
[2023-03-02 15:10:12,772]INFO|Labeler|9-Fold Cross-Validation with Trainingsplit 9 were trained.
[2023-03-02 15:10:12,776]INFO|Labeler|Current best training: {'Type': 'GridSearch', 'n_epochs': 30, 'log_freq': 30, 'l2': 0.1, 'lr': 1e-05, 'optimizer': 'adamax', 'accuracy': 0.5555555555555556, 'PrecisionMicro': 0.5555555555555556, 'PrecisionMacro': 0.44034863945578234, 'F1Micro': 0.5555555555555556, 'F1Macro': 0.4382945485886663, 'MCC': 0.45345658951739687, 'Coverage': 1.0, 'k-fold': 9, 'trainingset': 7, 'model': 'd:/University/HDM/Master/Repository/ml-classification-repo/models\\label\\model_tuning_de\\grid_search_TOPIC\\model_72987_n_epochs_30_log_freq_30_l2_0.1_lr_1e-05_optimizer_adamax_2023-03-02\\label_model.pkl'}
[2023-03-02 15:10:12,785]INFO|Labeler|Best Model with 9-fold Cross Validation identified. 
 Maximum reached accuracy: 0.5555555555555556. 
 Path: d:/University/HDM/Master/Repository/ml-classification-repo/models\label\model_tuning_de\grid_search_TOPIC\model_72987_n_epochs_30_log_freq_30_l2_0.1_lr_1e-05_optimizer_adamax_2023-03-02\label_model.pkl
[2023-03-02 15:10:44,589]INFO|Labeler|Accuracy on Validation set: 0.4641350210970464
[2023-03-02 15:10:44,590]INFO|Labeler|Model accuracy: 0.4641350210970464. No existing Model. Model will be saved.
[2023-03-02 15:10:44,642]INFO|Labeler|Model saved!
[2023-03-02 15:10:44,643]INFO|Labeler|Language:de. Applying trained model with best parameters on whole data set.
[2023-03-02 15:54:26,649]INFO|Labeler|Shape of Dataset before: (34556, 8) and after: (33614, 8)
[2023-03-02 15:54:29,528]INFO|Labeler|Data with applied labels saved!
