[2023-03-07 11:18:44,380]INFO|Classification|Classification tuning started with Language de, Text-Column: TOPIC and Data source file: 'files_classify\labeled_texts_de_TOPIC.feather'.
[2023-03-08 00:31:20,102]INFO|Classification|[Random Search]Best Model with Accuracy: 0.3333333333333333 and Configuration:{'lr': 0.007225056493619649, 'batch_size': 12, 'epoch': 1, 'lang': 'de', 'col': 'TOPIC', 'len_train_dl': 20168} reached. Checkpoint: Checkpoint(local_path=D:\University\HDM\Master\Repository\ml-classification-repo\models\classification\pytorch_tuning_de\random_search_de\train_model_71881_00001_1_batch_size=12,epoch=1,lr=0.0072_2023-03-07_13-28-19\checkpoint_000000)
[2023-03-08 22:36:24,396]INFO|Classification|[BOHB]Best Model with Accuracy: 0.3333333333333333 and Configuration:{'lr': 0.0002336209872654186, 'batch_size': 6, 'epoch': 10, 'lang': 'de', 'col': 'TOPIC', 'len_train_dl': 20168} reached. Checkpoint: Checkpoint(local_path=D:\University\HDM\Master\Repository\ml-classification-repo\models\classification\pytorch_tuning_de\bohb_search_de\train_model_3f9736ab_5_batch_size=6,col=TOPIC,epoch=10,lang=de,len_train_dl=20168,lr=0.0002_2023-03-08_18-56-29\checkpoint_000002)
[2023-03-09 18:42:02,112]INFO|Classification|[Hyperband]Best Model with Accuracy:0.6666666666666666 and Configuration:{'lr': 0.006957485980771936, 'batch_size': 6, 'epoch': 5, 'lang': 'de', 'col': 'TOPIC', 'len_train_dl': 20168} reached. Checkpoint: Checkpoint(local_path=D:\University\HDM\Master\Repository\ml-classification-repo\models\classification\pytorch_tuning_de\hyperband_de\train_model_47360_00003_3_batch_size=6,epoch=5,lr=0.0070_2023-03-09_11-21-37\checkpoint_000002)
[2023-03-09 18:42:02,113]INFO|Classification|Current best model will be validated and saved (if better than existing model).
[2023-03-09 18:42:02,166]INFO|Classification|[Model trained_model_de_TOPIC_00.pth] Best Model with Accuracy:0.6666666666666666 and Configuration: batch_size = 6, lr = 0.006957485980771936, epoch = 5.
[2023-03-09 18:43:37,959]INFO|Classification|[Model trained_model_de_TOPIC_00.pth]Accuracy on validation set:0.0031236055332440876. Saved to d:/University/HDM/Master/Repository/ml-classification-repo/models\classification\trained_model_de_TOPIC_0.pth
[2023-03-23 06:59:57,222]INFO|Classification|################################################### Language: de, Text-type: TOPIC, Labeled data: files\04_classify\Experiment1\labeled_texts_de_TOPIC.feather ####################################################
[2023-03-23 18:24:09,176]INFO|Classification|[Hyperband]Best Model with Accuracy: 0.5 and Configuration:{'lr': 0.000635561165757347, 'batch_size': 2, 'epoch': 3} reached. Checkpoint: Checkpoint(local_path=D:\University\HDM\Master\Repository\ml-classification-repo\models\classification\pytorch_tuning_de\hyperband_de\_train_model_f0792_00001_1_batch_size=2,epoch=3,lr=0.0006_2023-03-23_08-58-28\checkpoint_000002)
[2023-03-23 18:24:09,207]INFO|Classification|[Model trained_model_de_TOPIC_0.pth] Best Model with Accuracy:0.5, HPO Hyperband and Configuration: batch_size = 2, lr = 0.000635561165757347, epoch = 3.
[2023-03-23 18:25:30,483]INFO|Classification|[Model trained_model_de_TOPIC_0.pth]Accuracy on validation set:0.14889306902040225. Saved to d:/University/HDM/Master/Repository/ml-classification-repo/models\classification\trained_model_de_TOPIC_0.pth
[2023-03-24 13:22:53,637]INFO|Classification|################################################### Language: de, Text-type: TOPIC, Labeled data: files\04_classify\Experiment1\labeled_texts_de_TOPIC.feather ####################################################
[2023-03-24 15:45:28,057]INFO|Classification|[BOHB]Best Model with Accuracy: 0.25 and Configuration:{'lr': 0.017183989321967724, 'batch_size': 15, 'epoch': 3} reached. Checkpoint: Checkpoint(local_path=D:\University\HDM\Master\Repository\ml-classification-repo\models\classification\pytorch_tuning_de\bohb_search_de\_train_model_a3cbc7be_3_batch_size=15,epoch=3,lr=0.0172_2023-03-24_14-41-28\checkpoint_000001)
[2023-03-24 15:45:28,087]INFO|Classification|[Model trained_model_de_TOPIC_1.pth] Best Model with Accuracy:0.25, HPO BOHB and Configuration: batch_size = 15, lr = 0.017183989321967724, epoch = 3.
[2023-03-24 15:46:58,445]INFO|Classification|[Model trained_model_de_TOPIC_1.pth]Accuracy on validation set:0.13080596151063523. Saved to d:/University/HDM/Master/Repository/ml-classification-repo/models\classification\trained_model_de_TOPIC_1.pth
[2023-03-24 15:48:04,594]INFO|Classification|################################################### Language: de, Text-type: TOPIC, Labeled data: files\04_classify\Experiment1\labeled_texts_de_TOPIC.feather ####################################################
[2023-03-24 15:49:45,202]INFO|Classification|[HPO]RuntimeError occurred:No best trial found for the given metric: accuracy. This means that no trial has reported this metric, or all values reported for this metric are NaN. To not ignore NaN values, you can set the `filter_nan_and_inf` arg to False.
[2023-03-24 15:50:23,507]INFO|Classification|################################################### Language: de, Text-type: TOPIC, Labeled data: files\04_classify\Experiment1\labeled_texts_de_TOPIC.feather ####################################################
[2023-03-24 15:50:25,847]INFO|Classification|[HPO]KeyboardInterrupt.
[2023-03-24 15:51:20,682]INFO|Classification|################################################### Language: de, Text-type: TOPIC, Labeled data: files\04_classify\Experiment1\labeled_texts_de_TOPIC.feather ####################################################
[2023-03-24 18:27:05,405]INFO|Classification|[BOHB]Best Model with Accuracy: 0.3333333333333333 and Configuration:{'lr': 0.03545113308624581, 'batch_size': 13, 'epoch': 5} reached. Checkpoint: Checkpoint(local_path=D:\University\HDM\Master\Repository\ml-classification-repo\models\classification\pytorch_tuning_de\bohb_search_de\_train_model_31ab0f89_2_batch_size=13,epoch=5,lr=0.0355_2023-03-24_16-04-14\checkpoint_000000)
[2023-03-24 18:27:05,433]INFO|Classification|[Model trained_model_de_TOPIC_2.pth] Best Model with Accuracy:0.3333333333333333, HPO BOHB and Configuration: batch_size = 13, lr = 0.03545113308624581, epoch = 5.
[2023-03-24 18:28:39,595]INFO|Classification|[Model trained_model_de_TOPIC_2.pth]Accuracy on validation set:0.13080596151063523. Saved to d:/University/HDM/Master/Repository/ml-classification-repo/models\classification\trained_model_de_TOPIC_2.pth
[2023-03-25 07:19:46,204]INFO|Classification|################################################### Language: de, Text-type: TOPIC, Labeled data: files\04_classify\Experiment1\labeled_texts_de_TOPIC.feather ####################################################
[2023-03-25 09:14:50,446]INFO|Classification|[Hyperband]Best Model with Accuracy: 0.16666666666666666 and Configuration:{'lr': 0.01715532964552434, 'batch_size': 15, 'epoch': 5} reached. Checkpoint: Checkpoint(local_path=D:\University\HDM\Master\Repository\ml-classification-repo\models\classification\pytorch_tuning_de\hyperband_de\_train_model_0a10c_00000_0_batch_size=15,epoch=5,lr=0.0172_2023-03-25_07-19-46\checkpoint_000001)
[2023-03-25 09:14:50,473]INFO|Classification|[Model trained_model_de_TOPIC_3.pth] Best Model with Accuracy:0.16666666666666666, HPO Hyperband and Configuration: batch_size = 15, lr = 0.01715532964552434, epoch = 5.
[2023-03-25 09:16:20,931]INFO|Classification|[Model trained_model_de_TOPIC_3.pth]Accuracy on validation set:0.0014469686007813631. Saved to d:/University/HDM/Master/Repository/ml-classification-repo/models\classification\trained_model_de_TOPIC_3.pth
[2023-03-26 12:36:32,855]INFO|Classification|################################################### Language: de, Text-type: TOPIC, Labeled data: files\04_classify\Experiment1\labeled_texts_de_TOPIC.feather ####################################################
[2023-03-26 14:59:02,695]INFO|Classification|[BOHB]Best Model with Accuracy: 0.4444444444444444 and Configuration:{'lr': 0.020493212158057987, 'batch_size': 13, 'epoch': 5} reached. Checkpoint: Checkpoint(local_path=D:\University\HDM\Master\Repository\ml-classification-repo\models\classification\pytorch_tuning_de\bohb_search_de\_train_model_91aa534f_2_batch_size=13,epoch=5,lr=0.0205_2023-03-26_13-25-50\checkpoint_000001)
[2023-03-26 14:59:02,742]INFO|Classification|[Model trained_model_de_TOPIC_4.pth] Best Model with Accuracy:0.4444444444444444, HPO BOHB and Configuration: batch_size = 13, lr = 0.020493212158057987, epoch = 5.
[2023-03-26 14:59:45,366]INFO|Classification|[Model trained_model_de_TOPIC_4.pth]Accuracy on validation set:0.048762841846331936. Saved to d:/University/HDM/Master/Repository/ml-classification-repo/models\classification\trained_model_de_TOPIC_4.pth
[2023-03-26 15:04:46,501]INFO|Classification|################################################### Language: de, Text-type: TOPIC, Labeled data: files\04_classify\Experiment1\labeled_texts_de_TOPIC.feather ####################################################
[2023-03-26 15:35:00,374]INFO|Classification|[Hyperband]Best Model with Accuracy: 0.08333333333333333 and Configuration:{'lr': 0.05746606704218992, 'batch_size': 15, 'epoch': 10} reached. Checkpoint: Checkpoint(local_path=D:\University\HDM\Master\Repository\ml-classification-repo\models\classification\pytorch_tuning_de\hyperband_de\_train_model_c881b_00001_1_batch_size=15,epoch=10,lr=0.0575_2023-03-26_15-06-20\checkpoint_000000)
[2023-03-26 15:35:00,396]INFO|Classification|[Model trained_model_de_TOPIC_5.pth] Best Model with Accuracy:0.08333333333333333, HPO Hyperband and Configuration: batch_size = 15, lr = 0.05746606704218992, epoch = 10.
[2023-03-26 15:35:40,574]INFO|Classification|[Model trained_model_de_TOPIC_5.pth]Accuracy on validation set:0.5609897265229344. Saved to d:/University/HDM/Master/Repository/ml-classification-repo/models\classification\trained_model_de_TOPIC_5.pth
[2023-03-26 15:36:41,083]INFO|Classification|################################################### Language: de, Text-type: TOPIC, Labeled data: files\04_classify\Experiment1\labeled_texts_de_TOPIC.feather ####################################################
[2023-03-26 16:52:14,565]INFO|Classification|[BOHB]Best Model with Accuracy: 0.3333333333333333 and Configuration:{'lr': 0.0030420541693217855, 'batch_size': 15, 'epoch': 5} reached. Checkpoint: Checkpoint(local_path=D:\University\HDM\Master\Repository\ml-classification-repo\models\classification\pytorch_tuning_de\bohb_search_de\_train_model_682707bf_4_batch_size=15,epoch=5,lr=0.0030_2023-03-26_16-30-33\checkpoint_000000)
[2023-03-26 16:52:14,594]INFO|Classification|[Model trained_model_de_TOPIC_6.pth] Best Model with Accuracy:0.3333333333333333, HPO BOHB and Configuration: batch_size = 15, lr = 0.0030420541693217855, epoch = 5.
[2023-03-26 16:52:55,659]INFO|Classification|[Model trained_model_de_TOPIC_6.pth]Accuracy on validation set:0.048762841846331936. Saved to d:/University/HDM/Master/Repository/ml-classification-repo/models\classification\trained_model_de_TOPIC_6.pth
[2023-03-26 16:54:29,539]INFO|Classification|################################################### Language: de, Text-type: TOPIC, Labeled data: files\04_classify\Experiment1\labeled_texts_de_TOPIC.feather ####################################################
[2023-03-26 18:05:17,779]INFO|Classification|[Hyperband]Best Model with Accuracy: 0.6666666666666666 and Configuration:{'lr': 0.00023264938177334813, 'batch_size': 15, 'epoch': 5} reached. Checkpoint: Checkpoint(local_path=D:\University\HDM\Master\Repository\ml-classification-repo\models\classification\pytorch_tuning_de\hyperband_de\_train_model_1c4d8_00002_2_batch_size=15,epoch=5,lr=0.0002_2023-03-26_17-18-56\checkpoint_000000)
[2023-03-26 18:05:17,844]INFO|Classification|[Model trained_model_de_TOPIC_7.pth] Best Model with Accuracy:0.6666666666666666, HPO Hyperband and Configuration: batch_size = 15, lr = 0.00023264938177334813, epoch = 5.
[2023-03-26 18:05:58,793]INFO|Classification|[Model trained_model_de_TOPIC_7.pth]Accuracy on validation set:0.5634495731442628. Saved to d:/University/HDM/Master/Repository/ml-classification-repo/models\classification\trained_model_de_TOPIC_7.pth
Best trained model: ml-classification-repo\models\classification\Experiment1\pytorch_tuning_de\hyperband_de\_train_model_1c4d8_00002_2_batch_size=15,epoch=5,lr=0.0002_2023-03-26_17-18-56\checkpoint_000000